==============================================================
Vitis HLS - High-Level Synthesis from C, C++ and OpenCL v2020.2 (64-bit)
Copyright 1986-2020 Xilinx, Inc. All Rights Reserved.
==============================================================
INFO: [SYN 201-201] Setting up clock 'default' with a period of 10ns.
INFO: [HLS 200-10] Setting target device to 'xczu7ev-ffvc1156-2-e'
INFO: [HLS 200-1505] Using flow_target 'vivado'
INFO: [HLS 200-1510] Running: set_part xczu7ev-ffvc1156-2-e 
INFO: [HLS 200-1510] Running: create_clock -period 10 -name default 
INFO: [SYN 201-201] Setting up clock 'default' with a period of 10ns.
INFO: [HLS 200-1510] Running: csynth_design 
INFO: [HLS 200-111] Finished File checks and directory preparation: CPU user time: 0 seconds. CPU system time: 0 seconds. Elapsed time: 0.01 seconds; current allocated memory: 191.818 MB.
INFO: [HLS 200-10] Analyzing design file 'source/conv_acc4t.cpp' ... 
WARNING: [HLS 207-989] '__MAIN_H__' is used as a header guard here, followed by #define of a different macro: source/main.h:1:9
INFO: [HLS 207-923] '__MAIN_H_' is defined here; did you mean '__MAIN_H__'?: source/main.h:2:9
WARNING: [HLS 207-1017] unknown pragma ignored: source/conv_acc4t.cpp:104:9
INFO: [HLS 200-10] Analyzing design file 'source/conv_acc3t.cpp' ... 
WARNING: [HLS 207-989] '__MAIN_H__' is used as a header guard here, followed by #define of a different macro: source/main.h:1:9
INFO: [HLS 207-923] '__MAIN_H_' is defined here; did you mean '__MAIN_H__'?: source/main.h:2:9
WARNING: [HLS 207-5524] Ignore interface attribute or pragma which is not used in top function: source/conv_acc3t.cpp:149:9
WARNING: [HLS 207-5524] Ignore interface attribute or pragma which is not used in top function: source/conv_acc3t.cpp:149:9
WARNING: [HLS 207-5524] Ignore interface attribute or pragma which is not used in top function: source/conv_acc3t.cpp:150:9
WARNING: [HLS 207-5524] Ignore interface attribute or pragma which is not used in top function: source/conv_acc3t.cpp:150:9
WARNING: [HLS 207-5524] Ignore interface attribute or pragma which is not used in top function: source/conv_acc3t.cpp:151:9
WARNING: [HLS 207-5524] Ignore interface attribute or pragma which is not used in top function: source/conv_acc3t.cpp:151:9
INFO: [HLS 200-10] Analyzing design file 'source/conv_acc2t.cpp' ... 
WARNING: [HLS 207-989] '__MAIN_H__' is used as a header guard here, followed by #define of a different macro: source/main.h:1:9
INFO: [HLS 207-923] '__MAIN_H_' is defined here; did you mean '__MAIN_H__'?: source/main.h:2:9
WARNING: [HLS 207-5524] Ignore interface attribute or pragma which is not used in top function: source/conv_acc2t.cpp:27:9
WARNING: [HLS 207-5524] Ignore interface attribute or pragma which is not used in top function: source/conv_acc2t.cpp:27:9
WARNING: [HLS 207-5524] Ignore interface attribute or pragma which is not used in top function: source/conv_acc2t.cpp:28:9
WARNING: [HLS 207-5524] Ignore interface attribute or pragma which is not used in top function: source/conv_acc2t.cpp:28:9
WARNING: [HLS 207-5524] Ignore interface attribute or pragma which is not used in top function: source/conv_acc2t.cpp:29:9
WARNING: [HLS 207-5524] Ignore interface attribute or pragma which is not used in top function: source/conv_acc2t.cpp:29:9
INFO: [HLS 200-10] Analyzing design file 'source/conv_acc1t.cpp' ... 
WARNING: [HLS 207-989] '__MAIN_H__' is used as a header guard here, followed by #define of a different macro: source/main.h:1:9
INFO: [HLS 207-923] '__MAIN_H_' is defined here; did you mean '__MAIN_H__'?: source/main.h:2:9
INFO: [HLS 200-111] Finished Source Code Analysis and Preprocessing: CPU user time: 0.88 seconds. CPU system time: 0.54 seconds. Elapsed time: 1.61 seconds; current allocated memory: 193.474 MB.
INFO: [HLS 200-777] Using interface defaults for 'Vivado' flow target.
INFO: [HLS 214-178] Inlining function 'load_in(float*, float (*) [16][16])' into 'process(float*, float*, float (*) [16][16], float (*) [4][3][3], float (*) [14][14])' (source/conv_acc4t.cpp:103:0)
INFO: [HLS 214-178] Inlining function 'load_w(float*, float (*) [4][3][3])' into 'process(float*, float*, float (*) [16][16], float (*) [4][3][3], float (*) [14][14])' (source/conv_acc4t.cpp:103:0)
INFO: [HLS 214-178] Inlining function 'process(float*, float*, float (*) [16][16], float (*) [4][3][3], float (*) [14][14])' into 'conv_acc4t(float*, float*, float*)' (source/conv_acc4t.cpp:111:0)
INFO: [HLS 214-178] Inlining function 'offload_out(float*, float (*) [14][14])' into 'conv_acc4t(float*, float*, float*)' (source/conv_acc4t.cpp:111:0)
WARNING: [HLS 214-167] The program may have out of bound array access (source/conv_acc4t.cpp:46:49)
WARNING: [HLS 214-205] The INTERFACE pragma must have a max_widen_bitwidth setting that is both a power of 2 and in the range [0, 1024]. The current value of '0' will be ignored, in 'conv_acc4t(float*, float*, float*)' (source/conv_acc4t.cpp:111:0)
WARNING: [HLS 214-205] The INTERFACE pragma must have a max_widen_bitwidth setting that is both a power of 2 and in the range [0, 1024]. The current value of '0' will be ignored, in 'conv_acc4t(float*, float*, float*)' (source/conv_acc4t.cpp:111:0)
WARNING: [HLS 214-205] The INTERFACE pragma must have a max_widen_bitwidth setting that is both a power of 2 and in the range [0, 1024]. The current value of '0' will be ignored, in 'conv_acc4t(float*, float*, float*)' (source/conv_acc4t.cpp:111:0)
INFO: [HLS 214-115] Multiple burst reads of length 1024 and bit width 32 in loop 'INDATA_LOAD'(source/conv_acc4t.cpp:24:5) has been inferred on port 'In_ddr' (source/conv_acc4t.cpp:24:5)
INFO: [HLS 214-115] Multiple burst reads of length 256 and bit width 32 in loop 'WDATA_LOAD'(source/conv_acc4t.cpp:38:5) has been inferred on port 'W_ddr' (source/conv_acc4t.cpp:38:5)
INFO: [HLS 214-115] Multiple burst writes of length 784 and bit width 32 in loop 'OUTDATA_WRITE'(source/conv_acc4t.cpp:55:5) has been inferred on port 'Out_ddr' (source/conv_acc4t.cpp:55:5)
INFO: [HLS 200-111] Finished Compiling Optimization and Transform: CPU user time: 5.24 seconds. CPU system time: 0.4 seconds. Elapsed time: 5.85 seconds; current allocated memory: 195.741 MB.
INFO: [HLS 200-111] Finished Checking Pragmas: CPU user time: 0 seconds. CPU system time: 0 seconds. Elapsed time: 0 seconds; current allocated memory: 195.742 MB.
INFO: [HLS 200-10] Starting code transformations ...
INFO: [HLS 200-111] Finished Standard Transforms: CPU user time: 0.09 seconds. CPU system time: 0 seconds. Elapsed time: 0.09 seconds; current allocated memory: 197.165 MB.
INFO: [HLS 200-10] Checking synthesizability ...
INFO: [HLS 200-111] Finished Checking Synthesizability: CPU user time: 0.1 seconds. CPU system time: 0 seconds. Elapsed time: 0.1 seconds; current allocated memory: 196.426 MB.
INFO: [XFORM 203-510] Pipelining loop 'VITIS_LOOP_28_2' (source/conv_acc4t.cpp:28) in function 'conv_acc4t' automatically.
INFO: [XFORM 203-510] Pipelining loop 'VITIS_LOOP_44_3' (source/conv_acc4t.cpp:44) in function 'conv_acc4t' automatically.
INFO: [XFORM 203-510] Pipelining loop 'VITIS_LOOP_59_2' (source/conv_acc4t.cpp:59) in function 'conv_acc4t' automatically.
INFO: [XFORM 203-502] Unrolling all sub-loops inside loop 'Output_row' (source/conv_acc4t.cpp:69) in function 'convolution' for pipelining.
INFO: [HLS 200-489] Unrolling loop 'Output_column' (source/conv_acc4t.cpp:73) in function 'convolution' completely with a factor of 14.
INFO: [HLS 200-489] Unrolling loop 'Kernel_row' (source/conv_acc4t.cpp:76) in function 'convolution' completely with a factor of 3.
INFO: [HLS 200-489] Unrolling loop 'Kernel_column' (source/conv_acc4t.cpp:79) in function 'convolution' completely with a factor of 3.
INFO: [HLS 200-489] Unrolling loop 'Output_channel' (source/conv_acc4t.cpp:82) in function 'convolution' completely with a factor of 4.
INFO: [HLS 200-489] Unrolling loop 'Input_channel' (source/conv_acc4t.cpp:86) in function 'convolution' completely with a factor of 4.
INFO: [XFORM 203-101] Partitioning array 'in'  in dimension 1 completely.
INFO: [XFORM 203-101] Partitioning array 'out'  in dimension 1 completely.
INFO: [XFORM 203-101] Partitioning array 'w' (source/conv_acc4t.cpp:123) in dimension 1 completely.
INFO: [XFORM 203-101] Partitioning array 'w' (source/conv_acc4t.cpp:123) in dimension 2 completely.
WARNING: [ANALYSIS 214-31] The program may have out of bound access of array variable 'w[0][0]' in function 'conv_acc4t' (source/conv_acc4t.cpp:46:21).
WARNING: [ANALYSIS 214-31] The program may have out of bound access of array variable 'w[0][0]' in function 'conv_acc4t' (source/conv_acc4t.cpp:46:21).
WARNING: [ANALYSIS 214-31] The program may have out of bound access of array variable 'w[0][1]' in function 'conv_acc4t' (source/conv_acc4t.cpp:46:21).
WARNING: [ANALYSIS 214-31] The program may have out of bound access of array variable 'w[0][1]' in function 'conv_acc4t' (source/conv_acc4t.cpp:46:21).
WARNING: [ANALYSIS 214-31] The program may have out of bound access of array variable 'w[0][2]' in function 'conv_acc4t' (source/conv_acc4t.cpp:46:21).
WARNING: [ANALYSIS 214-31] The program may have out of bound access of array variable 'w[0][2]' in function 'conv_acc4t' (source/conv_acc4t.cpp:46:21).
WARNING: [ANALYSIS 214-31] The program may have out of bound access of array variable 'w[0][3]' in function 'conv_acc4t' (source/conv_acc4t.cpp:46:21).
WARNING: [ANALYSIS 214-31] The program may have out of bound access of array variable 'w[0][3]' in function 'conv_acc4t' (source/conv_acc4t.cpp:46:21).
WARNING: [ANALYSIS 214-31] The program may have out of bound access of array variable 'w[1][0]' in function 'conv_acc4t' (source/conv_acc4t.cpp:46:21).
WARNING: [ANALYSIS 214-31] The program may have out of bound access of array variable 'w[1][0]' in function 'conv_acc4t' (source/conv_acc4t.cpp:46:21).
WARNING: [ANALYSIS 214-31] The program may have out of bound access of array variable 'w[1][1]' in function 'conv_acc4t' (source/conv_acc4t.cpp:46:21).
WARNING: [ANALYSIS 214-31] The program may have out of bound access of array variable 'w[1][1]' in function 'conv_acc4t' (source/conv_acc4t.cpp:46:21).
WARNING: [ANALYSIS 214-31] The program may have out of bound access of array variable 'w[1][2]' in function 'conv_acc4t' (source/conv_acc4t.cpp:46:21).
WARNING: [ANALYSIS 214-31] The program may have out of bound access of array variable 'w[1][2]' in function 'conv_acc4t' (source/conv_acc4t.cpp:46:21).
WARNING: [ANALYSIS 214-31] The program may have out of bound access of array variable 'w[1][3]' in function 'conv_acc4t' (source/conv_acc4t.cpp:46:21).
WARNING: [ANALYSIS 214-31] The program may have out of bound access of array variable 'w[1][3]' in function 'conv_acc4t' (source/conv_acc4t.cpp:46:21).
WARNING: [ANALYSIS 214-31] The program may have out of bound access of array variable 'w[2][0]' in function 'conv_acc4t' (source/conv_acc4t.cpp:46:21).
WARNING: [ANALYSIS 214-31] The program may have out of bound access of array variable 'w[2][0]' in function 'conv_acc4t' (source/conv_acc4t.cpp:46:21).
WARNING: [ANALYSIS 214-31] The program may have out of bound access of array variable 'w[2][1]' in function 'conv_acc4t' (source/conv_acc4t.cpp:46:21).
WARNING: [ANALYSIS 214-31] The program may have out of bound access of array variable 'w[2][1]' in function 'conv_acc4t' (source/conv_acc4t.cpp:46:21).
WARNING: [ANALYSIS 214-31] The program may have out of bound access of array variable 'w[2][2]' in function 'conv_acc4t' (source/conv_acc4t.cpp:46:21).
WARNING: [ANALYSIS 214-31] The program may have out of bound access of array variable 'w[2][2]' in function 'conv_acc4t' (source/conv_acc4t.cpp:46:21).
WARNING: [ANALYSIS 214-31] The program may have out of bound access of array variable 'w[2][3]' in function 'conv_acc4t' (source/conv_acc4t.cpp:46:21).
WARNING: [ANALYSIS 214-31] The program may have out of bound access of array variable 'w[2][3]' in function 'conv_acc4t' (source/conv_acc4t.cpp:46:21).
WARNING: [ANALYSIS 214-31] The program may have out of bound access of array variable 'w[3][0]' in function 'conv_acc4t' (source/conv_acc4t.cpp:46:21).
WARNING: [ANALYSIS 214-31] The program may have out of bound access of array variable 'w[3][0]' in function 'conv_acc4t' (source/conv_acc4t.cpp:46:21).
WARNING: [ANALYSIS 214-31] The program may have out of bound access of array variable 'w[3][1]' in function 'conv_acc4t' (source/conv_acc4t.cpp:46:21).
WARNING: [ANALYSIS 214-31] The program may have out of bound access of array variable 'w[3][1]' in function 'conv_acc4t' (source/conv_acc4t.cpp:46:21).
WARNING: [ANALYSIS 214-31] The program may have out of bound access of array variable 'w[3][2]' in function 'conv_acc4t' (source/conv_acc4t.cpp:46:21).
WARNING: [ANALYSIS 214-31] The program may have out of bound access of array variable 'w[3][2]' in function 'conv_acc4t' (source/conv_acc4t.cpp:46:21).
WARNING: [ANALYSIS 214-31] The program may have out of bound access of array variable 'w[3][3]' in function 'conv_acc4t' (source/conv_acc4t.cpp:46:21).
WARNING: [ANALYSIS 214-31] The program may have out of bound access of array variable 'w[3][3]' in function 'conv_acc4t' (source/conv_acc4t.cpp:46:21).
INFO: [HLS 200-111] Finished Loop, function and other optimizations: CPU user time: 5.05 seconds. CPU system time: 0.02 seconds. Elapsed time: 5.14 seconds; current allocated memory: 221.291 MB.
INFO: [XFORM 203-541] Flattening a loop nest 'VITIS_LOOP_26_1' (source/conv_acc4t.cpp:26:35) in function 'conv_acc4t'.
INFO: [XFORM 203-541] Flattening a loop nest 'INDATA_LOAD' (source/conv_acc4t.cpp:24:14) in function 'conv_acc4t'.
INFO: [XFORM 203-541] Flattening a loop nest 'VITIS_LOOP_42_2' (source/conv_acc4t.cpp:42:39) in function 'conv_acc4t'.
INFO: [XFORM 203-541] Flattening a loop nest 'VITIS_LOOP_40_1' (source/conv_acc4t.cpp:40:35) in function 'conv_acc4t'.
INFO: [XFORM 203-541] Flattening a loop nest 'WDATA_LOAD' (source/conv_acc4t.cpp:38:14) in function 'conv_acc4t'.
INFO: [XFORM 203-541] Flattening a loop nest 'VITIS_LOOP_57_1' (source/conv_acc4t.cpp:57:35) in function 'conv_acc4t'.
INFO: [XFORM 203-541] Flattening a loop nest 'OUTDATA_WRITE' (source/conv_acc4t.cpp:55:14) in function 'conv_acc4t'.
INFO: [HLS 200-472] Inferring partial write operation for 'out' (source/conv_acc4t.cpp:89:44)
INFO: [HLS 200-472] Inferring partial write operation for 'in.0' (source/conv_acc4t.cpp:30:39)
INFO: [HLS 200-472] Inferring partial write operation for 'w[0][0]' (source/conv_acc4t.cpp:46:49)
INFO: [HLS 200-111] Finished Architecture Synthesis: CPU user time: 1.18 seconds. CPU system time: 0.03 seconds. Elapsed time: 1.22 seconds; current allocated memory: 239.789 MB.
INFO: [HLS 200-10] Starting hardware synthesis ...
INFO: [HLS 200-10] Synthesizing 'conv_acc4t' ...
INFO: [HLS 200-10] ----------------------------------------------------------------
INFO: [HLS 200-42] -- Implementing module 'convolution' 
INFO: [HLS 200-10] ----------------------------------------------------------------
INFO: [SCHED 204-11] Starting scheduling ...
INFO: [SCHED 204-61] Pipelining loop 'Output_row'.
WARNING: [HLS 200-885] Unable to schedule 'load' operation ('in_0_load_2', source/conv_acc4t.cpp:89) on array 'in_0' due to limited memory ports. Please consider using a memory core with more ports or partitioning the array 'in_0'.
INFO: [HLS 200-1470] Pipelining result : Target II = 1, Final II = 24, Depth = 159, loop 'Output_row'
INFO: [SCHED 204-11] Finished scheduling.
INFO: [HLS 200-111] Finished Scheduling: CPU user time: 64.66 seconds. CPU system time: 0.18 seconds. Elapsed time: 64.87 seconds; current allocated memory: 266.551 MB.
INFO: [BIND 205-100] Starting micro-architecture generation ...
INFO: [BIND 205-101] Performing variable lifetime analysis.
INFO: [BIND 205-101] Exploring resource sharing.
INFO: [BIND 205-101] Binding ...
INFO: [BIND 205-100] Finished micro-architecture generation.
INFO: [HLS 200-111] Finished Binding: CPU user time: 23.34 seconds. CPU system time: 0.14 seconds. Elapsed time: 23.48 seconds; current allocated memory: 305.579 MB.
INFO: [HLS 200-10] ----------------------------------------------------------------
INFO: [HLS 200-42] -- Implementing module 'conv_acc4t' 
INFO: [HLS 200-10] ----------------------------------------------------------------
INFO: [SCHED 204-11] Starting scheduling ...
INFO: [SCHED 204-61] Pipelining loop 'INDATA_LOAD_VITIS_LOOP_26_1_VITIS_LOOP_28_2'.
INFO: [HLS 200-1470] Pipelining result : Target II = 1, Final II = 1, Depth = 3, loop 'INDATA_LOAD_VITIS_LOOP_26_1_VITIS_LOOP_28_2'
INFO: [SCHED 204-61] Pipelining loop 'WDATA_LOAD_VITIS_LOOP_42_2_VITIS_LOOP_44_3'.
INFO: [HLS 200-1470] Pipelining result : Target II = 1, Final II = 1, Depth = 3, loop 'WDATA_LOAD_VITIS_LOOP_42_2_VITIS_LOOP_44_3'
==============================================================
Vitis HLS - High-Level Synthesis from C, C++ and OpenCL v2020.2 (64-bit)
Copyright 1986-2020 Xilinx, Inc. All Rights Reserved.
==============================================================
INFO: [SYN 201-201] Setting up clock 'default' with a period of 10ns.
INFO: [HLS 200-10] Setting target device to 'xczu7ev-ffvc1156-2-e'
INFO: [HLS 200-1505] Using flow_target 'vivado'
INFO: [HLS 200-1510] Running: set_part xczu7ev-ffvc1156-2-e 
INFO: [HLS 200-1510] Running: create_clock -period 10 -name default 
INFO: [SYN 201-201] Setting up clock 'default' with a period of 10ns.
INFO: [HLS 200-1510] Running: csynth_design 
INFO: [HLS 200-111] Finished File checks and directory preparation: CPU user time: 0.01 seconds. CPU system time: 0.02 seconds. Elapsed time: 0.01 seconds; current allocated memory: 191.828 MB.
INFO: [HLS 200-10] Analyzing design file 'source/conv_acc4t.cpp' ... 
WARNING: [HLS 207-989] '__MAIN_H__' is used as a header guard here, followed by #define of a different macro: source/main.h:1:9
INFO: [HLS 207-923] '__MAIN_H_' is defined here; did you mean '__MAIN_H__'?: source/main.h:2:9
WARNING: [HLS 207-1017] unknown pragma ignored: source/conv_acc4t.cpp:104:9
WARNING: [HLS 207-5524] Ignore interface attribute or pragma which is not used in top function: source/conv_acc4t.cpp:112:9
WARNING: [HLS 207-5524] Ignore interface attribute or pragma which is not used in top function: source/conv_acc4t.cpp:112:9
WARNING: [HLS 207-5524] Ignore interface attribute or pragma which is not used in top function: source/conv_acc4t.cpp:113:9
WARNING: [HLS 207-5524] Ignore interface attribute or pragma which is not used in top function: source/conv_acc4t.cpp:113:9
WARNING: [HLS 207-5524] Ignore interface attribute or pragma which is not used in top function: source/conv_acc4t.cpp:114:9
WARNING: [HLS 207-5524] Ignore interface attribute or pragma which is not used in top function: source/conv_acc4t.cpp:114:9
INFO: [HLS 200-10] Analyzing design file 'source/conv_acc3t.cpp' ... 
WARNING: [HLS 207-989] '__MAIN_H__' is used as a header guard here, followed by #define of a different macro: source/main.h:1:9
INFO: [HLS 207-923] '__MAIN_H_' is defined here; did you mean '__MAIN_H__'?: source/main.h:2:9
INFO: [HLS 200-10] Analyzing design file 'source/conv_acc2t.cpp' ... 
WARNING: [HLS 207-989] '__MAIN_H__' is used as a header guard here, followed by #define of a different macro: source/main.h:1:9
INFO: [HLS 207-923] '__MAIN_H_' is defined here; did you mean '__MAIN_H__'?: source/main.h:2:9
WARNING: [HLS 207-5524] Ignore interface attribute or pragma which is not used in top function: source/conv_acc2t.cpp:27:9
WARNING: [HLS 207-5524] Ignore interface attribute or pragma which is not used in top function: source/conv_acc2t.cpp:27:9
WARNING: [HLS 207-5524] Ignore interface attribute or pragma which is not used in top function: source/conv_acc2t.cpp:28:9
WARNING: [HLS 207-5524] Ignore interface attribute or pragma which is not used in top function: source/conv_acc2t.cpp:28:9
WARNING: [HLS 207-5524] Ignore interface attribute or pragma which is not used in top function: source/conv_acc2t.cpp:29:9
WARNING: [HLS 207-5524] Ignore interface attribute or pragma which is not used in top function: source/conv_acc2t.cpp:29:9
INFO: [HLS 200-10] Analyzing design file 'source/conv_acc1t.cpp' ... 
WARNING: [HLS 207-989] '__MAIN_H__' is used as a header guard here, followed by #define of a different macro: source/main.h:1:9
INFO: [HLS 207-923] '__MAIN_H_' is defined here; did you mean '__MAIN_H__'?: source/main.h:2:9
INFO: [HLS 200-111] Finished Source Code Analysis and Preprocessing: CPU user time: 1.06 seconds. CPU system time: 0.79 seconds. Elapsed time: 1.82 seconds; current allocated memory: 193.475 MB.
INFO: [HLS 200-777] Using interface defaults for 'Vivado' flow target.
INFO: [HLS 214-178] Inlining function 'load_in(float*, float (*) [16][16], bool)' into 'process(float*, float*, float (*) [16][16], float (*) [16][16], float (*) [4][3][3], float (*) [4][3][3], float (*) [14][14], int, bool, bool)' (source/conv_acc3t.cpp:132:0)
INFO: [HLS 214-178] Inlining function 'load_w(float*, float (*) [4][3][3], bool)' into 'process(float*, float*, float (*) [16][16], float (*) [16][16], float (*) [4][3][3], float (*) [4][3][3], float (*) [14][14], int, bool, bool)' (source/conv_acc3t.cpp:132:0)
INFO: [HLS 214-178] Inlining function 'offload_out(float*, float (*) [14][14], bool)' into 'conv_acc3t(float*, float*, float*)' (source/conv_acc3t.cpp:148:0)
WARNING: [HLS 214-167] The program may have out of bound array access (source/conv_acc3t.cpp:59:53)
WARNING: [HLS 214-167] The program may have out of bound array access (source/conv_acc3t.cpp:59:53)
WARNING: [HLS 214-205] The INTERFACE pragma must have a max_widen_bitwidth setting that is both a power of 2 and in the range [0, 1024]. The current value of '0' will be ignored, in 'conv_acc3t(float*, float*, float*)' (source/conv_acc3t.cpp:148:0)
WARNING: [HLS 214-205] The INTERFACE pragma must have a max_widen_bitwidth setting that is both a power of 2 and in the range [0, 1024]. The current value of '0' will be ignored, in 'conv_acc3t(float*, float*, float*)' (source/conv_acc3t.cpp:148:0)
WARNING: [HLS 214-205] The INTERFACE pragma must have a max_widen_bitwidth setting that is both a power of 2 and in the range [0, 1024]. The current value of '0' will be ignored, in 'conv_acc3t(float*, float*, float*)' (source/conv_acc3t.cpp:148:0)
INFO: [HLS 214-115] Multiple burst writes of length 784 and bit width 32 in loop 'OUTDATA_WRITE'(source/conv_acc3t.cpp:75:9) has been inferred on port 'Out_ddr' (source/conv_acc3t.cpp:75:9)
INFO: [HLS 214-115] Multiple burst reads of length 1024 and bit width 32 in loop 'INDATA_LOAD'(source/conv_acc3t.cpp:30:9) has been inferred on port 'In_ddr' (source/conv_acc3t.cpp:30:9)
INFO: [HLS 214-115] Multiple burst reads of length 256 and bit width 32 in loop 'WDATA_LOAD'(source/conv_acc3t.cpp:51:9) has been inferred on port 'W_ddr' (source/conv_acc3t.cpp:51:9)
INFO: [HLS 200-111] Finished Compiling Optimization and Transform: CPU user time: 5.54 seconds. CPU system time: 0.44 seconds. Elapsed time: 6.25 seconds; current allocated memory: 195.876 MB.
INFO: [HLS 200-111] Finished Checking Pragmas: CPU user time: 0.01 seconds. CPU system time: 0 seconds. Elapsed time: 0 seconds; current allocated memory: 195.877 MB.
INFO: [HLS 200-10] Starting code transformations ...
INFO: [HLS 200-111] Finished Standard Transforms: CPU user time: 0.05 seconds. CPU system time: 0 seconds. Elapsed time: 0.05 seconds; current allocated memory: 197.174 MB.
INFO: [HLS 200-10] Checking synthesizability ...
INFO: [HLS 200-111] Finished Checking Synthesizability: CPU user time: 0.06 seconds. CPU system time: 0 seconds. Elapsed time: 0.07 seconds; current allocated memory: 196.446 MB.
INFO: [XFORM 203-510] Pipelining loop 'VITIS_LOOP_34_2' (source/conv_acc3t.cpp:34) in function 'process' automatically.
INFO: [XFORM 203-510] Pipelining loop 'VITIS_LOOP_57_3' (source/conv_acc3t.cpp:57) in function 'process' automatically.
INFO: [XFORM 203-510] Pipelining loop 'VITIS_LOOP_79_2' (source/conv_acc3t.cpp:79) in function 'conv_acc3t' automatically.
INFO: [XFORM 203-101] Partitioning array 'in_0'  in dimension 1 completely.
INFO: [XFORM 203-101] Partitioning array 'in_1'  in dimension 1 completely.
INFO: [XFORM 203-101] Partitioning array 'out' (source/conv_acc3t.cpp:159) in dimension 1 completely.
INFO: [XFORM 203-101] Partitioning array 'w_0'  in dimension 1 completely.
INFO: [XFORM 203-101] Partitioning array 'w_1' (source/conv_acc3t.cpp:165) in dimension 1 completely.
INFO: [XFORM 203-101] Partitioning array 'w_0'  in dimension 2 completely.
INFO: [XFORM 203-101] Partitioning array 'w_1' (source/conv_acc3t.cpp:165) in dimension 2 completely.
WARNING: [ANALYSIS 214-31] The program may have out of bound access of array variable 'w_0' in function 'process' (source/conv_acc3t.cpp:59:25).
WARNING: [ANALYSIS 214-31] The program may have out of bound access of array variable 'w_0' in function 'process' (source/conv_acc3t.cpp:59:25).
WARNING: [ANALYSIS 214-31] The program may have out of bound access of array variable 'w_01' in function 'process' (source/conv_acc3t.cpp:59:25).
WARNING: [ANALYSIS 214-31] The program may have out of bound access of array variable 'w_01' in function 'process' (source/conv_acc3t.cpp:59:25).
WARNING: [ANALYSIS 214-31] The program may have out of bound access of array variable 'w_02' in function 'process' (source/conv_acc3t.cpp:59:25).
WARNING: [ANALYSIS 214-31] The program may have out of bound access of array variable 'w_02' in function 'process' (source/conv_acc3t.cpp:59:25).
WARNING: [ANALYSIS 214-31] The program may have out of bound access of array variable 'w_03' in function 'process' (source/conv_acc3t.cpp:59:25).
WARNING: [ANALYSIS 214-31] The program may have out of bound access of array variable 'w_03' in function 'process' (source/conv_acc3t.cpp:59:25).
WARNING: [ANALYSIS 214-31] The program may have out of bound access of array variable 'w_014' in function 'process' (source/conv_acc3t.cpp:59:25).
WARNING: [ANALYSIS 214-31] The program may have out of bound access of array variable 'w_014' in function 'process' (source/conv_acc3t.cpp:59:25).
WARNING: [ANALYSIS 214-31] The program may have out of bound access of array variable 'w_015' in function 'process' (source/conv_acc3t.cpp:59:25).
WARNING: [ANALYSIS 214-31] The program may have out of bound access of array variable 'w_015' in function 'process' (source/conv_acc3t.cpp:59:25).
WARNING: [ANALYSIS 214-31] The program may have out of bound access of array variable 'w_016' in function 'process' (source/conv_acc3t.cpp:59:25).
WARNING: [ANALYSIS 214-31] The program may have out of bound access of array variable 'w_016' in function 'process' (source/conv_acc3t.cpp:59:25).
WARNING: [ANALYSIS 214-31] The program may have out of bound access of array variable 'w_017' in function 'process' (source/conv_acc3t.cpp:59:25).
WARNING: [ANALYSIS 214-31] The program may have out of bound access of array variable 'w_017' in function 'process' (source/conv_acc3t.cpp:59:25).
WARNING: [ANALYSIS 214-31] The program may have out of bound access of array variable 'w_028' in function 'process' (source/conv_acc3t.cpp:59:25).
WARNING: [ANALYSIS 214-31] The program may have out of bound access of array variable 'w_028' in function 'process' (source/conv_acc3t.cpp:59:25).
WARNING: [ANALYSIS 214-31] The program may have out of bound access of array variable 'w_029' in function 'process' (source/conv_acc3t.cpp:59:25).
WARNING: [ANALYSIS 214-31] The program may have out of bound access of array variable 'w_029' in function 'process' (source/conv_acc3t.cpp:59:25).
WARNING: [ANALYSIS 214-31] The program may have out of bound access of array variable 'w_0210' in function 'process' (source/conv_acc3t.cpp:59:25).
WARNING: [ANALYSIS 214-31] The program may have out of bound access of array variable 'w_0210' in function 'process' (source/conv_acc3t.cpp:59:25).
WARNING: [ANALYSIS 214-31] The program may have out of bound access of array variable 'w_0211' in function 'process' (source/conv_acc3t.cpp:59:25).
WARNING: [ANALYSIS 214-31] The program may have out of bound access of array variable 'w_0211' in function 'process' (source/conv_acc3t.cpp:59:25).
WARNING: [ANALYSIS 214-31] The program may have out of bound access of array variable 'w_0312' in function 'process' (source/conv_acc3t.cpp:59:25).
WARNING: [ANALYSIS 214-31] The program may have out of bound access of array variable 'w_0312' in function 'process' (source/conv_acc3t.cpp:59:25).
WARNING: [ANALYSIS 214-31] The program may have out of bound access of array variable 'w_0313' in function 'process' (source/conv_acc3t.cpp:59:25).
WARNING: [ANALYSIS 214-31] The program may have out of bound access of array variable 'w_0313' in function 'process' (source/conv_acc3t.cpp:59:25).
WARNING: [ANALYSIS 214-31] The program may have out of bound access of array variable 'w_0314' in function 'process' (source/conv_acc3t.cpp:59:25).
WARNING: [ANALYSIS 214-31] The program may have out of bound access of array variable 'w_0314' in function 'process' (source/conv_acc3t.cpp:59:25).
WARNING: [ANALYSIS 214-31] The program may have out of bound access of array variable 'w_0315' in function 'process' (source/conv_acc3t.cpp:59:25).
WARNING: [ANALYSIS 214-31] The program may have out of bound access of array variable 'w_0315' in function 'process' (source/conv_acc3t.cpp:59:25).
INFO: [HLS 200-111] Finished Loop, function and other optimizations: CPU user time: 0.32 seconds. CPU system time: 0.01 seconds. Elapsed time: 0.35 seconds; current allocated memory: 217.090 MB.
INFO: [XFORM 203-541] Flattening a loop nest 'VITIS_LOOP_32_1' (source/conv_acc3t.cpp:32:39) in function 'process'.
INFO: [XFORM 203-541] Flattening a loop nest 'INDATA_LOAD' (source/conv_acc3t.cpp:30:18) in function 'process'.
INFO: [XFORM 203-541] Flattening a loop nest 'VITIS_LOOP_55_2' (source/conv_acc3t.cpp:55:43) in function 'process'.
INFO: [XFORM 203-541] Flattening a loop nest 'VITIS_LOOP_53_1' (source/conv_acc3t.cpp:53:39) in function 'process'.
INFO: [XFORM 203-541] Flattening a loop nest 'WDATA_LOAD' (source/conv_acc3t.cpp:51:18) in function 'process'.
INFO: [XFORM 203-541] Flattening a loop nest 'VITIS_LOOP_77_1' (source/conv_acc3t.cpp:77:39) in function 'conv_acc3t'.
INFO: [XFORM 203-541] Flattening a loop nest 'OUTDATA_WRITE' (source/conv_acc3t.cpp:75:18) in function 'conv_acc3t'.
INFO: [HLS 200-472] Inferring partial write operation for 'w_0' (source/conv_acc3t.cpp:59:53)
INFO: [HLS 200-111] Finished Architecture Synthesis: CPU user time: 0.19 seconds. CPU system time: 0.01 seconds. Elapsed time: 0.22 seconds; current allocated memory: 219.975 MB.
INFO: [HLS 200-10] Starting hardware synthesis ...
INFO: [HLS 200-10] Synthesizing 'conv_acc3t' ...
WARNING: [SYN 201-103] Legalizing function name 'process' to 'process_r'.
INFO: [HLS 200-10] ----------------------------------------------------------------
INFO: [HLS 200-42] -- Implementing module 'process_r' 
INFO: [HLS 200-10] ----------------------------------------------------------------
INFO: [SCHED 204-11] Starting scheduling ...
INFO: [SCHED 204-61] Pipelining loop 'INDATA_LOAD_VITIS_LOOP_32_1_VITIS_LOOP_34_2'.
INFO: [HLS 200-1470] Pipelining result : Target II = 1, Final II = 1, Depth = 2, loop 'INDATA_LOAD_VITIS_LOOP_32_1_VITIS_LOOP_34_2'
INFO: [SCHED 204-61] Pipelining loop 'WDATA_LOAD_VITIS_LOOP_55_2_VITIS_LOOP_57_3'.
INFO: [HLS 200-1470] Pipelining result : Target II = 1, Final II = 1, Depth = 3, loop 'WDATA_LOAD_VITIS_LOOP_55_2_VITIS_LOOP_57_3'
INFO: [SCHED 204-11] Finished scheduling.
INFO: [HLS 200-111] Finished Scheduling: CPU user time: 0.18 seconds. CPU system time: 0 seconds. Elapsed time: 0.19 seconds; current allocated memory: 220.571 MB.
INFO: [BIND 205-100] Starting micro-architecture generation ...
INFO: [BIND 205-101] Performing variable lifetime analysis.
INFO: [BIND 205-101] Exploring resource sharing.
INFO: [BIND 205-101] Binding ...
INFO: [BIND 205-100] Finished micro-architecture generation.
INFO: [HLS 200-111] Finished Binding: CPU user time: 0.2 seconds. CPU system time: 0 seconds. Elapsed time: 0.2 seconds; current allocated memory: 221.180 MB.
INFO: [HLS 200-10] ----------------------------------------------------------------
INFO: [HLS 200-42] -- Implementing module 'conv_acc3t' 
INFO: [HLS 200-10] ----------------------------------------------------------------
INFO: [SCHED 204-11] Starting scheduling ...
INFO: [SCHED 204-61] Pipelining loop 'OUTDATA_WRITE_VITIS_LOOP_77_1_VITIS_LOOP_79_2'.
INFO: [HLS 200-1470] Pipelining result : Target II = 1, Final II = 1, Depth = 3, loop 'OUTDATA_WRITE_VITIS_LOOP_77_1_VITIS_LOOP_79_2'
INFO: [SCHED 204-11] Finished scheduling.
INFO: [HLS 200-111] Finished Scheduling: CPU user time: 0.24 seconds. CPU system time: 0.01 seconds. Elapsed time: 0.26 seconds; current allocated memory: 221.507 MB.
INFO: [BIND 205-100] Starting micro-architecture generation ...
INFO: [BIND 205-101] Performing variable lifetime analysis.
INFO: [BIND 205-101] Exploring resource sharing.
INFO: [BIND 205-101] Binding ...
INFO: [BIND 205-100] Finished micro-architecture generation.
INFO: [HLS 200-111] Finished Binding: CPU user time: 0.15 seconds. CPU system time: 0 seconds. Elapsed time: 0.15 seconds; current allocated memory: 221.912 MB.
INFO: [HLS 200-10] ----------------------------------------------------------------
INFO: [HLS 200-10] -- Generating RTL for module 'process_r' 
INFO: [HLS 200-10] ----------------------------------------------------------------
==============================================================
Vitis HLS - High-Level Synthesis from C, C++ and OpenCL v2020.2 (64-bit)
Copyright 1986-2020 Xilinx, Inc. All Rights Reserved.
==============================================================
INFO: [SYN 201-201] Setting up clock 'default' with a period of 10ns.
INFO: [HLS 200-10] Setting target device to 'xczu7ev-ffvc1156-2-e'
INFO: [HLS 200-1505] Using flow_target 'vivado'
INFO: [HLS 200-1510] Running: set_part xczu7ev-ffvc1156-2-e 
INFO: [HLS 200-1510] Running: create_clock -period 10 -name default 
INFO: [SYN 201-201] Setting up clock 'default' with a period of 10ns.
INFO: [HLS 200-1510] Running: csynth_design 
INFO: [HLS 200-111] Finished File checks and directory preparation: CPU user time: 0.01 seconds. CPU system time: 0 seconds. Elapsed time: 0.01 seconds; current allocated memory: 191.825 MB.
INFO: [HLS 200-10] Analyzing design file 'source/conv_acc4t.cpp' ... 
WARNING: [HLS 207-989] '__MAIN_H__' is used as a header guard here, followed by #define of a different macro: source/main.h:1:9
INFO: [HLS 207-923] '__MAIN_H_' is defined here; did you mean '__MAIN_H__'?: source/main.h:2:9
WARNING: [HLS 207-1017] unknown pragma ignored: source/conv_acc4t.cpp:104:9
INFO: [HLS 200-10] Analyzing design file 'source/conv_acc3t.cpp' ... 
WARNING: [HLS 207-989] '__MAIN_H__' is used as a header guard here, followed by #define of a different macro: source/main.h:1:9
INFO: [HLS 207-923] '__MAIN_H_' is defined here; did you mean '__MAIN_H__'?: source/main.h:2:9
WARNING: [HLS 207-5524] Ignore interface attribute or pragma which is not used in top function: source/conv_acc3t.cpp:149:9
WARNING: [HLS 207-5524] Ignore interface attribute or pragma which is not used in top function: source/conv_acc3t.cpp:149:9
WARNING: [HLS 207-5524] Ignore interface attribute or pragma which is not used in top function: source/conv_acc3t.cpp:150:9
WARNING: [HLS 207-5524] Ignore interface attribute or pragma which is not used in top function: source/conv_acc3t.cpp:150:9
WARNING: [HLS 207-5524] Ignore interface attribute or pragma which is not used in top function: source/conv_acc3t.cpp:151:9
WARNING: [HLS 207-5524] Ignore interface attribute or pragma which is not used in top function: source/conv_acc3t.cpp:151:9
INFO: [HLS 200-10] Analyzing design file 'source/conv_acc2t.cpp' ... 
WARNING: [HLS 207-989] '__MAIN_H__' is used as a header guard here, followed by #define of a different macro: source/main.h:1:9
INFO: [HLS 207-923] '__MAIN_H_' is defined here; did you mean '__MAIN_H__'?: source/main.h:2:9
WARNING: [HLS 207-5524] Ignore interface attribute or pragma which is not used in top function: source/conv_acc2t.cpp:27:9
WARNING: [HLS 207-5524] Ignore interface attribute or pragma which is not used in top function: source/conv_acc2t.cpp:27:9
WARNING: [HLS 207-5524] Ignore interface attribute or pragma which is not used in top function: source/conv_acc2t.cpp:28:9
WARNING: [HLS 207-5524] Ignore interface attribute or pragma which is not used in top function: source/conv_acc2t.cpp:28:9
WARNING: [HLS 207-5524] Ignore interface attribute or pragma which is not used in top function: source/conv_acc2t.cpp:29:9
WARNING: [HLS 207-5524] Ignore interface attribute or pragma which is not used in top function: source/conv_acc2t.cpp:29:9
INFO: [HLS 200-10] Analyzing design file 'source/conv_acc1t.cpp' ... 
WARNING: [HLS 207-989] '__MAIN_H__' is used as a header guard here, followed by #define of a different macro: source/main.h:1:9
INFO: [HLS 207-923] '__MAIN_H_' is defined here; did you mean '__MAIN_H__'?: source/main.h:2:9
INFO: [HLS 200-111] Finished Source Code Analysis and Preprocessing: CPU user time: 1.11 seconds. CPU system time: 0.71 seconds. Elapsed time: 1.63 seconds; current allocated memory: 193.473 MB.
INFO: [HLS 200-777] Using interface defaults for 'Vivado' flow target.
INFO: [HLS 214-178] Inlining function 'load_in(float*, float (*) [16][16])' into 'process(float*, float*, float (*) [16][16], float (*) [4][3][3], float (*) [14][14])' (source/conv_acc4t.cpp:103:0)
INFO: [HLS 214-178] Inlining function 'load_w(float*, float (*) [4][3][3])' into 'process(float*, float*, float (*) [16][16], float (*) [4][3][3], float (*) [14][14])' (source/conv_acc4t.cpp:103:0)
INFO: [HLS 214-178] Inlining function 'process(float*, float*, float (*) [16][16], float (*) [4][3][3], float (*) [14][14])' into 'conv_acc4t(float*, float*, float*)' (source/conv_acc4t.cpp:111:0)
INFO: [HLS 214-178] Inlining function 'offload_out(float*, float (*) [14][14])' into 'conv_acc4t(float*, float*, float*)' (source/conv_acc4t.cpp:111:0)
WARNING: [HLS 214-167] The program may have out of bound array access (source/conv_acc4t.cpp:46:49)
WARNING: [HLS 214-205] The INTERFACE pragma must have a max_widen_bitwidth setting that is both a power of 2 and in the range [0, 1024]. The current value of '0' will be ignored, in 'conv_acc4t(float*, float*, float*)' (source/conv_acc4t.cpp:111:0)
WARNING: [HLS 214-205] The INTERFACE pragma must have a max_widen_bitwidth setting that is both a power of 2 and in the range [0, 1024]. The current value of '0' will be ignored, in 'conv_acc4t(float*, float*, float*)' (source/conv_acc4t.cpp:111:0)
WARNING: [HLS 214-205] The INTERFACE pragma must have a max_widen_bitwidth setting that is both a power of 2 and in the range [0, 1024]. The current value of '0' will be ignored, in 'conv_acc4t(float*, float*, float*)' (source/conv_acc4t.cpp:111:0)
INFO: [HLS 214-115] Multiple burst reads of length 1024 and bit width 32 in loop 'INDATA_LOAD'(source/conv_acc4t.cpp:24:5) has been inferred on port 'In_ddr' (source/conv_acc4t.cpp:24:5)
INFO: [HLS 214-115] Multiple burst reads of length 256 and bit width 32 in loop 'WDATA_LOAD'(source/conv_acc4t.cpp:38:5) has been inferred on port 'W_ddr' (source/conv_acc4t.cpp:38:5)
INFO: [HLS 214-115] Multiple burst writes of length 784 and bit width 32 in loop 'OUTDATA_WRITE'(source/conv_acc4t.cpp:55:5) has been inferred on port 'Out_ddr' (source/conv_acc4t.cpp:55:5)
INFO: [HLS 200-111] Finished Compiling Optimization and Transform: CPU user time: 5.03 seconds. CPU system time: 0.45 seconds. Elapsed time: 5.72 seconds; current allocated memory: 195.739 MB.
INFO: [HLS 200-111] Finished Checking Pragmas: CPU user time: 0 seconds. CPU system time: 0 seconds. Elapsed time: 0 seconds; current allocated memory: 195.740 MB.
INFO: [HLS 200-10] Starting code transformations ...
INFO: [HLS 200-111] Finished Standard Transforms: CPU user time: 0.08 seconds. CPU system time: 0.01 seconds. Elapsed time: 0.09 seconds; current allocated memory: 197.164 MB.
INFO: [HLS 200-10] Checking synthesizability ...
INFO: [HLS 200-111] Finished Checking Synthesizability: CPU user time: 0.11 seconds. CPU system time: 0 seconds. Elapsed time: 0.11 seconds; current allocated memory: 196.424 MB.
INFO: [XFORM 203-510] Pipelining loop 'VITIS_LOOP_28_2' (source/conv_acc4t.cpp:28) in function 'conv_acc4t' automatically.
INFO: [XFORM 203-510] Pipelining loop 'VITIS_LOOP_44_3' (source/conv_acc4t.cpp:44) in function 'conv_acc4t' automatically.
INFO: [XFORM 203-510] Pipelining loop 'VITIS_LOOP_59_2' (source/conv_acc4t.cpp:59) in function 'conv_acc4t' automatically.
INFO: [XFORM 203-502] Unrolling all sub-loops inside loop 'Output_row' (source/conv_acc4t.cpp:69) in function 'convolution' for pipelining.
INFO: [HLS 200-489] Unrolling loop 'Output_column' (source/conv_acc4t.cpp:73) in function 'convolution' completely with a factor of 14.
INFO: [HLS 200-489] Unrolling loop 'Kernel_row' (source/conv_acc4t.cpp:76) in function 'convolution' completely with a factor of 3.
INFO: [HLS 200-489] Unrolling loop 'Kernel_column' (source/conv_acc4t.cpp:79) in function 'convolution' completely with a factor of 3.
INFO: [HLS 200-489] Unrolling loop 'Output_channel' (source/conv_acc4t.cpp:82) in function 'convolution' completely with a factor of 4.
INFO: [HLS 200-489] Unrolling loop 'Input_channel' (source/conv_acc4t.cpp:86) in function 'convolution' completely with a factor of 4.
INFO: [XFORM 203-101] Partitioning array 'in'  in dimension 1 completely.
INFO: [XFORM 203-101] Partitioning array 'out'  in dimension 1 completely.
INFO: [XFORM 203-101] Partitioning array 'w' (source/conv_acc4t.cpp:123) in dimension 1 completely.
INFO: [XFORM 203-101] Partitioning array 'w' (source/conv_acc4t.cpp:123) in dimension 2 completely.
WARNING: [ANALYSIS 214-31] The program may have out of bound access of array variable 'w[0][0]' in function 'conv_acc4t' (source/conv_acc4t.cpp:46:21).
WARNING: [ANALYSIS 214-31] The program may have out of bound access of array variable 'w[0][0]' in function 'conv_acc4t' (source/conv_acc4t.cpp:46:21).
WARNING: [ANALYSIS 214-31] The program may have out of bound access of array variable 'w[0][1]' in function 'conv_acc4t' (source/conv_acc4t.cpp:46:21).
WARNING: [ANALYSIS 214-31] The program may have out of bound access of array variable 'w[0][1]' in function 'conv_acc4t' (source/conv_acc4t.cpp:46:21).
WARNING: [ANALYSIS 214-31] The program may have out of bound access of array variable 'w[0][2]' in function 'conv_acc4t' (source/conv_acc4t.cpp:46:21).
WARNING: [ANALYSIS 214-31] The program may have out of bound access of array variable 'w[0][2]' in function 'conv_acc4t' (source/conv_acc4t.cpp:46:21).
WARNING: [ANALYSIS 214-31] The program may have out of bound access of array variable 'w[0][3]' in function 'conv_acc4t' (source/conv_acc4t.cpp:46:21).
WARNING: [ANALYSIS 214-31] The program may have out of bound access of array variable 'w[0][3]' in function 'conv_acc4t' (source/conv_acc4t.cpp:46:21).
WARNING: [ANALYSIS 214-31] The program may have out of bound access of array variable 'w[1][0]' in function 'conv_acc4t' (source/conv_acc4t.cpp:46:21).
WARNING: [ANALYSIS 214-31] The program may have out of bound access of array variable 'w[1][0]' in function 'conv_acc4t' (source/conv_acc4t.cpp:46:21).
WARNING: [ANALYSIS 214-31] The program may have out of bound access of array variable 'w[1][1]' in function 'conv_acc4t' (source/conv_acc4t.cpp:46:21).
WARNING: [ANALYSIS 214-31] The program may have out of bound access of array variable 'w[1][1]' in function 'conv_acc4t' (source/conv_acc4t.cpp:46:21).
WARNING: [ANALYSIS 214-31] The program may have out of bound access of array variable 'w[1][2]' in function 'conv_acc4t' (source/conv_acc4t.cpp:46:21).
WARNING: [ANALYSIS 214-31] The program may have out of bound access of array variable 'w[1][2]' in function 'conv_acc4t' (source/conv_acc4t.cpp:46:21).
WARNING: [ANALYSIS 214-31] The program may have out of bound access of array variable 'w[1][3]' in function 'conv_acc4t' (source/conv_acc4t.cpp:46:21).
WARNING: [ANALYSIS 214-31] The program may have out of bound access of array variable 'w[1][3]' in function 'conv_acc4t' (source/conv_acc4t.cpp:46:21).
WARNING: [ANALYSIS 214-31] The program may have out of bound access of array variable 'w[2][0]' in function 'conv_acc4t' (source/conv_acc4t.cpp:46:21).
WARNING: [ANALYSIS 214-31] The program may have out of bound access of array variable 'w[2][0]' in function 'conv_acc4t' (source/conv_acc4t.cpp:46:21).
WARNING: [ANALYSIS 214-31] The program may have out of bound access of array variable 'w[2][1]' in function 'conv_acc4t' (source/conv_acc4t.cpp:46:21).
WARNING: [ANALYSIS 214-31] The program may have out of bound access of array variable 'w[2][1]' in function 'conv_acc4t' (source/conv_acc4t.cpp:46:21).
WARNING: [ANALYSIS 214-31] The program may have out of bound access of array variable 'w[2][2]' in function 'conv_acc4t' (source/conv_acc4t.cpp:46:21).
WARNING: [ANALYSIS 214-31] The program may have out of bound access of array variable 'w[2][2]' in function 'conv_acc4t' (source/conv_acc4t.cpp:46:21).
WARNING: [ANALYSIS 214-31] The program may have out of bound access of array variable 'w[2][3]' in function 'conv_acc4t' (source/conv_acc4t.cpp:46:21).
WARNING: [ANALYSIS 214-31] The program may have out of bound access of array variable 'w[2][3]' in function 'conv_acc4t' (source/conv_acc4t.cpp:46:21).
WARNING: [ANALYSIS 214-31] The program may have out of bound access of array variable 'w[3][0]' in function 'conv_acc4t' (source/conv_acc4t.cpp:46:21).
WARNING: [ANALYSIS 214-31] The program may have out of bound access of array variable 'w[3][0]' in function 'conv_acc4t' (source/conv_acc4t.cpp:46:21).
WARNING: [ANALYSIS 214-31] The program may have out of bound access of array variable 'w[3][1]' in function 'conv_acc4t' (source/conv_acc4t.cpp:46:21).
WARNING: [ANALYSIS 214-31] The program may have out of bound access of array variable 'w[3][1]' in function 'conv_acc4t' (source/conv_acc4t.cpp:46:21).
WARNING: [ANALYSIS 214-31] The program may have out of bound access of array variable 'w[3][2]' in function 'conv_acc4t' (source/conv_acc4t.cpp:46:21).
WARNING: [ANALYSIS 214-31] The program may have out of bound access of array variable 'w[3][2]' in function 'conv_acc4t' (source/conv_acc4t.cpp:46:21).
WARNING: [ANALYSIS 214-31] The program may have out of bound access of array variable 'w[3][3]' in function 'conv_acc4t' (source/conv_acc4t.cpp:46:21).
WARNING: [ANALYSIS 214-31] The program may have out of bound access of array variable 'w[3][3]' in function 'conv_acc4t' (source/conv_acc4t.cpp:46:21).
INFO: [HLS 200-111] Finished Loop, function and other optimizations: CPU user time: 5.05 seconds. CPU system time: 0.04 seconds. Elapsed time: 5.21 seconds; current allocated memory: 221.291 MB.
INFO: [XFORM 203-541] Flattening a loop nest 'VITIS_LOOP_26_1' (source/conv_acc4t.cpp:26:35) in function 'conv_acc4t'.
INFO: [XFORM 203-541] Flattening a loop nest 'INDATA_LOAD' (source/conv_acc4t.cpp:24:14) in function 'conv_acc4t'.
INFO: [XFORM 203-541] Flattening a loop nest 'VITIS_LOOP_42_2' (source/conv_acc4t.cpp:42:39) in function 'conv_acc4t'.
INFO: [XFORM 203-541] Flattening a loop nest 'VITIS_LOOP_40_1' (source/conv_acc4t.cpp:40:35) in function 'conv_acc4t'.
INFO: [XFORM 203-541] Flattening a loop nest 'WDATA_LOAD' (source/conv_acc4t.cpp:38:14) in function 'conv_acc4t'.
INFO: [XFORM 203-541] Flattening a loop nest 'VITIS_LOOP_57_1' (source/conv_acc4t.cpp:57:35) in function 'conv_acc4t'.
INFO: [XFORM 203-541] Flattening a loop nest 'OUTDATA_WRITE' (source/conv_acc4t.cpp:55:14) in function 'conv_acc4t'.
INFO: [HLS 200-472] Inferring partial write operation for 'out' (source/conv_acc4t.cpp:89:44)
INFO: [HLS 200-472] Inferring partial write operation for 'in.0' (source/conv_acc4t.cpp:30:39)
INFO: [HLS 200-472] Inferring partial write operation for 'w[0][0]' (source/conv_acc4t.cpp:46:49)
INFO: [HLS 200-111] Finished Architecture Synthesis: CPU user time: 1.22 seconds. CPU system time: 0 seconds. Elapsed time: 1.27 seconds; current allocated memory: 239.787 MB.
INFO: [HLS 200-10] Starting hardware synthesis ...
INFO: [HLS 200-10] Synthesizing 'conv_acc4t' ...
INFO: [HLS 200-10] ----------------------------------------------------------------
INFO: [HLS 200-42] -- Implementing module 'convolution' 
INFO: [HLS 200-10] ----------------------------------------------------------------
INFO: [SCHED 204-11] Starting scheduling ...
INFO: [SCHED 204-61] Pipelining loop 'Output_row'.
WARNING: [HLS 200-885] Unable to schedule 'load' operation ('in_0_load_2', source/conv_acc4t.cpp:89) on array 'in_0' due to limited memory ports. Please consider using a memory core with more ports or partitioning the array 'in_0'.
INFO: [HLS 200-1470] Pipelining result : Target II = 1, Final II = 24, Depth = 159, loop 'Output_row'
INFO: [SCHED 204-11] Finished scheduling.
INFO: [HLS 200-111] Finished Scheduling: CPU user time: 64.54 seconds. CPU system time: 0.09 seconds. Elapsed time: 64.64 seconds; current allocated memory: 266.548 MB.
INFO: [BIND 205-100] Starting micro-architecture generation ...
INFO: [BIND 205-101] Performing variable lifetime analysis.
INFO: [BIND 205-101] Exploring resource sharing.
INFO: [BIND 205-101] Binding ...
INFO: [BIND 205-100] Finished micro-architecture generation.
INFO: [HLS 200-111] Finished Binding: CPU user time: 23.65 seconds. CPU system time: 0.11 seconds. Elapsed time: 23.77 seconds; current allocated memory: 305.576 MB.
INFO: [HLS 200-10] ----------------------------------------------------------------
INFO: [HLS 200-42] -- Implementing module 'conv_acc4t' 
INFO: [HLS 200-10] ----------------------------------------------------------------
INFO: [SCHED 204-11] Starting scheduling ...
INFO: [SCHED 204-61] Pipelining loop 'INDATA_LOAD_VITIS_LOOP_26_1_VITIS_LOOP_28_2'.
INFO: [HLS 200-1470] Pipelining result : Target II = 1, Final II = 1, Depth = 3, loop 'INDATA_LOAD_VITIS_LOOP_26_1_VITIS_LOOP_28_2'
INFO: [SCHED 204-61] Pipelining loop 'WDATA_LOAD_VITIS_LOOP_42_2_VITIS_LOOP_44_3'.
INFO: [HLS 200-1470] Pipelining result : Target II = 1, Final II = 1, Depth = 3, loop 'WDATA_LOAD_VITIS_LOOP_42_2_VITIS_LOOP_44_3'
==============================================================
Vitis HLS - High-Level Synthesis from C, C++ and OpenCL v2020.2 (64-bit)
Copyright 1986-2020 Xilinx, Inc. All Rights Reserved.
==============================================================
INFO: [SYN 201-201] Setting up clock 'default' with a period of 10ns.
INFO: [HLS 200-10] Setting target device to 'xczu7ev-ffvc1156-2-e'
INFO: [HLS 200-1505] Using flow_target 'vivado'
INFO: [HLS 200-1510] Running: set_part xczu7ev-ffvc1156-2-e 
INFO: [HLS 200-1510] Running: create_clock -period 10 -name default 
INFO: [HLS 200-1510] Running: set_directive_top -name conv_acc4t conv_acc4t 
INFO: [HLS 200-1510] Running: csynth_design 
INFO: [HLS 200-111] Finished File checks and directory preparation: CPU user time: 0.02 seconds. CPU system time: 0 seconds. Elapsed time: 0.01 seconds; current allocated memory: 191.848 MB.
INFO: [HLS 200-10] Analyzing design file 'source/conv_acc1t.cpp' ... 
WARNING: [HLS 207-989] '__MAIN_H__' is used as a header guard here, followed by #define of a different macro: source/main.h:1:9
INFO: [HLS 207-923] '__MAIN_H_' is defined here; did you mean '__MAIN_H__'?: source/main.h:2:9
INFO: [HLS 200-10] Analyzing design file 'source/conv_acc2t.cpp' ... 
WARNING: [HLS 207-989] '__MAIN_H__' is used as a header guard here, followed by #define of a different macro: source/main.h:1:9
INFO: [HLS 207-923] '__MAIN_H_' is defined here; did you mean '__MAIN_H__'?: source/main.h:2:9
WARNING: [HLS 207-5524] Ignore interface attribute or pragma which is not used in top function: source/conv_acc2t.cpp:27:9
WARNING: [HLS 207-5524] Ignore interface attribute or pragma which is not used in top function: source/conv_acc2t.cpp:27:9
WARNING: [HLS 207-5524] Ignore interface attribute or pragma which is not used in top function: source/conv_acc2t.cpp:28:9
WARNING: [HLS 207-5524] Ignore interface attribute or pragma which is not used in top function: source/conv_acc2t.cpp:28:9
WARNING: [HLS 207-5524] Ignore interface attribute or pragma which is not used in top function: source/conv_acc2t.cpp:29:9
WARNING: [HLS 207-5524] Ignore interface attribute or pragma which is not used in top function: source/conv_acc2t.cpp:29:9
INFO: [HLS 200-10] Analyzing design file 'source/conv_acc3t.cpp' ... 
WARNING: [HLS 207-989] '__MAIN_H__' is used as a header guard here, followed by #define of a different macro: source/main.h:1:9
INFO: [HLS 207-923] '__MAIN_H_' is defined here; did you mean '__MAIN_H__'?: source/main.h:2:9
WARNING: [HLS 207-5524] Ignore interface attribute or pragma which is not used in top function: source/conv_acc3t.cpp:149:9
WARNING: [HLS 207-5524] Ignore interface attribute or pragma which is not used in top function: source/conv_acc3t.cpp:149:9
WARNING: [HLS 207-5524] Ignore interface attribute or pragma which is not used in top function: source/conv_acc3t.cpp:150:9
WARNING: [HLS 207-5524] Ignore interface attribute or pragma which is not used in top function: source/conv_acc3t.cpp:150:9
WARNING: [HLS 207-5524] Ignore interface attribute or pragma which is not used in top function: source/conv_acc3t.cpp:151:9
WARNING: [HLS 207-5524] Ignore interface attribute or pragma which is not used in top function: source/conv_acc3t.cpp:151:9
INFO: [HLS 200-10] Analyzing design file 'source/conv_acc4t.cpp' ... 
WARNING: [HLS 207-989] '__MAIN_H__' is used as a header guard here, followed by #define of a different macro: source/main.h:1:9
INFO: [HLS 207-923] '__MAIN_H_' is defined here; did you mean '__MAIN_H__'?: source/main.h:2:9
WARNING: [HLS 207-1017] unknown pragma ignored: source/conv_acc4t.cpp:104:9
INFO: [HLS 200-111] Finished Source Code Analysis and Preprocessing: CPU user time: 1.05 seconds. CPU system time: 0.65 seconds. Elapsed time: 1.54 seconds; current allocated memory: 193.499 MB.
INFO: [HLS 200-777] Using interface defaults for 'Vivado' flow target.
INFO: [HLS 214-178] Inlining function 'load_in(float*, float (*) [16][16])' into 'process(float*, float*, float (*) [16][16], float (*) [4][3][3], float (*) [14][14])' (source/conv_acc4t.cpp:103:0)
INFO: [HLS 214-178] Inlining function 'load_w(float*, float (*) [4][3][3])' into 'process(float*, float*, float (*) [16][16], float (*) [4][3][3], float (*) [14][14])' (source/conv_acc4t.cpp:103:0)
INFO: [HLS 214-178] Inlining function 'process(float*, float*, float (*) [16][16], float (*) [4][3][3], float (*) [14][14])' into 'conv_acc4t(float*, float*, float*)' (source/conv_acc4t.cpp:111:0)
INFO: [HLS 214-178] Inlining function 'offload_out(float*, float (*) [14][14])' into 'conv_acc4t(float*, float*, float*)' (source/conv_acc4t.cpp:111:0)
WARNING: [HLS 214-167] The program may have out of bound array access (source/conv_acc4t.cpp:46:49)
WARNING: [HLS 214-205] The INTERFACE pragma must have a max_widen_bitwidth setting that is both a power of 2 and in the range [0, 1024]. The current value of '0' will be ignored, in 'conv_acc4t(float*, float*, float*)' (source/conv_acc4t.cpp:111:0)
WARNING: [HLS 214-205] The INTERFACE pragma must have a max_widen_bitwidth setting that is both a power of 2 and in the range [0, 1024]. The current value of '0' will be ignored, in 'conv_acc4t(float*, float*, float*)' (source/conv_acc4t.cpp:111:0)
WARNING: [HLS 214-205] The INTERFACE pragma must have a max_widen_bitwidth setting that is both a power of 2 and in the range [0, 1024]. The current value of '0' will be ignored, in 'conv_acc4t(float*, float*, float*)' (source/conv_acc4t.cpp:111:0)
INFO: [HLS 214-115] Multiple burst reads of length 1024 and bit width 32 in loop 'INDATA_LOAD'(source/conv_acc4t.cpp:24:5) has been inferred on port 'In_ddr' (source/conv_acc4t.cpp:24:5)
INFO: [HLS 214-115] Multiple burst reads of length 256 and bit width 32 in loop 'WDATA_LOAD'(source/conv_acc4t.cpp:38:5) has been inferred on port 'W_ddr' (source/conv_acc4t.cpp:38:5)
INFO: [HLS 214-115] Multiple burst writes of length 784 and bit width 32 in loop 'OUTDATA_WRITE'(source/conv_acc4t.cpp:55:5) has been inferred on port 'Out_ddr' (source/conv_acc4t.cpp:55:5)
INFO: [HLS 200-111] Finished Compiling Optimization and Transform: CPU user time: 4.97 seconds. CPU system time: 0.41 seconds. Elapsed time: 5.42 seconds; current allocated memory: 195.765 MB.
INFO: [HLS 200-111] Finished Checking Pragmas: CPU user time: 0 seconds. CPU system time: 0 seconds. Elapsed time: 0 seconds; current allocated memory: 195.766 MB.
INFO: [HLS 200-10] Starting code transformations ...
INFO: [HLS 200-111] Finished Standard Transforms: CPU user time: 0.09 seconds. CPU system time: 0 seconds. Elapsed time: 0.08 seconds; current allocated memory: 197.189 MB.
INFO: [HLS 200-10] Checking synthesizability ...
INFO: [HLS 200-111] Finished Checking Synthesizability: CPU user time: 0.1 seconds. CPU system time: 0 seconds. Elapsed time: 0.1 seconds; current allocated memory: 196.450 MB.
INFO: [XFORM 203-510] Pipelining loop 'VITIS_LOOP_28_2' (source/conv_acc4t.cpp:28) in function 'conv_acc4t' automatically.
INFO: [XFORM 203-510] Pipelining loop 'VITIS_LOOP_44_3' (source/conv_acc4t.cpp:44) in function 'conv_acc4t' automatically.
INFO: [XFORM 203-510] Pipelining loop 'VITIS_LOOP_59_2' (source/conv_acc4t.cpp:59) in function 'conv_acc4t' automatically.
INFO: [XFORM 203-502] Unrolling all sub-loops inside loop 'Output_row' (source/conv_acc4t.cpp:69) in function 'convolution' for pipelining.
INFO: [HLS 200-489] Unrolling loop 'Output_column' (source/conv_acc4t.cpp:73) in function 'convolution' completely with a factor of 14.
INFO: [HLS 200-489] Unrolling loop 'Kernel_row' (source/conv_acc4t.cpp:76) in function 'convolution' completely with a factor of 3.
INFO: [HLS 200-489] Unrolling loop 'Kernel_column' (source/conv_acc4t.cpp:79) in function 'convolution' completely with a factor of 3.
INFO: [HLS 200-489] Unrolling loop 'Output_channel' (source/conv_acc4t.cpp:82) in function 'convolution' completely with a factor of 4.
INFO: [HLS 200-489] Unrolling loop 'Input_channel' (source/conv_acc4t.cpp:86) in function 'convolution' completely with a factor of 4.
INFO: [XFORM 203-101] Partitioning array 'in'  in dimension 1 completely.
INFO: [XFORM 203-101] Partitioning array 'out'  in dimension 1 completely.
INFO: [XFORM 203-101] Partitioning array 'w' (source/conv_acc4t.cpp:123) in dimension 1 completely.
INFO: [XFORM 203-101] Partitioning array 'w' (source/conv_acc4t.cpp:123) in dimension 2 completely.
WARNING: [ANALYSIS 214-31] The program may have out of bound access of array variable 'w[0][0]' in function 'conv_acc4t' (source/conv_acc4t.cpp:46:21).
WARNING: [ANALYSIS 214-31] The program may have out of bound access of array variable 'w[0][0]' in function 'conv_acc4t' (source/conv_acc4t.cpp:46:21).
WARNING: [ANALYSIS 214-31] The program may have out of bound access of array variable 'w[0][1]' in function 'conv_acc4t' (source/conv_acc4t.cpp:46:21).
WARNING: [ANALYSIS 214-31] The program may have out of bound access of array variable 'w[0][1]' in function 'conv_acc4t' (source/conv_acc4t.cpp:46:21).
WARNING: [ANALYSIS 214-31] The program may have out of bound access of array variable 'w[0][2]' in function 'conv_acc4t' (source/conv_acc4t.cpp:46:21).
WARNING: [ANALYSIS 214-31] The program may have out of bound access of array variable 'w[0][2]' in function 'conv_acc4t' (source/conv_acc4t.cpp:46:21).
WARNING: [ANALYSIS 214-31] The program may have out of bound access of array variable 'w[0][3]' in function 'conv_acc4t' (source/conv_acc4t.cpp:46:21).
WARNING: [ANALYSIS 214-31] The program may have out of bound access of array variable 'w[0][3]' in function 'conv_acc4t' (source/conv_acc4t.cpp:46:21).
WARNING: [ANALYSIS 214-31] The program may have out of bound access of array variable 'w[1][0]' in function 'conv_acc4t' (source/conv_acc4t.cpp:46:21).
WARNING: [ANALYSIS 214-31] The program may have out of bound access of array variable 'w[1][0]' in function 'conv_acc4t' (source/conv_acc4t.cpp:46:21).
WARNING: [ANALYSIS 214-31] The program may have out of bound access of array variable 'w[1][1]' in function 'conv_acc4t' (source/conv_acc4t.cpp:46:21).
WARNING: [ANALYSIS 214-31] The program may have out of bound access of array variable 'w[1][1]' in function 'conv_acc4t' (source/conv_acc4t.cpp:46:21).
WARNING: [ANALYSIS 214-31] The program may have out of bound access of array variable 'w[1][2]' in function 'conv_acc4t' (source/conv_acc4t.cpp:46:21).
WARNING: [ANALYSIS 214-31] The program may have out of bound access of array variable 'w[1][2]' in function 'conv_acc4t' (source/conv_acc4t.cpp:46:21).
WARNING: [ANALYSIS 214-31] The program may have out of bound access of array variable 'w[1][3]' in function 'conv_acc4t' (source/conv_acc4t.cpp:46:21).
WARNING: [ANALYSIS 214-31] The program may have out of bound access of array variable 'w[1][3]' in function 'conv_acc4t' (source/conv_acc4t.cpp:46:21).
WARNING: [ANALYSIS 214-31] The program may have out of bound access of array variable 'w[2][0]' in function 'conv_acc4t' (source/conv_acc4t.cpp:46:21).
WARNING: [ANALYSIS 214-31] The program may have out of bound access of array variable 'w[2][0]' in function 'conv_acc4t' (source/conv_acc4t.cpp:46:21).
WARNING: [ANALYSIS 214-31] The program may have out of bound access of array variable 'w[2][1]' in function 'conv_acc4t' (source/conv_acc4t.cpp:46:21).
WARNING: [ANALYSIS 214-31] The program may have out of bound access of array variable 'w[2][1]' in function 'conv_acc4t' (source/conv_acc4t.cpp:46:21).
WARNING: [ANALYSIS 214-31] The program may have out of bound access of array variable 'w[2][2]' in function 'conv_acc4t' (source/conv_acc4t.cpp:46:21).
WARNING: [ANALYSIS 214-31] The program may have out of bound access of array variable 'w[2][2]' in function 'conv_acc4t' (source/conv_acc4t.cpp:46:21).
WARNING: [ANALYSIS 214-31] The program may have out of bound access of array variable 'w[2][3]' in function 'conv_acc4t' (source/conv_acc4t.cpp:46:21).
WARNING: [ANALYSIS 214-31] The program may have out of bound access of array variable 'w[2][3]' in function 'conv_acc4t' (source/conv_acc4t.cpp:46:21).
WARNING: [ANALYSIS 214-31] The program may have out of bound access of array variable 'w[3][0]' in function 'conv_acc4t' (source/conv_acc4t.cpp:46:21).
WARNING: [ANALYSIS 214-31] The program may have out of bound access of array variable 'w[3][0]' in function 'conv_acc4t' (source/conv_acc4t.cpp:46:21).
WARNING: [ANALYSIS 214-31] The program may have out of bound access of array variable 'w[3][1]' in function 'conv_acc4t' (source/conv_acc4t.cpp:46:21).
WARNING: [ANALYSIS 214-31] The program may have out of bound access of array variable 'w[3][1]' in function 'conv_acc4t' (source/conv_acc4t.cpp:46:21).
WARNING: [ANALYSIS 214-31] The program may have out of bound access of array variable 'w[3][2]' in function 'conv_acc4t' (source/conv_acc4t.cpp:46:21).
WARNING: [ANALYSIS 214-31] The program may have out of bound access of array variable 'w[3][2]' in function 'conv_acc4t' (source/conv_acc4t.cpp:46:21).
WARNING: [ANALYSIS 214-31] The program may have out of bound access of array variable 'w[3][3]' in function 'conv_acc4t' (source/conv_acc4t.cpp:46:21).
WARNING: [ANALYSIS 214-31] The program may have out of bound access of array variable 'w[3][3]' in function 'conv_acc4t' (source/conv_acc4t.cpp:46:21).
INFO: [HLS 200-111] Finished Loop, function and other optimizations: CPU user time: 5.27 seconds. CPU system time: 0.08 seconds. Elapsed time: 5.43 seconds; current allocated memory: 221.314 MB.
INFO: [XFORM 203-541] Flattening a loop nest 'VITIS_LOOP_26_1' (source/conv_acc4t.cpp:26:35) in function 'conv_acc4t'.
INFO: [XFORM 203-541] Flattening a loop nest 'INDATA_LOAD' (source/conv_acc4t.cpp:24:14) in function 'conv_acc4t'.
INFO: [XFORM 203-541] Flattening a loop nest 'VITIS_LOOP_42_2' (source/conv_acc4t.cpp:42:39) in function 'conv_acc4t'.
INFO: [XFORM 203-541] Flattening a loop nest 'VITIS_LOOP_40_1' (source/conv_acc4t.cpp:40:35) in function 'conv_acc4t'.
INFO: [XFORM 203-541] Flattening a loop nest 'WDATA_LOAD' (source/conv_acc4t.cpp:38:14) in function 'conv_acc4t'.
INFO: [XFORM 203-541] Flattening a loop nest 'VITIS_LOOP_57_1' (source/conv_acc4t.cpp:57:35) in function 'conv_acc4t'.
INFO: [XFORM 203-541] Flattening a loop nest 'OUTDATA_WRITE' (source/conv_acc4t.cpp:55:14) in function 'conv_acc4t'.
INFO: [HLS 200-472] Inferring partial write operation for 'out' (source/conv_acc4t.cpp:89:44)
INFO: [HLS 200-472] Inferring partial write operation for 'in.0' (source/conv_acc4t.cpp:30:39)
INFO: [HLS 200-472] Inferring partial write operation for 'w[0][0]' (source/conv_acc4t.cpp:46:49)
INFO: [HLS 200-111] Finished Architecture Synthesis: CPU user time: 1.26 seconds. CPU system time: 0.01 seconds. Elapsed time: 1.35 seconds; current allocated memory: 239.812 MB.
INFO: [HLS 200-10] Starting hardware synthesis ...
INFO: [HLS 200-10] Synthesizing 'conv_acc4t' ...
INFO: [HLS 200-10] ----------------------------------------------------------------
INFO: [HLS 200-42] -- Implementing module 'convolution' 
INFO: [HLS 200-10] ----------------------------------------------------------------
INFO: [SCHED 204-11] Starting scheduling ...
INFO: [SCHED 204-61] Pipelining loop 'Output_row'.
WARNING: [HLS 200-885] Unable to schedule 'load' operation ('in_0_load_2', source/conv_acc4t.cpp:89) on array 'in_0' due to limited memory ports. Please consider using a memory core with more ports or partitioning the array 'in_0'.
INFO: [HLS 200-1470] Pipelining result : Target II = 1, Final II = 24, Depth = 159, loop 'Output_row'
INFO: [SCHED 204-11] Finished scheduling.
INFO: [HLS 200-111] Finished Scheduling: CPU user time: 67.92 seconds. CPU system time: 0.11 seconds. Elapsed time: 68.1 seconds; current allocated memory: 266.557 MB.
INFO: [BIND 205-100] Starting micro-architecture generation ...
INFO: [BIND 205-101] Performing variable lifetime analysis.
INFO: [BIND 205-101] Exploring resource sharing.
INFO: [BIND 205-101] Binding ...
INFO: [BIND 205-100] Finished micro-architecture generation.
INFO: [HLS 200-111] Finished Binding: CPU user time: 24.71 seconds. CPU system time: 0.08 seconds. Elapsed time: 24.8 seconds; current allocated memory: 305.645 MB.
INFO: [HLS 200-10] ----------------------------------------------------------------
INFO: [HLS 200-42] -- Implementing module 'conv_acc4t' 
INFO: [HLS 200-10] ----------------------------------------------------------------
INFO: [SCHED 204-11] Starting scheduling ...
INFO: [SCHED 204-61] Pipelining loop 'INDATA_LOAD_VITIS_LOOP_26_1_VITIS_LOOP_28_2'.
INFO: [HLS 200-1470] Pipelining result : Target II = 1, Final II = 1, Depth = 3, loop 'INDATA_LOAD_VITIS_LOOP_26_1_VITIS_LOOP_28_2'
INFO: [SCHED 204-61] Pipelining loop 'WDATA_LOAD_VITIS_LOOP_42_2_VITIS_LOOP_44_3'.
INFO: [HLS 200-1470] Pipelining result : Target II = 1, Final II = 1, Depth = 3, loop 'WDATA_LOAD_VITIS_LOOP_42_2_VITIS_LOOP_44_3'
==============================================================
Vitis HLS - High-Level Synthesis from C, C++ and OpenCL v2020.2 (64-bit)
Copyright 1986-2020 Xilinx, Inc. All Rights Reserved.
==============================================================
