INFO: [SIM 2] *************** CSIM start ***************
INFO: [SIM 4] CSIM will launch GCC as the compiler.
   Compiling(apcc) ../../../../test_gemv.c in debug mode
INFO: [HLS 200-10] Running '/tools/Xilinx/Vitis_HLS/2020.2/bin/unwrapped/lnx64.o/apcc'
INFO: [HLS 200-10] For user 'yobuwen' on host 'yobuwen' (Linux_x86_64 version 4.15.0-126-generic) on Fri Feb 19 14:37:48 CST 2021
INFO: [HLS 200-10] On os Ubuntu 16.04.7 LTS
INFO: [HLS 200-10] In directory '/home/yobuwen/hello-one/HLS_prj/example/solution1/csim/build'
../../../../test_gemv.c:29:14: warning: passing 'const data_type [5]' to parameter of type 'data_type *' (aka 'int *') discards qualifiers [-Wincompatible-pointer-types]
        ceck_result(CorrectResult_c, HLSResult_c);
                    ^~~~~~~~~~~~~~~
../../../../test_gemv.c:20:29: note: passing argument to parameter 'CorrectResult' here
void ceck_result(data_type *CorrectResult, data_type *HLSResult){
                            ^
1 warning generated.
../../../../test_gemv.c:29:14: warning: passing 'const data_type [5]' to parameter of type 'data_type *' (aka 'int *') discards qualifiers [-Wincompatible-pointer-types]
        ceck_result(CorrectResult_c, HLSResult_c);
                    ^~~~~~~~~~~~~~~
../../../../test_gemv.c:20:29: note: passing argument to parameter 'CorrectResult' here
void ceck_result(data_type *CorrectResult, data_type *HLSResult){
                            ^
1 warning generated.
INFO: [APCC 202-3] Tmp directory is /tmp/apcc_db_yobuwen/267271613716668755406
INFO: [APCC 202-1] APCC is done.
   Compiling(apcc) ../../../../example_gemv.c in debug mode
INFO: [HLS 200-10] Running '/tools/Xilinx/Vitis_HLS/2020.2/bin/unwrapped/lnx64.o/apcc'
INFO: [HLS 200-10] For user 'yobuwen' on host 'yobuwen' (Linux_x86_64 version 4.15.0-126-generic) on Fri Feb 19 14:38:00 CST 2021
INFO: [HLS 200-10] On os Ubuntu 16.04.7 LTS
INFO: [HLS 200-10] In directory '/home/yobuwen/hello-one/HLS_prj/example/solution1/csim/build'
INFO: [APCC 202-3] Tmp directory is /tmp/apcc_db_yobuwen/268141613716680276671
INFO: [APCC 202-1] APCC is done.
   Generating csim.exe
checking result:
Idx 0:ERROR = 0 
Idx 1:ERROR = 0 
Idx 2:ERROR = 0 
Idx 3:ERROR = 0 
Idx 4:ERROR = 0 
INFO: [SIM 1] CSim done with 0 errors.
INFO: [SIM 3] *************** CSIM finish ***************
