#
# An unexpected error has occurred (11)
#
Stack:
/lib/x86_64-linux-gnu/libc.so.6(+0x354c0) [0x7f9d310f14c0]
/tools/Xilinx/Vitis_HLS/2020.2/lib/lnx64.o/libhls_hwsyn.so(pass::ArrayPartition::createOrFindFunc(llvm::Function*, std::vector<pass::ArrayPartitionInfo, std::allocator<pass::ArrayPartitionInfo> >&, std::vector<llvm::Value*, std::allocator<llvm::Value*> >&)+0x67f) [0x7f9d15715e1f]
/tools/Xilinx/Vitis_HLS/2020.2/lib/lnx64.o/libhls_hwsyn.so(pass::ArrayPartition::updateFunctionArg(llvm::Instruction*, llvm::Function*)+0x7c2) [0x7f9d15718e82]
/tools/Xilinx/Vitis_HLS/2020.2/lib/lnx64.o/libhls_hwsyn.so(pass::ArrayPartition::runOnModule(llvm::Module&)+0x4be) [0x7f9d1571b71e]
/tools/Xilinx/Vitis_HLS/2020.2/lib/lnx64.o/libLLVM-3.1.so(llvm::MPPassManager::runOnModule(llvm::Module&)+0x182) [0x7f9d16759702]
/tools/Xilinx/Vitis_HLS/2020.2/lib/lnx64.o/libLLVM-3.1.so(llvm::PassManagerImpl::run(llvm::Module&)+0xac) [0x7f9d167598bc]
/tools/Xilinx/Vitis_HLS/2020.2/lib/lnx64.o/libhls_main.so(+0xfe748) [0x7f9d17bc1748]
/tools/Xilinx/Vitis_HLS/2020.2/lib/lnx64.o/libhls_support.so(xpcl::TclCommand::callbackInternal(int, Tcl_Obj* const*)+0xcc9) [0x7f9d1788c2a9]
/tools/Xilinx/Vitis_HLS/2020.2/lib/lnx64.o/libhls_support.so(xpcl::TclCommand::callback(int, Tcl_Obj* const*)+0x2b) [0x7f9d1789080b]
/tools/Xilinx/Vitis_HLS/2020.2/lib/lnx64.o/libtcl8.5.so(+0x3356f) [0x7f9d2c74756f]
/tools/Xilinx/Vitis_HLS/2020.2/lib/lnx64.o/libtcl8.5.so(+0x76945) [0x7f9d2c78a945]
/tools/Xilinx/Vitis_HLS/2020.2/lib/lnx64.o/libtcl8.5.so(+0x7e0f9) [0x7f9d2c7920f9]
/tools/Xilinx/Vitis_HLS/2020.2/lib/lnx64.o/libtcl8.5.so(TclEvalObjEx+0x76) [0x7f9d2c749216]
/tools/Xilinx/Vitis_HLS/2020.2/lib/lnx64.o/librdi_commontasks.so(+0x1db9d7) [0x7f9d1f9a89d7]
/tools/Xilinx/Vitis_HLS/2020.2/lib/lnx64.o/libtcl8.5.so(+0x3356f) [0x7f9d2c74756f]
/tools/Xilinx/Vitis_HLS/2020.2/lib/lnx64.o/libtcl8.5.so(+0x76945) [0x7f9d2c78a945]
/tools/Xilinx/Vitis_HLS/2020.2/lib/lnx64.o/libtcl8.5.so(TclObjInterpProcCore+0x420) [0x7f9d2c7cbed0]
/tools/Xilinx/Vitis_HLS/2020.2/lib/lnx64.o/libtcl8.5.so(+0x3356f) [0x7f9d2c74756f]
/tools/Xilinx/Vitis_HLS/2020.2/lib/lnx64.o/libtcl8.5.so(+0x76945) [0x7f9d2c78a945]
/tools/Xilinx/Vitis_HLS/2020.2/lib/lnx64.o/libtcl8.5.so(+0x7e0f9) [0x7f9d2c7920f9]
/tools/Xilinx/Vitis_HLS/2020.2/lib/lnx64.o/libtcl8.5.so(TclEvalObjEx+0x76) [0x7f9d2c749216]
/tools/Xilinx/Vitis_HLS/2020.2/lib/lnx64.o/librdi_commontasks.so(+0x1db9d7) [0x7f9d1f9a89d7]
/tools/Xilinx/Vitis_HLS/2020.2/lib/lnx64.o/libtcl8.5.so(+0x3356f) [0x7f9d2c74756f]
/tools/Xilinx/Vitis_HLS/2020.2/lib/lnx64.o/libtcl8.5.so(+0x76945) [0x7f9d2c78a945]
/tools/Xilinx/Vitis_HLS/2020.2/lib/lnx64.o/libtcl8.5.so(TclObjInterpProcCore+0x420) [0x7f9d2c7cbed0]
/tools/Xilinx/Vitis_HLS/2020.2/lib/lnx64.o/libtcl8.5.so(+0x3356f) [0x7f9d2c74756f]
/tools/Xilinx/Vitis_HLS/2020.2/lib/lnx64.o/libtcl8.5.so(+0x76945) [0x7f9d2c78a945]
/tools/Xilinx/Vitis_HLS/2020.2/lib/lnx64.o/libtcl8.5.so(TclObjInterpProcCore+0x420) [0x7f9d2c7cbed0]
/tools/Xilinx/Vitis_HLS/2020.2/lib/lnx64.o/libtcl8.5.so(+0x3356f) [0x7f9d2c74756f]
/tools/Xilinx/Vitis_HLS/2020.2/lib/lnx64.o/libtcl8.5.so(+0x76945) [0x7f9d2c78a945]
/tools/Xilinx/Vitis_HLS/2020.2/lib/lnx64.o/libtcl8.5.so(+0x7e0f9) [0x7f9d2c7920f9]
/tools/Xilinx/Vitis_HLS/2020.2/lib/lnx64.o/libtcl8.5.so(TclEvalObjEx+0x76) [0x7f9d2c749216]
/tools/Xilinx/Vitis_HLS/2020.2/lib/lnx64.o/librdi_commontasks.so(+0x1db9d7) [0x7f9d1f9a89d7]
/tools/Xilinx/Vitis_HLS/2020.2/lib/lnx64.o/libtcl8.5.so(+0x3356f) [0x7f9d2c74756f]
/tools/Xilinx/Vitis_HLS/2020.2/lib/lnx64.o/libtcl8.5.so(+0x76945) [0x7f9d2c78a945]
/tools/Xilinx/Vitis_HLS/2020.2/lib/lnx64.o/libtcl8.5.so(Tcl_ExprObj+0xf8) [0x7f9d2c791cd8]
/tools/Xilinx/Vitis_HLS/2020.2/lib/lnx64.o/libtcl8.5.so(Tcl_ExprBooleanObj+0x16) [0x7f9d2c747f56]
/tools/Xilinx/Vitis_HLS/2020.2/lib/lnx64.o/libtcl8.5.so(+0x3e7ae) [0x7f9d2c7527ae]
/tools/Xilinx/Vitis_HLS/2020.2/lib/lnx64.o/libtcl8.5.so(+0x3356f) [0x7f9d2c74756f]
/tools/Xilinx/Vitis_HLS/2020.2/lib/lnx64.o/libtcl8.5.so(+0x34bf8) [0x7f9d2c748bf8]
/tools/Xilinx/Vitis_HLS/2020.2/lib/lnx64.o/libtcl8.5.so(Tcl_EvalEx+0x13) [0x7f9d2c749163]
/tools/Xilinx/Vitis_HLS/2020.2/lib/lnx64.o/libtcl8.5.so(Tcl_Eval+0x15) [0x7f9d2c749185]
/tools/Xilinx/Vitis_HLS/2020.2/lib/lnx64.o/libhls_main.so(+0xa3071) [0x7f9d17b66071]
/tools/Xilinx/Vitis_HLS/2020.2/lib/lnx64.o/libhls_support.so(xpcl::TclCommand::callbackInternal(int, Tcl_Obj* const*)+0x5ed) [0x7f9d1788bbcd]
/tools/Xilinx/Vitis_HLS/2020.2/lib/lnx64.o/libhls_support.so(xpcl::TclCommand::callback(int, Tcl_Obj* const*)+0x2b) [0x7f9d1789080b]
/tools/Xilinx/Vitis_HLS/2020.2/lib/lnx64.o/libtcl8.5.so(+0x3356f) [0x7f9d2c74756f]
/tools/Xilinx/Vitis_HLS/2020.2/lib/lnx64.o/libtcl8.5.so(+0x76945) [0x7f9d2c78a945]
/tools/Xilinx/Vitis_HLS/2020.2/lib/lnx64.o/libtcl8.5.so(TclObjInterpProcCore+0x420) [0x7f9d2c7cbed0]
/tools/Xilinx/Vitis_HLS/2020.2/lib/lnx64.o/libtcl8.5.so(+0x3356f) [0x7f9d2c74756f]
/tools/Xilinx/Vitis_HLS/2020.2/lib/lnx64.o/libtcl8.5.so(+0x76945) [0x7f9d2c78a945]
/tools/Xilinx/Vitis_HLS/2020.2/lib/lnx64.o/libtcl8.5.so(+0x7e0f9) [0x7f9d2c7920f9]
/tools/Xilinx/Vitis_HLS/2020.2/lib/lnx64.o/libtcl8.5.so(TclEvalObjEx+0x76) [0x7f9d2c749216]
/tools/Xilinx/Vitis_HLS/2020.2/lib/lnx64.o/librdi_commontasks.so(+0x1db9d7) [0x7f9d1f9a89d7]
/tools/Xilinx/Vitis_HLS/2020.2/lib/lnx64.o/libtcl8.5.so(+0x3356f) [0x7f9d2c74756f]
/tools/Xilinx/Vitis_HLS/2020.2/lib/lnx64.o/libtcl8.5.so(+0x76945) [0x7f9d2c78a945]
/tools/Xilinx/Vitis_HLS/2020.2/lib/lnx64.o/libtcl8.5.so(Tcl_ExprObj+0xf8) [0x7f9d2c791cd8]
/tools/Xilinx/Vitis_HLS/2020.2/lib/lnx64.o/libtcl8.5.so(Tcl_ExprBooleanObj+0x16) [0x7f9d2c747f56]
/tools/Xilinx/Vitis_HLS/2020.2/lib/lnx64.o/libtcl8.5.so(+0x3e7ae) [0x7f9d2c7527ae]
/tools/Xilinx/Vitis_HLS/2020.2/lib/lnx64.o/libtcl8.5.so(+0x3356f) [0x7f9d2c74756f]
/tools/Xilinx/Vitis_HLS/2020.2/lib/lnx64.o/libtcl8.5.so(+0x34bf8) [0x7f9d2c748bf8]
/tools/Xilinx/Vitis_HLS/2020.2/lib/lnx64.o/libtcl8.5.so(Tcl_EvalEx+0x13) [0x7f9d2c749163]
/tools/Xilinx/Vitis_HLS/2020.2/lib/lnx64.o/libtcl8.5.so(Tcl_Eval+0x15) [0x7f9d2c749185]
/tools/Xilinx/Vitis_HLS/2020.2/lib/lnx64.o/libhls_main.so(+0xa3071) [0x7f9d17b66071]
/tools/Xilinx/Vitis_HLS/2020.2/lib/lnx64.o/libhls_support.so(xpcl::TclCommand::callbackInternal(int, Tcl_Obj* const*)+0x5ed) [0x7f9d1788bbcd]
/tools/Xilinx/Vitis_HLS/2020.2/lib/lnx64.o/libhls_support.so(xpcl::TclCommand::callback(int, Tcl_Obj* const*)+0x2b) [0x7f9d1789080b]
/tools/Xilinx/Vitis_HLS/2020.2/lib/lnx64.o/libtcl8.5.so(+0x3356f) [0x7f9d2c74756f]
/tools/Xilinx/Vitis_HLS/2020.2/lib/lnx64.o/libtcl8.5.so(+0x76945) [0x7f9d2c78a945]
/tools/Xilinx/Vitis_HLS/2020.2/lib/lnx64.o/libtcl8.5.so(TclObjInterpProcCore+0x420) [0x7f9d2c7cbed0]
/tools/Xilinx/Vitis_HLS/2020.2/lib/lnx64.o/libtcl8.5.so(+0x3356f) [0x7f9d2c74756f]
/tools/Xilinx/Vitis_HLS/2020.2/lib/lnx64.o/libtcl8.5.so(+0x76945) [0x7f9d2c78a945]
/tools/Xilinx/Vitis_HLS/2020.2/lib/lnx64.o/libtcl8.5.so(+0x7e0f9) [0x7f9d2c7920f9]
/tools/Xilinx/Vitis_HLS/2020.2/lib/lnx64.o/libtcl8.5.so(TclEvalObjEx+0x76) [0x7f9d2c749216]
/tools/Xilinx/Vitis_HLS/2020.2/lib/lnx64.o/librdi_commontasks.so(+0x1db9d7) [0x7f9d1f9a89d7]
/tools/Xilinx/Vitis_HLS/2020.2/lib/lnx64.o/libtcl8.5.so(+0x3356f) [0x7f9d2c74756f]
/tools/Xilinx/Vitis_HLS/2020.2/lib/lnx64.o/libtcl8.5.so(+0x76945) [0x7f9d2c78a945]
/tools/Xilinx/Vitis_HLS/2020.2/lib/lnx64.o/libtcl8.5.so(Tcl_ExprObj+0xf8) [0x7f9d2c791cd8]
/tools/Xilinx/Vitis_HLS/2020.2/lib/lnx64.o/libtcl8.5.so(Tcl_ExprBooleanObj+0x16) [0x7f9d2c747f56]
/tools/Xilinx/Vitis_HLS/2020.2/lib/lnx64.o/libtcl8.5.so(+0x3e7ae) [0x7f9d2c7527ae]
/tools/Xilinx/Vitis_HLS/2020.2/lib/lnx64.o/libtcl8.5.so(+0x3356f) [0x7f9d2c74756f]
/tools/Xilinx/Vitis_HLS/2020.2/lib/lnx64.o/libtcl8.5.so(+0x34bf8) [0x7f9d2c748bf8]
/tools/Xilinx/Vitis_HLS/2020.2/lib/lnx64.o/libtcl8.5.so(Tcl_EvalEx+0x13) [0x7f9d2c749163]
/tools/Xilinx/Vitis_HLS/2020.2/lib/lnx64.o/libtcl8.5.so(Tcl_Eval+0x15) [0x7f9d2c749185]
/tools/Xilinx/Vitis_HLS/2020.2/lib/lnx64.o/libhls_main.so(+0xa3071) [0x7f9d17b66071]
/tools/Xilinx/Vitis_HLS/2020.2/lib/lnx64.o/libhls_support.so(xpcl::TclCommand::callbackInternal(int, Tcl_Obj* const*)+0x5ed) [0x7f9d1788bbcd]
/tools/Xilinx/Vitis_HLS/2020.2/lib/lnx64.o/libhls_support.so(xpcl::TclCommand::callback(int, Tcl_Obj* const*)+0x2b) [0x7f9d1789080b]
/tools/Xilinx/Vitis_HLS/2020.2/lib/lnx64.o/libtcl8.5.so(+0x3356f) [0x7f9d2c74756f]
/tools/Xilinx/Vitis_HLS/2020.2/lib/lnx64.o/libtcl8.5.so(+0x34bf8) [0x7f9d2c748bf8]
/tools/Xilinx/Vitis_HLS/2020.2/lib/lnx64.o/libtcl8.5.so(Tcl_EvalEx+0x13) [0x7f9d2c749163]
/tools/Xilinx/Vitis_HLS/2020.2/lib/lnx64.o/libtcl8.5.so(Tcl_FSEvalFileEx+0x1da) [0x7f9d2c7add2a]
/tools/Xilinx/Vitis_HLS/2020.2/lib/lnx64.o/libhls_main.so(ApSourceTclFile(std::__cxx11::basic_string<char, std::char_traits<char>, std::allocator<char> > const&, char const*)+0x77) [0x7f9d17b59257]
/tools/Xilinx/Vitis_HLS/2020.2/lib/lnx64.o/libhls_main.so(+0x9b4d9) [0x7f9d17b5e4d9]
/tools/Xilinx/Vitis_HLS/2020.2/lib/lnx64.o/libhls_support.so(xpcl::TclCommand::callbackInternal(int, Tcl_Obj* const*)+0x5ed) [0x7f9d1788bbcd]
/tools/Xilinx/Vitis_HLS/2020.2/lib/lnx64.o/libhls_support.so(xpcl::TclCommand::callback(int, Tcl_Obj* const*)+0x2b) [0x7f9d1789080b]
/tools/Xilinx/Vitis_HLS/2020.2/lib/lnx64.o/libtcl8.5.so(+0x3356f) [0x7f9d2c74756f]
/tools/Xilinx/Vitis_HLS/2020.2/lib/lnx64.o/libtcl8.5.so(Tcl_EvalObjv+0x32) [0x7f9d2c7476a2]
/tools/Xilinx/Vitis_HLS/2020.2/lib/lnx64.o/libtcl8.5.so(TclEvalObjEx+0x322) [0x7f9d2c7494c2]
/tools/Xilinx/Vitis_HLS/2020.2/lib/lnx64.o/librdi_hlstasks.so(+0x920a) [0x7f9d1c1e720a]
/tools/Xilinx/Vitis_HLS/2020.2/lib/lnx64.o/librdi_common.so(+0x9cfb1d) [0x7f9d325fdb1d]
/tools/Xilinx/Vitis_HLS/2020.2/lib/lnx64.o/libtcl8.5.so(+0x3356f) [0x7f9d2c74756f]
/tools/Xilinx/Vitis_HLS/2020.2/lib/lnx64.o/libtcl8.5.so(+0x34bf8) [0x7f9d2c748bf8]
/tools/Xilinx/Vitis_HLS/2020.2/lib/lnx64.o/libtcl8.5.so(Tcl_EvalEx+0x13) [0x7f9d2c749163]
/tools/Xilinx/Vitis_HLS/2020.2/lib/lnx64.o/libtcl8.5.so(TclEvalObjEx+0x3cf) [0x7f9d2c74956f]
/tools/Xilinx/Vitis_HLS/2020.2/lib/lnx64.o/libtcl8.5.so(+0xb7589) [0x7f9d2c7cb589]
/tools/Xilinx/Vitis_HLS/2020.2/lib/lnx64.o/libtcl8.5.so(+0x3356f) [0x7f9d2c74756f]
/tools/Xilinx/Vitis_HLS/2020.2/lib/lnx64.o/libtcl8.5.so(+0x76945) [0x7f9d2c78a945]
/tools/Xilinx/Vitis_HLS/2020.2/lib/lnx64.o/libtcl8.5.so(TclObjInterpProcCore+0x420) [0x7f9d2c7cbed0]
/tools/Xilinx/Vitis_HLS/2020.2/lib/lnx64.o/libtcl8.5.so(+0x3356f) [0x7f9d2c74756f]
/tools/Xilinx/Vitis_HLS/2020.2/lib/lnx64.o/libtcl8.5.so(+0x76945) [0x7f9d2c78a945]
/tools/Xilinx/Vitis_HLS/2020.2/lib/lnx64.o/libtcl8.5.so(+0x7e0f9) [0x7f9d2c7920f9]
/tools/Xilinx/Vitis_HLS/2020.2/lib/lnx64.o/libtcl8.5.so(TclEvalObjEx+0x76) [0x7f9d2c749216]
/tools/Xilinx/Vitis_HLS/2020.2/lib/lnx64.o/librdi_commontasks.so(+0x1dba74) [0x7f9d1f9a8a74]
/tools/Xilinx/Vitis_HLS/2020.2/lib/lnx64.o/libtcl8.5.so(+0x3356f) [0x7f9d2c74756f]
/tools/Xilinx/Vitis_HLS/2020.2/lib/lnx64.o/libtcl8.5.so(+0x34bf8) [0x7f9d2c748bf8]
/tools/Xilinx/Vitis_HLS/2020.2/lib/lnx64.o/libtcl8.5.so(+0xad566) [0x7f9d2c7c1566]
/tools/Xilinx/Vitis_HLS/2020.2/lib/lnx64.o/libtcl8.5.so(+0x34785) [0x7f9d2c748785]
/tools/Xilinx/Vitis_HLS/2020.2/lib/lnx64.o/libtcl8.5.so(Tcl_EvalEx+0x13) [0x7f9d2c749163]
/tools/Xilinx/Vitis_HLS/2020.2/lib/lnx64.o/libtcl8.5.so(Tcl_FSEvalFileEx+0x1da) [0x7f9d2c7add2a]
/tools/Xilinx/Vitis_HLS/2020.2/lib/lnx64.o/librdi_commontasks.so(+0x1f8c0d) [0x7f9d1f9c5c0d]
/tools/Xilinx/Vitis_HLS/2020.2/lib/lnx64.o/librdi_common.so(+0x9cfb1d) [0x7f9d325fdb1d]
/tools/Xilinx/Vitis_HLS/2020.2/lib/lnx64.o/libtcl8.5.so(+0x3356f) [0x7f9d2c74756f]
/tools/Xilinx/Vitis_HLS/2020.2/lib/lnx64.o/libtcl8.5.so(Tcl_EvalObjv+0x32) [0x7f9d2c7476a2]
/tools/Xilinx/Vitis_HLS/2020.2/lib/lnx64.o/libtcl8.5.so(TclEvalObjEx+0x322) [0x7f9d2c7494c2]
/tools/Xilinx/Vitis_HLS/2020.2/lib/lnx64.o/librdi_commontasks.so(+0x23f1d9) [0x7f9d1fa0c1d9]
/tools/Xilinx/Vitis_HLS/2020.2/lib/lnx64.o/librdi_commontasks.so(+0x240bde) [0x7f9d1fa0dbde]
/tools/Xilinx/Vitis_HLS/2020.2/lib/lnx64.o/librdi_common.so(+0x9cfb1d) [0x7f9d325fdb1d]
/tools/Xilinx/Vitis_HLS/2020.2/lib/lnx64.o/libtcl8.5.so(+0x3356f) [0x7f9d2c74756f]
/tools/Xilinx/Vitis_HLS/2020.2/lib/lnx64.o/libtcl8.5.so(Tcl_EvalObjv+0x32) [0x7f9d2c7476a2]
/tools/Xilinx/Vitis_HLS/2020.2/lib/lnx64.o/libtcl8.5.so(TclEvalObjEx+0x322) [0x7f9d2c7494c2]
/tools/Xilinx/Vitis_HLS/2020.2/lib/lnx64.o/librdi_commonmain.so(+0xad53) [0x7f9d31a26d53]
/tools/Xilinx/Vitis_HLS/2020.2/lib/lnx64.o/libtcl8.5.so(Tcl_Main+0x1d0) [0x7f9d2c7b42f0]
/tools/Xilinx/Vitis_HLS/2020.2/lib/lnx64.o/librdi_common.so(+0xa1442b) [0x7f9d3264242b]
/lib/x86_64-linux-gnu/libpthread.so.0(+0x76ba) [0x7f9d28f506ba]
/lib/x86_64-linux-gnu/libc.so.6(clone+0x6d) [0x7f9d311c34dd]
