#
# An unexpected error has occurred (11)
#
Stack:
/lib/x86_64-linux-gnu/libc.so.6(+0x354c0) [0x7f7cf04bb4c0]
/tools/Xilinx/Vitis_HLS/2020.2/lib/lnx64.o/libhls_hwsyn.so(pass::ArrayPartition::createOrFindFunc(llvm::Function*, std::vector<pass::ArrayPartitionInfo, std::allocator<pass::ArrayPartitionInfo> >&, std::vector<llvm::Value*, std::allocator<llvm::Value*> >&)+0x67f) [0x7f7cd4b92e1f]
/tools/Xilinx/Vitis_HLS/2020.2/lib/lnx64.o/libhls_hwsyn.so(pass::ArrayPartition::updateFunctionArg(llvm::Instruction*, llvm::Function*)+0x7c2) [0x7f7cd4b95e82]
/tools/Xilinx/Vitis_HLS/2020.2/lib/lnx64.o/libhls_hwsyn.so(pass::ArrayPartition::runOnModule(llvm::Module&)+0x4be) [0x7f7cd4b9871e]
/tools/Xilinx/Vitis_HLS/2020.2/lib/lnx64.o/libLLVM-3.1.so(llvm::MPPassManager::runOnModule(llvm::Module&)+0x182) [0x7f7cd5bd6702]
/tools/Xilinx/Vitis_HLS/2020.2/lib/lnx64.o/libLLVM-3.1.so(llvm::PassManagerImpl::run(llvm::Module&)+0xac) [0x7f7cd5bd68bc]
/tools/Xilinx/Vitis_HLS/2020.2/lib/lnx64.o/libhls_main.so(+0xfe748) [0x7f7cd703e748]
/tools/Xilinx/Vitis_HLS/2020.2/lib/lnx64.o/libhls_support.so(xpcl::TclCommand::callbackInternal(int, Tcl_Obj* const*)+0xcc9) [0x7f7cd6d092a9]
/tools/Xilinx/Vitis_HLS/2020.2/lib/lnx64.o/libhls_support.so(xpcl::TclCommand::callback(int, Tcl_Obj* const*)+0x2b) [0x7f7cd6d0d80b]
/tools/Xilinx/Vitis_HLS/2020.2/lib/lnx64.o/libtcl8.5.so(+0x3356f) [0x7f7cebb1156f]
/tools/Xilinx/Vitis_HLS/2020.2/lib/lnx64.o/libtcl8.5.so(+0x76945) [0x7f7cebb54945]
/tools/Xilinx/Vitis_HLS/2020.2/lib/lnx64.o/libtcl8.5.so(+0x7e0f9) [0x7f7cebb5c0f9]
/tools/Xilinx/Vitis_HLS/2020.2/lib/lnx64.o/libtcl8.5.so(TclEvalObjEx+0x76) [0x7f7cebb13216]
/tools/Xilinx/Vitis_HLS/2020.2/lib/lnx64.o/librdi_commontasks.so(+0x1db9d7) [0x7f7cded899d7]
/tools/Xilinx/Vitis_HLS/2020.2/lib/lnx64.o/libtcl8.5.so(+0x3356f) [0x7f7cebb1156f]
/tools/Xilinx/Vitis_HLS/2020.2/lib/lnx64.o/libtcl8.5.so(+0x76945) [0x7f7cebb54945]
/tools/Xilinx/Vitis_HLS/2020.2/lib/lnx64.o/libtcl8.5.so(TclObjInterpProcCore+0x420) [0x7f7cebb95ed0]
/tools/Xilinx/Vitis_HLS/2020.2/lib/lnx64.o/libtcl8.5.so(+0x3356f) [0x7f7cebb1156f]
/tools/Xilinx/Vitis_HLS/2020.2/lib/lnx64.o/libtcl8.5.so(+0x76945) [0x7f7cebb54945]
/tools/Xilinx/Vitis_HLS/2020.2/lib/lnx64.o/libtcl8.5.so(+0x7e0f9) [0x7f7cebb5c0f9]
/tools/Xilinx/Vitis_HLS/2020.2/lib/lnx64.o/libtcl8.5.so(TclEvalObjEx+0x76) [0x7f7cebb13216]
/tools/Xilinx/Vitis_HLS/2020.2/lib/lnx64.o/librdi_commontasks.so(+0x1db9d7) [0x7f7cded899d7]
/tools/Xilinx/Vitis_HLS/2020.2/lib/lnx64.o/libtcl8.5.so(+0x3356f) [0x7f7cebb1156f]
/tools/Xilinx/Vitis_HLS/2020.2/lib/lnx64.o/libtcl8.5.so(+0x76945) [0x7f7cebb54945]
/tools/Xilinx/Vitis_HLS/2020.2/lib/lnx64.o/libtcl8.5.so(TclObjInterpProcCore+0x420) [0x7f7cebb95ed0]
/tools/Xilinx/Vitis_HLS/2020.2/lib/lnx64.o/libtcl8.5.so(+0x3356f) [0x7f7cebb1156f]
/tools/Xilinx/Vitis_HLS/2020.2/lib/lnx64.o/libtcl8.5.so(+0x76945) [0x7f7cebb54945]
/tools/Xilinx/Vitis_HLS/2020.2/lib/lnx64.o/libtcl8.5.so(TclObjInterpProcCore+0x420) [0x7f7cebb95ed0]
/tools/Xilinx/Vitis_HLS/2020.2/lib/lnx64.o/libtcl8.5.so(+0x3356f) [0x7f7cebb1156f]
/tools/Xilinx/Vitis_HLS/2020.2/lib/lnx64.o/libtcl8.5.so(+0x76945) [0x7f7cebb54945]
/tools/Xilinx/Vitis_HLS/2020.2/lib/lnx64.o/libtcl8.5.so(+0x7e0f9) [0x7f7cebb5c0f9]
/tools/Xilinx/Vitis_HLS/2020.2/lib/lnx64.o/libtcl8.5.so(TclEvalObjEx+0x76) [0x7f7cebb13216]
/tools/Xilinx/Vitis_HLS/2020.2/lib/lnx64.o/librdi_commontasks.so(+0x1db9d7) [0x7f7cded899d7]
/tools/Xilinx/Vitis_HLS/2020.2/lib/lnx64.o/libtcl8.5.so(+0x3356f) [0x7f7cebb1156f]
/tools/Xilinx/Vitis_HLS/2020.2/lib/lnx64.o/libtcl8.5.so(+0x76945) [0x7f7cebb54945]
/tools/Xilinx/Vitis_HLS/2020.2/lib/lnx64.o/libtcl8.5.so(Tcl_ExprObj+0xf8) [0x7f7cebb5bcd8]
/tools/Xilinx/Vitis_HLS/2020.2/lib/lnx64.o/libtcl8.5.so(Tcl_ExprBooleanObj+0x16) [0x7f7cebb11f56]
/tools/Xilinx/Vitis_HLS/2020.2/lib/lnx64.o/libtcl8.5.so(+0x3e7ae) [0x7f7cebb1c7ae]
/tools/Xilinx/Vitis_HLS/2020.2/lib/lnx64.o/libtcl8.5.so(+0x3356f) [0x7f7cebb1156f]
/tools/Xilinx/Vitis_HLS/2020.2/lib/lnx64.o/libtcl8.5.so(+0x34bf8) [0x7f7cebb12bf8]
/tools/Xilinx/Vitis_HLS/2020.2/lib/lnx64.o/libtcl8.5.so(Tcl_EvalEx+0x13) [0x7f7cebb13163]
/tools/Xilinx/Vitis_HLS/2020.2/lib/lnx64.o/libtcl8.5.so(Tcl_Eval+0x15) [0x7f7cebb13185]
/tools/Xilinx/Vitis_HLS/2020.2/lib/lnx64.o/libhls_main.so(+0xa3071) [0x7f7cd6fe3071]
/tools/Xilinx/Vitis_HLS/2020.2/lib/lnx64.o/libhls_support.so(xpcl::TclCommand::callbackInternal(int, Tcl_Obj* const*)+0x5ed) [0x7f7cd6d08bcd]
/tools/Xilinx/Vitis_HLS/2020.2/lib/lnx64.o/libhls_support.so(xpcl::TclCommand::callback(int, Tcl_Obj* const*)+0x2b) [0x7f7cd6d0d80b]
/tools/Xilinx/Vitis_HLS/2020.2/lib/lnx64.o/libtcl8.5.so(+0x3356f) [0x7f7cebb1156f]
/tools/Xilinx/Vitis_HLS/2020.2/lib/lnx64.o/libtcl8.5.so(+0x76945) [0x7f7cebb54945]
/tools/Xilinx/Vitis_HLS/2020.2/lib/lnx64.o/libtcl8.5.so(TclObjInterpProcCore+0x420) [0x7f7cebb95ed0]
/tools/Xilinx/Vitis_HLS/2020.2/lib/lnx64.o/libtcl8.5.so(+0x3356f) [0x7f7cebb1156f]
/tools/Xilinx/Vitis_HLS/2020.2/lib/lnx64.o/libtcl8.5.so(+0x76945) [0x7f7cebb54945]
/tools/Xilinx/Vitis_HLS/2020.2/lib/lnx64.o/libtcl8.5.so(+0x7e0f9) [0x7f7cebb5c0f9]
/tools/Xilinx/Vitis_HLS/2020.2/lib/lnx64.o/libtcl8.5.so(TclEvalObjEx+0x76) [0x7f7cebb13216]
/tools/Xilinx/Vitis_HLS/2020.2/lib/lnx64.o/librdi_commontasks.so(+0x1db9d7) [0x7f7cded899d7]
/tools/Xilinx/Vitis_HLS/2020.2/lib/lnx64.o/libtcl8.5.so(+0x3356f) [0x7f7cebb1156f]
/tools/Xilinx/Vitis_HLS/2020.2/lib/lnx64.o/libtcl8.5.so(+0x76945) [0x7f7cebb54945]
/tools/Xilinx/Vitis_HLS/2020.2/lib/lnx64.o/libtcl8.5.so(Tcl_ExprObj+0xf8) [0x7f7cebb5bcd8]
/tools/Xilinx/Vitis_HLS/2020.2/lib/lnx64.o/libtcl8.5.so(Tcl_ExprBooleanObj+0x16) [0x7f7cebb11f56]
/tools/Xilinx/Vitis_HLS/2020.2/lib/lnx64.o/libtcl8.5.so(+0x3e7ae) [0x7f7cebb1c7ae]
/tools/Xilinx/Vitis_HLS/2020.2/lib/lnx64.o/libtcl8.5.so(+0x3356f) [0x7f7cebb1156f]
/tools/Xilinx/Vitis_HLS/2020.2/lib/lnx64.o/libtcl8.5.so(+0x34bf8) [0x7f7cebb12bf8]
/tools/Xilinx/Vitis_HLS/2020.2/lib/lnx64.o/libtcl8.5.so(Tcl_EvalEx+0x13) [0x7f7cebb13163]
/tools/Xilinx/Vitis_HLS/2020.2/lib/lnx64.o/libtcl8.5.so(Tcl_Eval+0x15) [0x7f7cebb13185]
/tools/Xilinx/Vitis_HLS/2020.2/lib/lnx64.o/libhls_main.so(+0xa3071) [0x7f7cd6fe3071]
/tools/Xilinx/Vitis_HLS/2020.2/lib/lnx64.o/libhls_support.so(xpcl::TclCommand::callbackInternal(int, Tcl_Obj* const*)+0x5ed) [0x7f7cd6d08bcd]
/tools/Xilinx/Vitis_HLS/2020.2/lib/lnx64.o/libhls_support.so(xpcl::TclCommand::callback(int, Tcl_Obj* const*)+0x2b) [0x7f7cd6d0d80b]
/tools/Xilinx/Vitis_HLS/2020.2/lib/lnx64.o/libtcl8.5.so(+0x3356f) [0x7f7cebb1156f]
/tools/Xilinx/Vitis_HLS/2020.2/lib/lnx64.o/libtcl8.5.so(+0x76945) [0x7f7cebb54945]
/tools/Xilinx/Vitis_HLS/2020.2/lib/lnx64.o/libtcl8.5.so(TclObjInterpProcCore+0x420) [0x7f7cebb95ed0]
/tools/Xilinx/Vitis_HLS/2020.2/lib/lnx64.o/libtcl8.5.so(+0x3356f) [0x7f7cebb1156f]
/tools/Xilinx/Vitis_HLS/2020.2/lib/lnx64.o/libtcl8.5.so(+0x76945) [0x7f7cebb54945]
/tools/Xilinx/Vitis_HLS/2020.2/lib/lnx64.o/libtcl8.5.so(+0x7e0f9) [0x7f7cebb5c0f9]
/tools/Xilinx/Vitis_HLS/2020.2/lib/lnx64.o/libtcl8.5.so(TclEvalObjEx+0x76) [0x7f7cebb13216]
/tools/Xilinx/Vitis_HLS/2020.2/lib/lnx64.o/librdi_commontasks.so(+0x1db9d7) [0x7f7cded899d7]
/tools/Xilinx/Vitis_HLS/2020.2/lib/lnx64.o/libtcl8.5.so(+0x3356f) [0x7f7cebb1156f]
/tools/Xilinx/Vitis_HLS/2020.2/lib/lnx64.o/libtcl8.5.so(+0x76945) [0x7f7cebb54945]
/tools/Xilinx/Vitis_HLS/2020.2/lib/lnx64.o/libtcl8.5.so(Tcl_ExprObj+0xf8) [0x7f7cebb5bcd8]
/tools/Xilinx/Vitis_HLS/2020.2/lib/lnx64.o/libtcl8.5.so(Tcl_ExprBooleanObj+0x16) [0x7f7cebb11f56]
/tools/Xilinx/Vitis_HLS/2020.2/lib/lnx64.o/libtcl8.5.so(+0x3e7ae) [0x7f7cebb1c7ae]
/tools/Xilinx/Vitis_HLS/2020.2/lib/lnx64.o/libtcl8.5.so(+0x3356f) [0x7f7cebb1156f]
/tools/Xilinx/Vitis_HLS/2020.2/lib/lnx64.o/libtcl8.5.so(+0x34bf8) [0x7f7cebb12bf8]
/tools/Xilinx/Vitis_HLS/2020.2/lib/lnx64.o/libtcl8.5.so(Tcl_EvalEx+0x13) [0x7f7cebb13163]
/tools/Xilinx/Vitis_HLS/2020.2/lib/lnx64.o/libtcl8.5.so(Tcl_Eval+0x15) [0x7f7cebb13185]
/tools/Xilinx/Vitis_HLS/2020.2/lib/lnx64.o/libhls_main.so(+0xa3071) [0x7f7cd6fe3071]
/tools/Xilinx/Vitis_HLS/2020.2/lib/lnx64.o/libhls_support.so(xpcl::TclCommand::callbackInternal(int, Tcl_Obj* const*)+0x5ed) [0x7f7cd6d08bcd]
/tools/Xilinx/Vitis_HLS/2020.2/lib/lnx64.o/libhls_support.so(xpcl::TclCommand::callback(int, Tcl_Obj* const*)+0x2b) [0x7f7cd6d0d80b]
/tools/Xilinx/Vitis_HLS/2020.2/lib/lnx64.o/libtcl8.5.so(+0x3356f) [0x7f7cebb1156f]
/tools/Xilinx/Vitis_HLS/2020.2/lib/lnx64.o/libtcl8.5.so(+0x34bf8) [0x7f7cebb12bf8]
/tools/Xilinx/Vitis_HLS/2020.2/lib/lnx64.o/libtcl8.5.so(Tcl_EvalEx+0x13) [0x7f7cebb13163]
/tools/Xilinx/Vitis_HLS/2020.2/lib/lnx64.o/libtcl8.5.so(Tcl_FSEvalFileEx+0x1da) [0x7f7cebb77d2a]
/tools/Xilinx/Vitis_HLS/2020.2/lib/lnx64.o/libhls_main.so(ApSourceTclFile(std::__cxx11::basic_string<char, std::char_traits<char>, std::allocator<char> > const&, char const*)+0x77) [0x7f7cd6fd6257]
/tools/Xilinx/Vitis_HLS/2020.2/lib/lnx64.o/libhls_main.so(+0x9b4d9) [0x7f7cd6fdb4d9]
/tools/Xilinx/Vitis_HLS/2020.2/lib/lnx64.o/libhls_support.so(xpcl::TclCommand::callbackInternal(int, Tcl_Obj* const*)+0x5ed) [0x7f7cd6d08bcd]
/tools/Xilinx/Vitis_HLS/2020.2/lib/lnx64.o/libhls_support.so(xpcl::TclCommand::callback(int, Tcl_Obj* const*)+0x2b) [0x7f7cd6d0d80b]
/tools/Xilinx/Vitis_HLS/2020.2/lib/lnx64.o/libtcl8.5.so(+0x3356f) [0x7f7cebb1156f]
/tools/Xilinx/Vitis_HLS/2020.2/lib/lnx64.o/libtcl8.5.so(Tcl_EvalObjv+0x32) [0x7f7cebb116a2]
/tools/Xilinx/Vitis_HLS/2020.2/lib/lnx64.o/libtcl8.5.so(TclEvalObjEx+0x322) [0x7f7cebb134c2]
/tools/Xilinx/Vitis_HLS/2020.2/lib/lnx64.o/librdi_hlstasks.so(+0x920a) [0x7f7cd748620a]
/tools/Xilinx/Vitis_HLS/2020.2/lib/lnx64.o/librdi_common.so(+0x9cfb1d) [0x7f7cf19c7b1d]
/tools/Xilinx/Vitis_HLS/2020.2/lib/lnx64.o/libtcl8.5.so(+0x3356f) [0x7f7cebb1156f]
/tools/Xilinx/Vitis_HLS/2020.2/lib/lnx64.o/libtcl8.5.so(+0x34bf8) [0x7f7cebb12bf8]
/tools/Xilinx/Vitis_HLS/2020.2/lib/lnx64.o/libtcl8.5.so(Tcl_EvalEx+0x13) [0x7f7cebb13163]
/tools/Xilinx/Vitis_HLS/2020.2/lib/lnx64.o/libtcl8.5.so(TclEvalObjEx+0x3cf) [0x7f7cebb1356f]
/tools/Xilinx/Vitis_HLS/2020.2/lib/lnx64.o/libtcl8.5.so(+0xb7589) [0x7f7cebb95589]
/tools/Xilinx/Vitis_HLS/2020.2/lib/lnx64.o/libtcl8.5.so(+0x3356f) [0x7f7cebb1156f]
/tools/Xilinx/Vitis_HLS/2020.2/lib/lnx64.o/libtcl8.5.so(+0x76945) [0x7f7cebb54945]
/tools/Xilinx/Vitis_HLS/2020.2/lib/lnx64.o/libtcl8.5.so(TclObjInterpProcCore+0x420) [0x7f7cebb95ed0]
/tools/Xilinx/Vitis_HLS/2020.2/lib/lnx64.o/libtcl8.5.so(+0x3356f) [0x7f7cebb1156f]
/tools/Xilinx/Vitis_HLS/2020.2/lib/lnx64.o/libtcl8.5.so(+0x76945) [0x7f7cebb54945]
/tools/Xilinx/Vitis_HLS/2020.2/lib/lnx64.o/libtcl8.5.so(+0x7e0f9) [0x7f7cebb5c0f9]
/tools/Xilinx/Vitis_HLS/2020.2/lib/lnx64.o/libtcl8.5.so(TclEvalObjEx+0x76) [0x7f7cebb13216]
/tools/Xilinx/Vitis_HLS/2020.2/lib/lnx64.o/librdi_commontasks.so(+0x1dba74) [0x7f7cded89a74]
/tools/Xilinx/Vitis_HLS/2020.2/lib/lnx64.o/libtcl8.5.so(+0x3356f) [0x7f7cebb1156f]
/tools/Xilinx/Vitis_HLS/2020.2/lib/lnx64.o/libtcl8.5.so(+0x34bf8) [0x7f7cebb12bf8]
/tools/Xilinx/Vitis_HLS/2020.2/lib/lnx64.o/libtcl8.5.so(+0xad566) [0x7f7cebb8b566]
/tools/Xilinx/Vitis_HLS/2020.2/lib/lnx64.o/libtcl8.5.so(+0x34785) [0x7f7cebb12785]
/tools/Xilinx/Vitis_HLS/2020.2/lib/lnx64.o/libtcl8.5.so(Tcl_EvalEx+0x13) [0x7f7cebb13163]
/tools/Xilinx/Vitis_HLS/2020.2/lib/lnx64.o/libtcl8.5.so(Tcl_FSEvalFileEx+0x1da) [0x7f7cebb77d2a]
/tools/Xilinx/Vitis_HLS/2020.2/lib/lnx64.o/librdi_commontasks.so(+0x1f8c0d) [0x7f7cdeda6c0d]
/tools/Xilinx/Vitis_HLS/2020.2/lib/lnx64.o/librdi_common.so(+0x9cfb1d) [0x7f7cf19c7b1d]
/tools/Xilinx/Vitis_HLS/2020.2/lib/lnx64.o/libtcl8.5.so(+0x3356f) [0x7f7cebb1156f]
/tools/Xilinx/Vitis_HLS/2020.2/lib/lnx64.o/libtcl8.5.so(Tcl_EvalObjv+0x32) [0x7f7cebb116a2]
/tools/Xilinx/Vitis_HLS/2020.2/lib/lnx64.o/libtcl8.5.so(TclEvalObjEx+0x322) [0x7f7cebb134c2]
/tools/Xilinx/Vitis_HLS/2020.2/lib/lnx64.o/librdi_commontasks.so(+0x23f1d9) [0x7f7cdeded1d9]
/tools/Xilinx/Vitis_HLS/2020.2/lib/lnx64.o/librdi_commontasks.so(+0x240bde) [0x7f7cdedeebde]
/tools/Xilinx/Vitis_HLS/2020.2/lib/lnx64.o/librdi_common.so(+0x9cfb1d) [0x7f7cf19c7b1d]
/tools/Xilinx/Vitis_HLS/2020.2/lib/lnx64.o/libtcl8.5.so(+0x3356f) [0x7f7cebb1156f]
/tools/Xilinx/Vitis_HLS/2020.2/lib/lnx64.o/libtcl8.5.so(Tcl_EvalObjv+0x32) [0x7f7cebb116a2]
/tools/Xilinx/Vitis_HLS/2020.2/lib/lnx64.o/libtcl8.5.so(TclEvalObjEx+0x322) [0x7f7cebb134c2]
/tools/Xilinx/Vitis_HLS/2020.2/lib/lnx64.o/librdi_commonmain.so(+0xad53) [0x7f7cf0df0d53]
/tools/Xilinx/Vitis_HLS/2020.2/lib/lnx64.o/libtcl8.5.so(Tcl_Main+0x1d0) [0x7f7cebb7e2f0]
/tools/Xilinx/Vitis_HLS/2020.2/lib/lnx64.o/librdi_common.so(+0xa1442b) [0x7f7cf1a0c42b]
/lib/x86_64-linux-gnu/libpthread.so.0(+0x76ba) [0x7f7ce831a6ba]
/lib/x86_64-linux-gnu/libc.so.6(clone+0x6d) [0x7f7cf058d4dd]
