==============================================================
Vitis HLS - High-Level Synthesis from C, C++ and OpenCL v2020.2 (64-bit)
Copyright 1986-2020 Xilinx, Inc. All Rights Reserved.
==============================================================
==============================================================
Vitis HLS - High-Level Synthesis from C, C++ and OpenCL v2020.2 (64-bit)
Copyright 1986-2020 Xilinx, Inc. All Rights Reserved.
==============================================================
==============================================================
Vitis HLS - High-Level Synthesis from C, C++ and OpenCL v2020.2 (64-bit)
Copyright 1986-2020 Xilinx, Inc. All Rights Reserved.
==============================================================
INFO: [SYN 201-201] Setting up clock 'default' with a period of 10ns.
INFO: [HLS 200-10] Setting target device to 'xc7z010-clg400-1'
INFO: [HLS 200-1505] Using flow_target 'vivado'
INFO: [HLS 200-1510] Running: set_part xc7z010clg400-1 
INFO: [HLS 200-1510] Running: create_clock -period 100MHz -name default 
INFO: [HLS 200-1510] Running: csynth_design 
INFO: [HLS 200-111] Finished File checks and directory preparation: CPU user time: 0.01 seconds. CPU system time: 0 seconds. Elapsed time: 0.01 seconds; current allocated memory: 191.579 MB.
INFO: [HLS 200-10] Analyzing design file 'source/main.cpp' ... 
INFO: [HLS 200-111] Finished Source Code Analysis and Preprocessing: CPU user time: 0.45 seconds. CPU system time: 0.38 seconds. Elapsed time: 0.51 seconds; current allocated memory: 191.860 MB.
INFO: [HLS 200-777] Using interface defaults for 'Vivado' flow target.
INFO: [HLS 200-111] Finished Compiling Optimization and Transform: CPU user time: 4.56 seconds. CPU system time: 0.35 seconds. Elapsed time: 4.94 seconds; current allocated memory: 194.322 MB.
INFO: [HLS 200-111] Finished Checking Pragmas: CPU user time: 0.01 seconds. CPU system time: 0 seconds. Elapsed time: 0 seconds; current allocated memory: 194.322 MB.
INFO: [HLS 200-10] Starting code transformations ...
INFO: [HLS 200-111] Finished Standard Transforms: CPU user time: 0.01 seconds. CPU system time: 0.01 seconds. Elapsed time: 0.02 seconds; current allocated memory: 195.626 MB.
INFO: [HLS 200-10] Checking synthesizability ...
INFO: [HLS 200-111] Finished Checking Synthesizability: CPU user time: 0.02 seconds. CPU system time: 0 seconds. Elapsed time: 0.02 seconds; current allocated memory: 194.835 MB.
INFO: [XFORM 203-502] Unrolling all sub-loops inside loop 'Output_row' (source/main.cpp:32) in function 'main' for pipelining.
INFO: [HLS 200-489] Unrolling loop 'Output_column' (source/main.cpp:36) in function 'main' completely with a factor of 14.
INFO: [HLS 200-489] Unrolling loop 'Kernel_row' (source/main.cpp:39) in function 'main' completely with a factor of 3.
INFO: [HLS 200-489] Unrolling loop 'Kernel_column' (source/main.cpp:42) in function 'main' completely with a factor of 3.
INFO: [HLS 200-489] Unrolling loop 'Output_channel' (source/main.cpp:45) in function 'main' completely with a factor of 4.
INFO: [HLS 200-489] Unrolling loop 'Input_channel' (source/main.cpp:49) in function 'main' completely with a factor of 4.
INFO: [XFORM 203-101] Partitioning array 'in' (source/main.cpp:21) in dimension 1 completely.
INFO: [XFORM 203-101] Partitioning array 'out' (source/main.cpp:24) in dimension 1 completely.
INFO: [XFORM 203-101] Partitioning array 'w' (source/main.cpp:27) in dimension 1 completely.
INFO: [XFORM 203-101] Partitioning array 'w' (source/main.cpp:27) in dimension 2 completely.
INFO: [XFORM 203-102] Partitioning array 'in.0' (source/main.cpp:21) in dimension 2 automatically.
INFO: [XFORM 203-102] Partitioning array 'in.1' (source/main.cpp:21) in dimension 2 automatically.
INFO: [XFORM 203-102] Partitioning array 'in.2' (source/main.cpp:21) in dimension 2 automatically.
INFO: [XFORM 203-102] Partitioning array 'in.3' (source/main.cpp:21) in dimension 2 automatically.
INFO: [XFORM 203-102] Partitioning array 'out.0' (source/main.cpp:24) in dimension 2 automatically.
INFO: [XFORM 203-102] Partitioning array 'out.1' (source/main.cpp:24) in dimension 2 automatically.
INFO: [XFORM 203-102] Partitioning array 'out.2' (source/main.cpp:24) in dimension 2 automatically.
INFO: [XFORM 203-102] Partitioning array 'out.3' (source/main.cpp:24) in dimension 2 automatically.
INFO: [XFORM 203-102] Partitioning array 'w.0.0' (source/main.cpp:27) in dimension 1 automatically.
INFO: [XFORM 203-102] Partitioning array 'w.0.1' (source/main.cpp:27) in dimension 1 automatically.
INFO: [XFORM 203-102] Partitioning array 'w.0.2' (source/main.cpp:27) in dimension 1 automatically.
INFO: [XFORM 203-102] Partitioning array 'w.0.3' (source/main.cpp:27) in dimension 1 automatically.
INFO: [XFORM 203-102] Partitioning array 'w.1.0' (source/main.cpp:27) in dimension 1 automatically.
INFO: [XFORM 203-102] Partitioning array 'w.1.1' (source/main.cpp:27) in dimension 1 automatically.
INFO: [XFORM 203-102] Partitioning array 'w.1.2' (source/main.cpp:27) in dimension 1 automatically.
INFO: [XFORM 203-102] Partitioning array 'w.1.3' (source/main.cpp:27) in dimension 1 automatically.
INFO: [XFORM 203-102] Partitioning array 'w.2.0' (source/main.cpp:27) in dimension 1 automatically.
INFO: [XFORM 203-102] Partitioning array 'w.2.1' (source/main.cpp:27) in dimension 1 automatically.
INFO: [XFORM 203-102] Partitioning array 'w.2.2' (source/main.cpp:27) in dimension 1 automatically.
INFO: [XFORM 203-102] Partitioning array 'w.2.3' (source/main.cpp:27) in dimension 1 automatically.
INFO: [XFORM 203-102] Partitioning array 'w.3.0' (source/main.cpp:27) in dimension 1 automatically.
INFO: [XFORM 203-102] Partitioning array 'w.3.1' (source/main.cpp:27) in dimension 1 automatically.
INFO: [XFORM 203-102] Partitioning array 'w.3.2' (source/main.cpp:27) in dimension 1 automatically.
INFO: [XFORM 203-102] Partitioning array 'w.3.3' (source/main.cpp:27) in dimension 1 automatically.
INFO: [XFORM 203-102] Partitioning array 'w.0.0.0' (source/main.cpp:27) automatically.
INFO: [XFORM 203-102] Partitioning array 'w.0.0.1' (source/main.cpp:27) automatically.
INFO: [XFORM 203-102] Partitioning array 'w.0.0.2' (source/main.cpp:27) automatically.
INFO: [XFORM 203-102] Partitioning array 'w.0.0.3' (source/main.cpp:27) automatically.
INFO: [XFORM 203-102] Partitioning array 'w.0.0.4' (source/main.cpp:27) automatically.
INFO: [XFORM 203-102] Partitioning array 'w.0.0.5' (source/main.cpp:27) automatically.
INFO: [XFORM 203-102] Partitioning array 'w.0.0.6' (source/main.cpp:27) automatically.
INFO: [XFORM 203-102] Partitioning array 'w.0.0.7' (source/main.cpp:27) automatically.
INFO: [XFORM 203-102] Partitioning array 'w.0.0.8' (source/main.cpp:27) automatically.
INFO: [XFORM 203-102] Partitioning array 'w.0.0.9' (source/main.cpp:27) automatically.
INFO: [XFORM 203-102] Partitioning array 'w.0.0.10' (source/main.cpp:27) automatically.
INFO: [XFORM 203-102] Partitioning array 'w.0.0.11' (source/main.cpp:27) automatically.
INFO: [XFORM 203-102] Partitioning array 'w.0.0.12' (source/main.cpp:27) automatically.
INFO: [XFORM 203-102] Partitioning array 'w.0.0.13' (source/main.cpp:27) automatically.
INFO: [XFORM 203-102] Partitioning array 'w.0.1.0' (source/main.cpp:27) automatically.
INFO: [XFORM 203-102] Partitioning array 'w.0.1.1' (source/main.cpp:27) automatically.
INFO: [XFORM 203-102] Partitioning array 'w.0.1.2' (source/main.cpp:27) automatically.
INFO: [XFORM 203-102] Partitioning array 'w.0.1.3' (source/main.cpp:27) automatically.
INFO: [XFORM 203-102] Partitioning array 'w.0.1.4' (source/main.cpp:27) automatically.
INFO: [XFORM 203-102] Partitioning array 'w.0.1.5' (source/main.cpp:27) automatically.
INFO: [XFORM 203-102] Partitioning array 'w.0.1.6' (source/main.cpp:27) automatically.
INFO: [XFORM 203-102] Partitioning array 'w.0.1.7' (source/main.cpp:27) automatically.
INFO: [XFORM 203-102] Partitioning array 'w.0.1.8' (source/main.cpp:27) automatically.
INFO: [XFORM 203-102] Partitioning array 'w.0.1.9' (source/main.cpp:27) automatically.
INFO: [XFORM 203-102] Partitioning array 'w.0.1.10' (source/main.cpp:27) automatically.
INFO: [XFORM 203-102] Partitioning array 'w.0.1.11' (source/main.cpp:27) automatically.
INFO: [XFORM 203-102] Partitioning array 'w.0.1.12' (source/main.cpp:27) automatically.
INFO: [XFORM 203-102] Partitioning array 'w.0.1.13' (source/main.cpp:27) automatically.
INFO: [XFORM 203-102] Partitioning array 'w.0.2.0' (source/main.cpp:27) automatically.
INFO: [XFORM 203-102] Partitioning array 'w.0.2.1' (source/main.cpp:27) automatically.
INFO: [XFORM 203-102] Partitioning array 'w.0.2.2' (source/main.cpp:27) automatically.
INFO: [XFORM 203-102] Partitioning array 'w.0.2.3' (source/main.cpp:27) automatically.
INFO: [XFORM 203-102] Partitioning array 'w.0.2.4' (source/main.cpp:27) automatically.
INFO: [XFORM 203-102] Partitioning array 'w.0.2.5' (source/main.cpp:27) automatically.
INFO: [XFORM 203-102] Partitioning array 'w.0.2.6' (source/main.cpp:27) automatically.
INFO: [XFORM 203-102] Partitioning array 'w.0.2.7' (source/main.cpp:27) automatically.
INFO: [XFORM 203-102] Partitioning array 'w.0.2.8' (source/main.cpp:27) automatically.
INFO: [XFORM 203-102] Partitioning array 'w.0.2.9' (source/main.cpp:27) automatically.
INFO: [XFORM 203-102] Partitioning array 'w.0.2.10' (source/main.cpp:27) automatically.
INFO: [XFORM 203-102] Partitioning array 'w.0.2.11' (source/main.cpp:27) automatically.
INFO: [XFORM 203-102] Partitioning array 'w.0.2.12' (source/main.cpp:27) automatically.
INFO: [XFORM 203-102] Partitioning array 'w.0.2.13' (source/main.cpp:27) automatically.
INFO: [XFORM 203-102] Partitioning array 'w.0.3.0' (source/main.cpp:27) automatically.
INFO: [XFORM 203-102] Partitioning array 'w.0.3.1' (source/main.cpp:27) automatically.
INFO: [XFORM 203-102] Partitioning array 'w.0.3.2' (source/main.cpp:27) automatically.
INFO: [XFORM 203-102] Partitioning array 'w.0.3.3' (source/main.cpp:27) automatically.
INFO: [XFORM 203-102] Partitioning array 'w.0.3.4' (source/main.cpp:27) automatically.
INFO: [XFORM 203-102] Partitioning array 'w.0.3.5' (source/main.cpp:27) automatically.
INFO: [XFORM 203-102] Partitioning array 'w.0.3.6' (source/main.cpp:27) automatically.
INFO: [XFORM 203-102] Partitioning array 'w.0.3.7' (source/main.cpp:27) automatically.
INFO: [XFORM 203-102] Partitioning array 'w.0.3.8' (source/main.cpp:27) automatically.
INFO: [XFORM 203-102] Partitioning array 'w.0.3.9' (source/main.cpp:27) automatically.
INFO: [XFORM 203-102] Partitioning array 'w.0.3.10' (source/main.cpp:27) automatically.
INFO: [XFORM 203-102] Partitioning array 'w.0.3.11' (source/main.cpp:27) automatically.
INFO: [XFORM 203-102] Partitioning array 'w.0.3.12' (source/main.cpp:27) automatically.
INFO: [XFORM 203-102] Partitioning array 'w.0.3.13' (source/main.cpp:27) automatically.
INFO: [XFORM 203-102] Partitioning array 'w.1.0.0' (source/main.cpp:27) automatically.
INFO: [XFORM 203-102] Partitioning array 'w.1.0.1' (source/main.cpp:27) automatically.
INFO: [XFORM 203-102] Partitioning array 'w.1.0.2' (source/main.cpp:27) automatically.
INFO: [XFORM 203-102] Partitioning array 'w.1.0.3' (source/main.cpp:27) automatically.
INFO: [XFORM 203-102] Partitioning array 'w.1.0.4' (source/main.cpp:27) automatically.
INFO: [XFORM 203-102] Partitioning array 'w.1.0.5' (source/main.cpp:27) automatically.
INFO: [XFORM 203-102] Partitioning array 'w.1.0.6' (source/main.cpp:27) automatically.
INFO: [XFORM 203-102] Partitioning array 'w.1.0.7' (source/main.cpp:27) automatically.
INFO: [XFORM 203-102] Partitioning array 'w.1.0.8' (source/main.cpp:27) automatically.
INFO: [XFORM 203-102] Partitioning array 'w.1.0.9' (source/main.cpp:27) automatically.
INFO: [XFORM 203-102] Partitioning array 'w.1.0.10' (source/main.cpp:27) automatically.
INFO: [XFORM 203-102] Partitioning array 'w.1.0.11' (source/main.cpp:27) automatically.
INFO: [XFORM 203-102] Partitioning array 'w.1.0.12' (source/main.cpp:27) automatically.
INFO: [XFORM 203-102] Partitioning array 'w.1.0.13' (source/main.cpp:27) automatically.
INFO: [XFORM 203-102] Partitioning array 'w.1.1.0' (source/main.cpp:27) automatically.
INFO: [XFORM 203-102] Partitioning array 'w.1.1.1' (source/main.cpp:27) automatically.
INFO: [XFORM 203-102] Partitioning array 'w.1.1.2' (source/main.cpp:27) automatically.
INFO: [XFORM 203-102] Partitioning array 'w.1.1.3' (source/main.cpp:27) automatically.
INFO: [XFORM 203-102] Partitioning array 'w.1.1.4' (source/main.cpp:27) automatically.
INFO: [XFORM 203-102] Partitioning array 'w.1.1.5' (source/main.cpp:27) automatically.
INFO: [XFORM 203-102] Partitioning array 'w.1.1.6' (source/main.cpp:27) automatically.
INFO: [XFORM 203-102] Partitioning array 'w.1.1.7' (source/main.cpp:27) automatically.
INFO: [XFORM 203-102] Partitioning array 'w.1.1.8' (source/main.cpp:27) automatically.
INFO: [XFORM 203-102] Partitioning array 'w.1.1.9' (source/main.cpp:27) automatically.
INFO: [XFORM 203-102] Partitioning array 'w.1.1.10' (source/main.cpp:27) automatically.
INFO: [XFORM 203-102] Partitioning array 'w.1.1.11' (source/main.cpp:27) automatically.
INFO: [XFORM 203-102] Partitioning array 'w.1.1.12' (source/main.cpp:27) automatically.
INFO: [XFORM 203-102] Partitioning array 'w.1.1.13' (source/main.cpp:27) automatically.
INFO: [XFORM 203-102] Partitioning array 'w.1.2.0' (source/main.cpp:27) automatically.
INFO: [XFORM 203-102] Partitioning array 'w.1.2.1' (source/main.cpp:27) automatically.
INFO: [XFORM 203-102] Partitioning array 'w.1.2.2' (source/main.cpp:27) automatically.
INFO: [XFORM 203-102] Partitioning array 'w.1.2.3' (source/main.cpp:27) automatically.
INFO: [XFORM 203-102] Partitioning array 'w.1.2.4' (source/main.cpp:27) automatically.
INFO: [XFORM 203-102] Partitioning array 'w.1.2.5' (source/main.cpp:27) automatically.
INFO: [XFORM 203-102] Partitioning array 'w.1.2.6' (source/main.cpp:27) automatically.
INFO: [XFORM 203-102] Partitioning array 'w.1.2.7' (source/main.cpp:27) automatically.
INFO: [XFORM 203-102] Partitioning array 'w.1.2.8' (source/main.cpp:27) automatically.
INFO: [XFORM 203-102] Partitioning array 'w.1.2.9' (source/main.cpp:27) automatically.
INFO: [XFORM 203-102] Partitioning array 'w.1.2.10' (source/main.cpp:27) automatically.
INFO: [XFORM 203-102] Partitioning array 'w.1.2.11' (source/main.cpp:27) automatically.
INFO: [XFORM 203-102] Partitioning array 'w.1.2.12' (source/main.cpp:27) automatically.
INFO: [XFORM 203-102] Partitioning array 'w.1.2.13' (source/main.cpp:27) automatically.
INFO: [XFORM 203-102] Partitioning array 'w.1.3.0' (source/main.cpp:27) automatically.
INFO: [XFORM 203-102] Partitioning array 'w.1.3.1' (source/main.cpp:27) automatically.
INFO: [XFORM 203-102] Partitioning array 'w.1.3.2' (source/main.cpp:27) automatically.
INFO: [XFORM 203-102] Partitioning array 'w.1.3.3' (source/main.cpp:27) automatically.
INFO: [XFORM 203-102] Partitioning array 'w.1.3.4' (source/main.cpp:27) automatically.
INFO: [XFORM 203-102] Partitioning array 'w.1.3.5' (source/main.cpp:27) automatically.
INFO: [XFORM 203-102] Partitioning array 'w.1.3.6' (source/main.cpp:27) automatically.
INFO: [XFORM 203-102] Partitioning array 'w.1.3.7' (source/main.cpp:27) automatically.
INFO: [XFORM 203-102] Partitioning array 'w.1.3.8' (source/main.cpp:27) automatically.
INFO: [XFORM 203-102] Partitioning array 'w.1.3.9' (source/main.cpp:27) automatically.
INFO: [XFORM 203-102] Partitioning array 'w.1.3.10' (source/main.cpp:27) automatically.
INFO: [XFORM 203-102] Partitioning array 'w.1.3.11' (source/main.cpp:27) automatically.
INFO: [XFORM 203-102] Partitioning array 'w.1.3.12' (source/main.cpp:27) automatically.
INFO: [XFORM 203-102] Partitioning array 'w.1.3.13' (source/main.cpp:27) automatically.
INFO: [XFORM 203-102] Partitioning array 'w.2.0.0' (source/main.cpp:27) automatically.
INFO: [XFORM 203-102] Partitioning array 'w.2.0.1' (source/main.cpp:27) automatically.
INFO: [XFORM 203-102] Partitioning array 'w.2.0.2' (source/main.cpp:27) automatically.
INFO: [XFORM 203-102] Partitioning array 'w.2.0.3' (source/main.cpp:27) automatically.
INFO: [XFORM 203-102] Partitioning array 'w.2.0.4' (source/main.cpp:27) automatically.
INFO: [XFORM 203-102] Partitioning array 'w.2.0.5' (source/main.cpp:27) automatically.
INFO: [XFORM 203-102] Partitioning array 'w.2.0.6' (source/main.cpp:27) automatically.
INFO: [XFORM 203-102] Partitioning array 'w.2.0.7' (source/main.cpp:27) automatically.
INFO: [XFORM 203-102] Partitioning array 'w.2.0.8' (source/main.cpp:27) automatically.
INFO: [XFORM 203-102] Partitioning array 'w.2.0.9' (source/main.cpp:27) automatically.
INFO: [XFORM 203-102] Partitioning array 'w.2.0.10' (source/main.cpp:27) automatically.
INFO: [XFORM 203-102] Partitioning array 'w.2.0.11' (source/main.cpp:27) automatically.
INFO: [XFORM 203-102] Partitioning array 'w.2.0.12' (source/main.cpp:27) automatically.
INFO: [XFORM 203-102] Partitioning array 'w.2.0.13' (source/main.cpp:27) automatically.
INFO: [XFORM 203-102] Partitioning array 'w.2.1.0' (source/main.cpp:27) automatically.
INFO: [XFORM 203-102] Partitioning array 'w.2.1.1' (source/main.cpp:27) automatically.
INFO: [XFORM 203-102] Partitioning array 'w.2.1.2' (source/main.cpp:27) automatically.
INFO: [XFORM 203-102] Partitioning array 'w.2.1.3' (source/main.cpp:27) automatically.
INFO: [XFORM 203-102] Partitioning array 'w.2.1.4' (source/main.cpp:27) automatically.
INFO: [XFORM 203-102] Partitioning array 'w.2.1.5' (source/main.cpp:27) automatically.
INFO: [XFORM 203-102] Partitioning array 'w.2.1.6' (source/main.cpp:27) automatically.
INFO: [XFORM 203-102] Partitioning array 'w.2.1.7' (source/main.cpp:27) automatically.
INFO: [XFORM 203-102] Partitioning array 'w.2.1.8' (source/main.cpp:27) automatically.
INFO: [XFORM 203-102] Partitioning array 'w.2.1.9' (source/main.cpp:27) automatically.
INFO: [XFORM 203-102] Partitioning array 'w.2.1.10' (source/main.cpp:27) automatically.
INFO: [XFORM 203-102] Partitioning array 'w.2.1.11' (source/main.cpp:27) automatically.
INFO: [XFORM 203-102] Partitioning array 'w.2.1.12' (source/main.cpp:27) automatically.
INFO: [XFORM 203-102] Partitioning array 'w.2.1.13' (source/main.cpp:27) automatically.
INFO: [XFORM 203-102] Partitioning array 'w.2.2.0' (source/main.cpp:27) automatically.
INFO: [XFORM 203-102] Partitioning array 'w.2.2.1' (source/main.cpp:27) automatically.
INFO: [XFORM 203-102] Partitioning array 'w.2.2.2' (source/main.cpp:27) automatically.
INFO: [XFORM 203-102] Partitioning array 'w.2.2.3' (source/main.cpp:27) automatically.
INFO: [XFORM 203-102] Partitioning array 'w.2.2.4' (source/main.cpp:27) automatically.
INFO: [XFORM 203-102] Partitioning array 'w.2.2.5' (source/main.cpp:27) automatically.
INFO: [XFORM 203-102] Partitioning array 'w.2.2.6' (source/main.cpp:27) automatically.
INFO: [XFORM 203-102] Partitioning array 'w.2.2.7' (source/main.cpp:27) automatically.
INFO: [XFORM 203-102] Partitioning array 'w.2.2.8' (source/main.cpp:27) automatically.
INFO: [XFORM 203-102] Partitioning array 'w.2.2.9' (source/main.cpp:27) automatically.
INFO: [XFORM 203-102] Partitioning array 'w.2.2.10' (source/main.cpp:27) automatically.
INFO: [XFORM 203-102] Partitioning array 'w.2.2.11' (source/main.cpp:27) automatically.
INFO: [XFORM 203-102] Partitioning array 'w.2.2.12' (source/main.cpp:27) automatically.
INFO: [XFORM 203-102] Partitioning array 'w.2.2.13' (source/main.cpp:27) automatically.
INFO: [XFORM 203-102] Partitioning array 'w.2.3.0' (source/main.cpp:27) automatically.
INFO: [XFORM 203-102] Partitioning array 'w.2.3.1' (source/main.cpp:27) automatically.
INFO: [XFORM 203-102] Partitioning array 'w.2.3.2' (source/main.cpp:27) automatically.
INFO: [XFORM 203-102] Partitioning array 'w.2.3.3' (source/main.cpp:27) automatically.
INFO: [XFORM 203-102] Partitioning array 'w.2.3.4' (source/main.cpp:27) automatically.
INFO: [XFORM 203-102] Partitioning array 'w.2.3.5' (source/main.cpp:27) automatically.
INFO: [XFORM 203-102] Partitioning array 'w.2.3.6' (source/main.cpp:27) automatically.
INFO: [XFORM 203-102] Partitioning array 'w.2.3.7' (source/main.cpp:27) automatically.
INFO: [XFORM 203-102] Partitioning array 'w.2.3.8' (source/main.cpp:27) automatically.
INFO: [XFORM 203-102] Partitioning array 'w.2.3.9' (source/main.cpp:27) automatically.
INFO: [XFORM 203-102] Partitioning array 'w.2.3.10' (source/main.cpp:27) automatically.
INFO: [XFORM 203-102] Partitioning array 'w.2.3.11' (source/main.cpp:27) automatically.
INFO: [XFORM 203-102] Partitioning array 'w.2.3.12' (source/main.cpp:27) automatically.
INFO: [XFORM 203-102] Partitioning array 'w.2.3.13' (source/main.cpp:27) automatically.
INFO: [XFORM 203-102] Partitioning array 'w.3.0.0' (source/main.cpp:27) automatically.
INFO: [XFORM 203-102] Partitioning array 'w.3.0.1' (source/main.cpp:27) automatically.
INFO: [XFORM 203-102] Partitioning array 'w.3.0.2' (source/main.cpp:27) automatically.
INFO: [XFORM 203-102] Partitioning array 'w.3.0.3' (source/main.cpp:27) automatically.
INFO: [XFORM 203-102] Partitioning array 'w.3.0.4' (source/main.cpp:27) automatically.
INFO: [XFORM 203-102] Partitioning array 'w.3.0.5' (source/main.cpp:27) automatically.
INFO: [XFORM 203-102] Partitioning array 'w.3.0.6' (source/main.cpp:27) automatically.
INFO: [XFORM 203-102] Partitioning array 'w.3.0.7' (source/main.cpp:27) automatically.
INFO: [XFORM 203-102] Partitioning array 'w.3.0.8' (source/main.cpp:27) automatically.
INFO: [XFORM 203-102] Partitioning array 'w.3.0.9' (source/main.cpp:27) automatically.
INFO: [XFORM 203-102] Partitioning array 'w.3.0.10' (source/main.cpp:27) automatically.
INFO: [XFORM 203-102] Partitioning array 'w.3.0.11' (source/main.cpp:27) automatically.
INFO: [XFORM 203-102] Partitioning array 'w.3.0.12' (source/main.cpp:27) automatically.
INFO: [XFORM 203-102] Partitioning array 'w.3.0.13' (source/main.cpp:27) automatically.
INFO: [XFORM 203-102] Partitioning array 'w.3.1.0' (source/main.cpp:27) automatically.
INFO: [XFORM 203-102] Partitioning array 'w.3.1.1' (source/main.cpp:27) automatically.
INFO: [XFORM 203-102] Partitioning array 'w.3.1.2' (source/main.cpp:27) automatically.
INFO: [XFORM 203-102] Partitioning array 'w.3.1.3' (source/main.cpp:27) automatically.
INFO: [XFORM 203-102] Partitioning array 'w.3.1.4' (source/main.cpp:27) automatically.
INFO: [XFORM 203-102] Partitioning array 'w.3.1.5' (source/main.cpp:27) automatically.
INFO: [XFORM 203-102] Partitioning array 'w.3.1.6' (source/main.cpp:27) automatically.
INFO: [XFORM 203-102] Partitioning array 'w.3.1.7' (source/main.cpp:27) automatically.
INFO: [XFORM 203-102] Partitioning array 'w.3.1.8' (source/main.cpp:27) automatically.
INFO: [XFORM 203-102] Partitioning array 'w.3.1.9' (source/main.cpp:27) automatically.
INFO: [XFORM 203-102] Partitioning array 'w.3.1.10' (source/main.cpp:27) automatically.
INFO: [XFORM 203-102] Partitioning array 'w.3.1.11' (source/main.cpp:27) automatically.
INFO: [XFORM 203-102] Partitioning array 'w.3.1.12' (source/main.cpp:27) automatically.
INFO: [XFORM 203-102] Partitioning array 'w.3.1.13' (source/main.cpp:27) automatically.
INFO: [XFORM 203-102] Partitioning array 'w.3.2.0' (source/main.cpp:27) automatically.
INFO: [XFORM 203-102] Partitioning array 'w.3.2.1' (source/main.cpp:27) automatically.
INFO: [XFORM 203-102] Partitioning array 'w.3.2.2' (source/main.cpp:27) automatically.
INFO: [XFORM 203-102] Partitioning array 'w.3.2.3' (source/main.cpp:27) automatically.
INFO: [XFORM 203-102] Partitioning array 'w.3.2.4' (source/main.cpp:27) automatically.
INFO: [XFORM 203-102] Partitioning array 'w.3.2.5' (source/main.cpp:27) automatically.
INFO: [XFORM 203-102] Partitioning array 'w.3.2.6' (source/main.cpp:27) automatically.
INFO: [XFORM 203-102] Partitioning array 'w.3.2.7' (source/main.cpp:27) automatically.
INFO: [XFORM 203-102] Partitioning array 'w.3.2.8' (source/main.cpp:27) automatically.
INFO: [XFORM 203-102] Partitioning array 'w.3.2.9' (source/main.cpp:27) automatically.
INFO: [XFORM 203-102] Partitioning array 'w.3.2.10' (source/main.cpp:27) automatically.
INFO: [XFORM 203-102] Partitioning array 'w.3.2.11' (source/main.cpp:27) automatically.
INFO: [XFORM 203-102] Partitioning array 'w.3.2.12' (source/main.cpp:27) automatically.
INFO: [XFORM 203-102] Partitioning array 'w.3.2.13' (source/main.cpp:27) automatically.
INFO: [XFORM 203-102] Partitioning array 'w.3.3.0' (source/main.cpp:27) automatically.
INFO: [XFORM 203-102] Partitioning array 'w.3.3.1' (source/main.cpp:27) automatically.
INFO: [XFORM 203-102] Partitioning array 'w.3.3.2' (source/main.cpp:27) automatically.
INFO: [XFORM 203-102] Partitioning array 'w.3.3.3' (source/main.cpp:27) automatically.
INFO: [XFORM 203-102] Partitioning array 'w.3.3.4' (source/main.cpp:27) automatically.
INFO: [XFORM 203-102] Partitioning array 'w.3.3.5' (source/main.cpp:27) automatically.
INFO: [XFORM 203-102] Partitioning array 'w.3.3.6' (source/main.cpp:27) automatically.
INFO: [XFORM 203-102] Partitioning array 'w.3.3.7' (source/main.cpp:27) automatically.
INFO: [XFORM 203-102] Partitioning array 'w.3.3.8' (source/main.cpp:27) automatically.
INFO: [XFORM 203-102] Partitioning array 'w.3.3.9' (source/main.cpp:27) automatically.
INFO: [XFORM 203-102] Partitioning array 'w.3.3.10' (source/main.cpp:27) automatically.
INFO: [XFORM 203-102] Partitioning array 'w.3.3.11' (source/main.cpp:27) automatically.
INFO: [XFORM 203-102] Partitioning array 'w.3.3.12' (source/main.cpp:27) automatically.
INFO: [XFORM 203-102] Partitioning array 'w.3.3.13' (source/main.cpp:27) automatically.
INFO: [HLS 200-111] Finished Loop, function and other optimizations: CPU user time: 4.37 seconds. CPU system time: 0.04 seconds. Elapsed time: 4.54 seconds; current allocated memory: 221.224 MB.
INFO: [HLS 200-472] Inferring partial write operation for 'out[0][0]' (source/main.cpp:52:23)
INFO: [HLS 200-111] Finished Architecture Synthesis: CPU user time: 0.31 seconds. CPU system time: 0 seconds. Elapsed time: 0.31 seconds; current allocated memory: 225.456 MB.
INFO: [HLS 200-10] Starting hardware synthesis ...
INFO: [HLS 200-10] Synthesizing 'main' ...
INFO: [HLS 200-10] ----------------------------------------------------------------
INFO: [HLS 200-42] -- Implementing module 'main' 
INFO: [HLS 200-10] ----------------------------------------------------------------
INFO: [SCHED 204-11] Starting scheduling ...
INFO: [HLS 200-1457] Automatically inferring 1WnR RAM type for array 'in_3_15'. Use bind_storage pragma to overwrite if needed.
INFO: [HLS 200-1457] Automatically inferring 1WnR RAM type for array 'in_2_15'. Use bind_storage pragma to overwrite if needed.
INFO: [HLS 200-1457] Automatically inferring 1WnR RAM type for array 'in_1_15'. Use bind_storage pragma to overwrite if needed.
INFO: [HLS 200-1457] Automatically inferring 1WnR RAM type for array 'in_0_15'. Use bind_storage pragma to overwrite if needed.
INFO: [HLS 200-1457] Automatically inferring 1WnR RAM type for array 'in_3_14'. Use bind_storage pragma to overwrite if needed.
INFO: [HLS 200-1457] Automatically inferring 1WnR RAM type for array 'in_2_14'. Use bind_storage pragma to overwrite if needed.
INFO: [HLS 200-1457] Automatically inferring 1WnR RAM type for array 'in_1_14'. Use bind_storage pragma to overwrite if needed.
INFO: [HLS 200-1457] Automatically inferring 1WnR RAM type for array 'in_0_14'. Use bind_storage pragma to overwrite if needed.
INFO: [HLS 200-1457] Automatically inferring 1WnR RAM type for array 'in_3_13'. Use bind_storage pragma to overwrite if needed.
INFO: [HLS 200-1457] Automatically inferring 1WnR RAM type for array 'in_2_13'. Use bind_storage pragma to overwrite if needed.
INFO: [HLS 200-1457] Automatically inferring 1WnR RAM type for array 'in_1_13'. Use bind_storage pragma to overwrite if needed.
INFO: [HLS 200-1457] Automatically inferring 1WnR RAM type for array 'in_0_13'. Use bind_storage pragma to overwrite if needed.
INFO: [HLS 200-1457] Automatically inferring 1WnR RAM type for array 'in_3_12'. Use bind_storage pragma to overwrite if needed.
INFO: [HLS 200-1457] Automatically inferring 1WnR RAM type for array 'in_2_12'. Use bind_storage pragma to overwrite if needed.
INFO: [HLS 200-1457] Automatically inferring 1WnR RAM type for array 'in_1_12'. Use bind_storage pragma to overwrite if needed.
INFO: [HLS 200-1457] Automatically inferring 1WnR RAM type for array 'in_0_12'. Use bind_storage pragma to overwrite if needed.
INFO: [HLS 200-1457] Automatically inferring 1WnR RAM type for array 'in_3_11'. Use bind_storage pragma to overwrite if needed.
INFO: [HLS 200-1457] Automatically inferring 1WnR RAM type for array 'in_2_11'. Use bind_storage pragma to overwrite if needed.
INFO: [HLS 200-1457] Automatically inferring 1WnR RAM type for array 'in_1_11'. Use bind_storage pragma to overwrite if needed.
INFO: [HLS 200-1457] Automatically inferring 1WnR RAM type for array 'in_0_11'. Use bind_storage pragma to overwrite if needed.
INFO: [HLS 200-1457] Automatically inferring 1WnR RAM type for array 'in_3_10'. Use bind_storage pragma to overwrite if needed.
INFO: [HLS 200-1457] Automatically inferring 1WnR RAM type for array 'in_2_10'. Use bind_storage pragma to overwrite if needed.
INFO: [HLS 200-1457] Automatically inferring 1WnR RAM type for array 'in_1_10'. Use bind_storage pragma to overwrite if needed.
INFO: [HLS 200-1457] Automatically inferring 1WnR RAM type for array 'in_0_10'. Use bind_storage pragma to overwrite if needed.
INFO: [HLS 200-1457] Automatically inferring 1WnR RAM type for array 'in_3_9'. Use bind_storage pragma to overwrite if needed.
INFO: [HLS 200-1457] Automatically inferring 1WnR RAM type for array 'in_2_9'. Use bind_storage pragma to overwrite if needed.
INFO: [HLS 200-1457] Automatically inferring 1WnR RAM type for array 'in_1_9'. Use bind_storage pragma to overwrite if needed.
INFO: [HLS 200-1457] Automatically inferring 1WnR RAM type for array 'in_0_9'. Use bind_storage pragma to overwrite if needed.
INFO: [HLS 200-1457] Automatically inferring 1WnR RAM type for array 'in_3_8'. Use bind_storage pragma to overwrite if needed.
INFO: [HLS 200-1457] Automatically inferring 1WnR RAM type for array 'in_2_8'. Use bind_storage pragma to overwrite if needed.
INFO: [HLS 200-1457] Automatically inferring 1WnR RAM type for array 'in_1_8'. Use bind_storage pragma to overwrite if needed.
INFO: [HLS 200-1457] Automatically inferring 1WnR RAM type for array 'in_0_8'. Use bind_storage pragma to overwrite if needed.
INFO: [HLS 200-1457] Automatically inferring 1WnR RAM type for array 'in_3_7'. Use bind_storage pragma to overwrite if needed.
INFO: [HLS 200-1457] Automatically inferring 1WnR RAM type for array 'in_2_7'. Use bind_storage pragma to overwrite if needed.
INFO: [HLS 200-1457] Automatically inferring 1WnR RAM type for array 'in_1_7'. Use bind_storage pragma to overwrite if needed.
INFO: [HLS 200-1457] Automatically inferring 1WnR RAM type for array 'in_0_7'. Use bind_storage pragma to overwrite if needed.
INFO: [HLS 200-1457] Automatically inferring 1WnR RAM type for array 'in_3_6'. Use bind_storage pragma to overwrite if needed.
INFO: [HLS 200-1457] Automatically inferring 1WnR RAM type for array 'in_2_6'. Use bind_storage pragma to overwrite if needed.
INFO: [HLS 200-1457] Automatically inferring 1WnR RAM type for array 'in_1_6'. Use bind_storage pragma to overwrite if needed.
INFO: [HLS 200-1457] Automatically inferring 1WnR RAM type for array 'in_0_6'. Use bind_storage pragma to overwrite if needed.
INFO: [HLS 200-1457] Automatically inferring 1WnR RAM type for array 'in_3_5'. Use bind_storage pragma to overwrite if needed.
INFO: [HLS 200-1457] Automatically inferring 1WnR RAM type for array 'in_2_5'. Use bind_storage pragma to overwrite if needed.
INFO: [HLS 200-1457] Automatically inferring 1WnR RAM type for array 'in_1_5'. Use bind_storage pragma to overwrite if needed.
INFO: [HLS 200-1457] Automatically inferring 1WnR RAM type for array 'in_0_5'. Use bind_storage pragma to overwrite if needed.
INFO: [HLS 200-1457] Automatically inferring 1WnR RAM type for array 'in_3_4'. Use bind_storage pragma to overwrite if needed.
INFO: [HLS 200-1457] Automatically inferring 1WnR RAM type for array 'in_2_4'. Use bind_storage pragma to overwrite if needed.
INFO: [HLS 200-1457] Automatically inferring 1WnR RAM type for array 'in_1_4'. Use bind_storage pragma to overwrite if needed.
INFO: [HLS 200-1457] Automatically inferring 1WnR RAM type for array 'in_0_4'. Use bind_storage pragma to overwrite if needed.
INFO: [HLS 200-1457] Automatically inferring 1WnR RAM type for array 'in_3_3'. Use bind_storage pragma to overwrite if needed.
INFO: [HLS 200-1457] Automatically inferring 1WnR RAM type for array 'in_2_3'. Use bind_storage pragma to overwrite if needed.
INFO: [HLS 200-1457] Automatically inferring 1WnR RAM type for array 'in_1_3'. Use bind_storage pragma to overwrite if needed.
INFO: [HLS 200-1457] Automatically inferring 1WnR RAM type for array 'in_0_3'. Use bind_storage pragma to overwrite if needed.
INFO: [HLS 200-1457] Automatically inferring 1WnR RAM type for array 'in_3_2'. Use bind_storage pragma to overwrite if needed.
INFO: [HLS 200-1457] Automatically inferring 1WnR RAM type for array 'in_2_2'. Use bind_storage pragma to overwrite if needed.
INFO: [HLS 200-1457] Automatically inferring 1WnR RAM type for array 'in_1_2'. Use bind_storage pragma to overwrite if needed.
INFO: [HLS 200-1457] Automatically inferring 1WnR RAM type for array 'in_0_2'. Use bind_storage pragma to overwrite if needed.
INFO: [HLS 200-1457] Automatically inferring 1WnR RAM type for array 'in_3_1'. Use bind_storage pragma to overwrite if needed.
INFO: [HLS 200-1457]==============================================================
Vitis HLS - High-Level Synthesis from C, C++ and OpenCL v2020.2 (64-bit)
Copyright 1986-2020 Xilinx, Inc. All Rights Reserved.
==============================================================
==============================================================
Vitis HLS - High-Level Synthesis from C, C++ and OpenCL v2020.2 (64-bit)
Copyright 1986-2020 Xilinx, Inc. All Rights Reserved.
==============================================================
INFO: [SYN 201-201] Setting up clock 'default' with a period of 10ns.
INFO: [HLS 200-10] Setting target device to 'xc7z010-clg400-1'
INFO: [HLS 200-1505] Using flow_target 'vivado'
INFO: [HLS 200-1510] Running: set_part xc7z010clg400-1 
INFO: [HLS 200-1510] Running: create_clock -period 100MHz -name default 
INFO: [HLS 200-1510] Running: csynth_design 
INFO: [HLS 200-111] Finished File checks and directory preparation: CPU user time: 0.02 seconds. CPU system time: 0 seconds. Elapsed time: 0.01 seconds; current allocated memory: 191.529 MB.
INFO: [HLS 200-10] Analyzing design file 'source/main.cpp' ... 
INFO: [HLS 200-111] Finished Source Code Analysis and Preprocessing: CPU user time: 0.33 seconds. CPU system time: 0.25 seconds. Elapsed time: 0.43 seconds; current allocated memory: 192.688 MB.
INFO: [HLS 200-777] Using interface defaults for 'Vivado' flow target.
INFO: [HLS 214-178] Inlining function 'conv_test1()' into 'main' (source/main.cpp:64:0)
INFO: [HLS 200-111] Finished Compiling Optimization and Transform: CPU user time: 4.63 seconds. CPU system time: 0.43 seconds. Elapsed time: 5.09 seconds; current allocated memory: 194.343 MB.
INFO: [HLS 200-111] Finished Checking Pragmas: CPU user time: 0 seconds. CPU system time: 0 seconds. Elapsed time: 0 seconds; current allocated memory: 194.344 MB.
INFO: [HLS 200-10] Starting code transformations ...
INFO: [HLS 200-111] Finished Standard Transforms: CPU user time: 0.01 seconds. CPU system time: 0 seconds. Elapsed time: 0.02 seconds; current allocated memory: 195.623 MB.
INFO: [HLS 200-10] Checking synthesizability ...
INFO: [HLS 200-111] Finished Checking Synthesizability: CPU user time: 0.03 seconds. CPU system time: 0 seconds. Elapsed time: 0.02 seconds; current allocated memory: 194.804 MB.
INFO: [XFORM 203-510] Pipelining loop 'Output_channel' (source/main.cpp:46) in function 'main' automatically.
INFO: [XFORM 203-502] Unrolling all sub-loops inside loop 'Output_channel' (source/main.cpp:46) in function 'main' for pipelining.
INFO: [HLS 200-489] Unrolling loop 'Input_channel' (source/main.cpp:50) in function 'main' completely with a factor of 4.
INFO: [XFORM 203-101] Partitioning array 'in' (source/main.cpp:22) in dimension 1 completely.
INFO: [XFORM 203-101] Partitioning array 'out' (source/main.cpp:25) in dimension 1 completely.
INFO: [XFORM 203-101] Partitioning array 'w' (source/main.cpp:28) in dimension 1 completely.
INFO: [XFORM 203-101] Partitioning array 'w' (source/main.cpp:28) in dimension 2 completely.
INFO: [HLS 200-111] Finished Loop, function and other optimizations: CPU user time: 0.12 seconds. CPU system time: 0.01 seconds. Elapsed time: 0.14 seconds; current allocated memory: 215.379 MB.
INFO: [XFORM 203-541] Flattening a loop nest 'Kernel_column' (source/main.cpp:43:14) in function 'main'.
INFO: [XFORM 203-541] Flattening a loop nest 'Kernel_row' (source/main.cpp:40:13) in function 'main'.
INFO: [XFORM 203-541] Flattening a loop nest 'Output_column' (source/main.cpp:37:12) in function 'main'.
INFO: [XFORM 203-541] Flattening a loop nest 'Output_row' (source/main.cpp:33:11) in function 'main'.
INFO: [HLS 200-472] Inferring partial write operation for 'out[0]' (source/main.cpp:53:23)
INFO: [HLS 200-111] Finished Architecture Synthesis: CPU user time: 0.14 seconds. CPU system time: 0.01 seconds. Elapsed time: 0.14 seconds; current allocated memory: 208.967 MB.
INFO: [HLS 200-10] Starting hardware synthesis ...
INFO: [HLS 200-10] Synthesizing 'main' ...
INFO: [HLS 200-10] ----------------------------------------------------------------
INFO: [HLS 200-42] -- Implementing module 'main' 
INFO: [HLS 200-10] ----------------------------------------------------------------
INFO: [SCHED 204-11] Starting scheduling ...
INFO: [SCHED 204-61] Pipelining loop 'Output_row_Kernel_row_Kernel_column_Output_channel'.
WARNING: [HLS 200-880] The II Violation in module 'main' (loop 'Output_row_Kernel_row_Kernel_column_Output_channel'): Unable to enforce a carried dependence constraint (II = 1, distance = 1, offset = 1) between 'store' operation ('out_0_addr_write_ln53', source/main.cpp:53) of variable 'add27_i_3', source/main.cpp:53 on array 'out[0]', source/main.cpp:25 and 'load' operation ('out_0_load', source/main.cpp:53) on array 'out[0]', source/main.cpp:25.
WARNING: [HLS 200-880] The II Violation in module 'main' (loop 'Output_row_Kernel_row_Kernel_column_Output_channel'): Unable to enforce a carried dependence constraint (II = 2, distance = 1, offset = 1) between 'store' operation ('out_0_addr_write_ln53', source/main.cpp:53) of variable 'add27_i_3', source/main.cpp:53 on array 'out[0]', source/main.cpp:25 and 'load' operation ('out_0_load', source/main.cpp:53) on array 'out[0]', source/main.cpp:25.
WARNING: [HLS 200-880] The II Violation in module 'main' (loop 'Output_row_Kernel_row_Kernel_column_Output_channel'): Unable to enforce a carried dependence constraint (II = 3, distance = 1, offset = 1) between 'store' operation ('out_0_addr_write_ln53', source/main.cpp:53) of variable 'add27_i_3', source/main.cpp:53 on array 'out[0]', source/main.cpp:25 and 'load' operation ('out_0_load', source/main.cpp:53) on array 'out[0]', source/main.cpp:25.
WARNING: [HLS 200-880] The II Violation in module 'main' (loop 'Output_row_Kernel_row_Kernel_column_Output_channel'): Unable to enforce a carried dependence constraint (II = 4, distance = 1, offset = 1) between 'store' operation ('out_0_addr_write_ln53', source/main.cpp:53) of variable 'add27_i_3', source/main.cpp:53 on array 'out[0]', source/main.cpp:25 and 'load' operation ('out_0_load', source/main.cpp:53) on array 'out[0]', source/main.cpp:25.
WARNING: [HLS 200-880] The II Violation in module 'main' (loop 'Output_row_Kernel_row_Kernel_column_Output_channel'): Unable to enforce a carried dependence constraint (II = 19, distance = 1, offset = 1) between 'store' operation ('out_0_addr_write_ln53', source/main.cpp:53) of variable 'add27_i_3', source/main.cpp:53 on array 'out[0]', source/main.cpp:25 and 'load' operation ('out_0_load', source/main.cpp:53) on array 'out[0]', source/main.cpp:25.
WARNING: [HLS 200-880] The II Violation in module 'main' (loop 'Output_row_Kernel_row_Kernel_column_Output_channel'): Unable to enforce a carried dependence constraint (II = 21, distance = 1, offset = 1) between 'store' operation ('out_0_addr_write_ln53', source/main.cpp:53) of variable 'add27_i_3', source/main.cpp:53 on array 'out[0]', source/main.cpp:25 and 'load' operation ('out_0_load', source/main.cpp:53) on array 'out[0]', source/main.cpp:25.
WARNING: [HLS 200-880] The II Violation in module 'main' (loop 'Output_row_Kernel_row_Kernel_column_Output_channel'): Unable to enforce a carried dependence constraint (II = 22, distance = 1, offset = 1) between 'store' operation ('out_0_addr_write_ln53', source/main.cpp:53) of variable 'add27_i_3', source/main.cpp:53 on array 'out[0]', source/main.cpp:25 and 'load' operation ('out_0_load', source/main.cpp:53) on array 'out[0]', source/main.cpp:25.
INFO: [HLS 200-1470] Pipelining result : Target II = 1, Final II = 23, Depth = 29, loop 'Output_row_Kernel_row_Kernel_column_Output_channel'
INFO: [SCHED 204-11] Finished scheduling.
INFO: [HLS 200-111] Finished Scheduling: CPU user time: 0.44 seconds. CPU system time: 0 seconds. Elapsed time: 0.45 seconds; current allocated memory: 209.889 MB.
INFO: [BIND 205-100] Starting micro-architecture generation ...
INFO: [BIND 205-101] Performing variable lifetime analysis.
INFO: [BIND 205-101] Exploring resource sharing.
INFO: [BIND 205-101] Binding ...
INFO: [BIND 205-100] Finished micro-architecture generation.
INFO: [HLS 200-111] Finished Binding: CPU user time: 0.36 seconds. CPU system time: 0 seconds. Elapsed time: 0.37 seconds; current allocated memory: 210.950 MB.
INFO: [HLS 200-10] ----------------------------------------------------------------
INFO: [HLS 200-10] -- Generating RTL for module 'main' 
INFO: [HLS 200-10] ----------------------------------------------------------------
INFO: [RTGEN 206-500] Setting interface mode on function 'main' to 'ap_ctrl_hs'.
INFO: [RTGEN 206-100] Generating core module 'fadd_32ns_32ns_32_5_full_dsp_1': 1 instance(s).
INFO: [RTGEN 206-100]==============================================================
Vitis HLS - High-Level Synthesis from C, C++ and OpenCL v2020.2 (64-bit)
Copyright 1986-2020 Xilinx, Inc. All Rights Reserved.
==============================================================
INFO: [SYN 201-201] Setting up clock 'default' with a period of 10ns.
INFO: [HLS 200-10] Setting target device to 'xc7z010-clg400-1'
INFO: [HLS 200-1505] Using flow_target 'vivado'
INFO: [HLS 200-1510] Running: set_part xc7z010clg400-1 
INFO: [HLS 200-1510] Running: create_clock -period 100MHz -name default 
INFO: [HLS 200-1510] Running: csynth_design 
INFO: [HLS 200-111] Finished File checks and directory preparation: CPU user time: 0.01 seconds. CPU system time: 0 seconds. Elapsed time: 0.01 seconds; current allocated memory: 191.529 MB.
INFO: [HLS 200-10] Analyzing design file 'source/main.cpp' ... 
INFO: [HLS 200-111] Finished Source Code Analysis and Preprocessing: CPU user time: 0.55 seconds. CPU system time: 0.31 seconds. Elapsed time: 0.51 seconds; current allocated memory: 191.851 MB.
INFO: [HLS 200-777] Using interface defaults for 'Vivado' flow target.
INFO: [HLS 214-178] Inlining function 'conv_test1()' into 'main' (source/main.cpp:64:0)
INFO: [HLS 200-111] Finished Compiling Optimization and Transform: CPU user time: 4.59 seconds. CPU system time: 0.45 seconds. Elapsed time: 5.05 seconds; current allocated memory: 194.291 MB.
INFO: [HLS 200-111] Finished Checking Pragmas: CPU user time: 0 seconds. CPU system time: 0 seconds. Elapsed time: 0 seconds; current allocated memory: 194.292 MB.
INFO: [HLS 200-10] Starting code transformations ...
INFO: [HLS 200-111] Finished Standard Transforms: CPU user time: 0.02 seconds. CPU system time: 0 seconds. Elapsed time: 0.02 seconds; current allocated memory: 195.554 MB.
INFO: [HLS 200-10] Checking synthesizability ...
INFO: [HLS 200-111] Finished Checking Synthesizability: CPU user time: 0.02 seconds. CPU system time: 0 seconds. Elapsed time: 0.02 seconds; current allocated memory: 194.751 MB.
INFO: [XFORM 203-510] Pipelining loop 'Output_channel' (source/main.cpp:46) in function 'main' automatically.
INFO: [XFORM 203-502] Unrolling all sub-loops inside loop 'Output_channel' (source/main.cpp:46) in function 'main' for pipelining.
INFO: [HLS 200-489] Unrolling loop 'Input_channel' (source/main.cpp:50) in function 'main' completely with a factor of 4.
INFO: [XFORM 203-101] Partitioning array 'in' (source/main.cpp:22) in dimension 1 completely.
INFO: [XFORM 203-101] Partitioning array 'out' (source/main.cpp:25) in dimension 1 completely.
INFO: [XFORM 203-101] Partitioning array 'w' (source/main.cpp:28) in dimension 1 completely.
INFO: [XFORM 203-101] Partitioning array 'w' (source/main.cpp:28) in dimension 2 completely.
INFO: [HLS 200-111] Finished Loop, function and other optimizations: CPU user time: 0.12 seconds. CPU system time: 0.02 seconds. Elapsed time: 0.13 seconds; current allocated memory: 215.362 MB.
INFO: [XFORM 203-541] Flattening a loop nest 'Kernel_column' (source/main.cpp:43:14) in function 'main'.
INFO: [XFORM 203-541] Flattening a loop nest 'Kernel_row' (source/main.cpp:40:13) in function 'main'.
INFO: [XFORM 203-541] Flattening a loop nest 'Output_column' (source/main.cpp:37:12) in function 'main'.
INFO: [XFORM 203-541] Flattening a loop nest 'Output_row' (source/main.cpp:33:11) in function 'main'.
INFO: [HLS 200-472] Inferring partial write operation for 'out[0]' (source/main.cpp:53:23)
INFO: [HLS 200-111] Finished Architecture Synthesis: CPU user time: 0.13 seconds. CPU system time: 0.01 seconds. Elapsed time: 0.14 seconds; current allocated memory: 208.934 MB.
INFO: [HLS 200-10] Starting hardware synthesis ...
INFO: [HLS 200-10] Synthesizing 'main' ...
INFO: [HLS 200-10] ----------------------------------------------------------------
INFO: [HLS 200-42] -- Implementing module 'main' 
INFO: [HLS 200-10] ----------------------------------------------------------------
INFO: [SCHED 204-11] Starting scheduling ...
INFO: [SCHED 204-61] Pipelining loop 'Output_row_Kernel_row_Kernel_column_Output_channel'.
WARNING: [HLS 200-880] The II Violation in module 'main' (loop 'Output_row_Kernel_row_Kernel_column_Output_channel'): Unable to enforce a carried dependence constraint (II = 1, distance = 1, offset = 1) between 'store' operation ('out_0_addr_write_ln53', source/main.cpp:53) of variable 'add27_i_3', source/main.cpp:53 on array 'out[0]', source/main.cpp:25 and 'load' operation ('out_0_load', source/main.cpp:53) on array 'out[0]', source/main.cpp:25.
WARNING: [HLS 200-880] The II Violation in module 'main' (loop 'Output_row_Kernel_row_Kernel_column_Output_channel'): Unable to enforce a carried dependence constraint (II = 2, distance = 1, offset = 1) between 'store' operation ('out_0_addr_write_ln53', source/main.cpp:53) of variable 'add27_i_3', source/main.cpp:53 on array 'out[0]', source/main.cpp:25 and 'load' operation ('out_0_load', source/main.cpp:53) on array 'out[0]', source/main.cpp:25.
WARNING: [HLS 200-880] The II Violation in module 'main' (loop 'Output_row_Kernel_row_Kernel_column_Output_channel'): Unable to enforce a carried dependence constraint (II = 3, distance = 1, offset = 1) between 'store' operation ('out_0_addr_write_ln53', source/main.cpp:53) of variable 'add27_i_3', source/main.cpp:53 on array 'out[0]', source/main.cpp:25 and 'load' operation ('out_0_load', source/main.cpp:53) on array 'out[0]', source/main.cpp:25.
WARNING: [HLS 200-880] The II Violation in module 'main' (loop 'Output_row_Kernel_row_Kernel_column_Output_channel'): Unable to enforce a carried dependence constraint (II = 4, distance = 1, offset = 1) between 'store' operation ('out_0_addr_write_ln53', source/main.cpp:53) of variable 'add27_i_3', source/main.cpp:53 on array 'out[0]', source/main.cpp:25 and 'load' operation ('out_0_load', source/main.cpp:53) on array 'out[0]', source/main.cpp:25.
WARNING: [HLS 200-880] The II Violation in module 'main' (loop 'Output_row_Kernel_row_Kernel_column_Output_channel'): Unable to enforce a carried dependence constraint (II = 19, distance = 1, offset = 1) between 'store' operation ('out_0_addr_write_ln53', source/main.cpp:53) of variable 'add27_i_3', source/main.cpp:53 on array 'out[0]', source/main.cpp:25 and 'load' operation ('out_0_load', source/main.cpp:53) on array 'out[0]', source/main.cpp:25.
WARNING: [HLS 200-880] The II Violation in module 'main' (loop 'Output_row_Kernel_row_Kernel_column_Output_channel'): Unable to enforce a carried dependence constraint (II = 21, distance = 1, offset = 1) between 'store' operation ('out_0_addr_write_ln53', source/main.cpp:53) of variable 'add27_i_3', source/main.cpp:53 on array 'out[0]', source/main.cpp:25 and 'load' operation ('out_0_load', source/main.cpp:53) on array 'out[0]', source/main.cpp:25.
WARNING: [HLS 200-880] The II Violation in module 'main' (loop 'Output_row_Kernel_row_Kernel_column_Output_channel'): Unable to enforce a carried dependence constraint (II = 22, distance = 1, offset = 1) between 'store' operation ('out_0_addr_write_ln53', source/main.cpp:53) of variable 'add27_i_3', source/main.cpp:53 on array 'out[0]', source/main.cpp:25 and 'load' operation ('out_0_load', source/main.cpp:53) on array 'out[0]', source/main.cpp:25.
INFO: [HLS 200-1470] Pipelining result : Target II = 1, Final II = 23, Depth = 29, loop 'Output_row_Kernel_row_Kernel_column_Output_channel'
INFO: [SCHED 204-11] Finished scheduling.
INFO: [HLS 200-111] Finished Scheduling: CPU user time: 0.43 seconds. CPU system time: 0 seconds. Elapsed time: 0.43 seconds; current allocated memory: 209.872 MB.
INFO: [BIND 205-100] Starting micro-architecture generation ...
INFO: [BIND 205-101] Performing variable lifetime analysis.
INFO: [BIND 205-101] Exploring resource sharing.
INFO: [BIND 205-101] Binding ...
INFO: [BIND 205-100] Finished micro-architecture generation.
INFO: [HLS 200-111] Finished Binding: CPU user time: 0.38 seconds. CPU system time: 0.01 seconds. Elapsed time: 0.39 seconds; current allocated memory: 210.933 MB.
INFO: [HLS 200-10] ----------------------------------------------------------------
INFO: [HLS 200-10] -- Generating RTL for module 'main' 
INFO: [HLS 200-10] ----------------------------------------------------------------
INFO: [RTGEN 206-500] Setting interface mode on function 'main' to 'ap_ctrl_hs'.
INFO: [RTGEN 206-100] Generating core module 'fadd_32ns_32ns_32_5_full_dsp_1': 1 instance(s).
INFO: [RTGEN 206-100]==============================================================
Vitis HLS - High-Level Synthesis from C, C++ and OpenCL v2020.2 (64-bit)
Copyright 1986-2020 Xilinx, Inc. All Rights Reserved.
==============================================================
INFO: [SYN 201-201] Setting up clock 'default' with a period of 10ns.
INFO: [HLS 200-10] Setting target device to 'xc7z010-clg400-1'
INFO: [HLS 200-1505] Using flow_target 'vivado'
INFO: [HLS 200-1510] Running: set_part xc7z010clg400-1 
INFO: [HLS 200-1510] Running: create_clock -period 100MHz -name default 
INFO: [HLS 200-1510] Running: csynth_design 
INFO: [HLS 200-111] Finished File checks and directory preparation: CPU user time: 0.01 seconds. CPU system time: 0 seconds. Elapsed time: 0 seconds; current allocated memory: 191.530 MB.
INFO: [HLS 200-10] Analyzing design file 'source/main.cpp' ... 
INFO: [HLS 200-111] Finished Source Code Analysis and Preprocessing: CPU user time: 0.4 seconds. CPU system time: 0.3 seconds. Elapsed time: 0.42 seconds; current allocated memory: 191.843 MB.
INFO: [HLS 200-777] Using interface defaults for 'Vivado' flow target.
INFO: [HLS 214-178] Inlining function 'conv_test1()' into 'main' (source/main.cpp:64:0)
INFO: [HLS 200-111] Finished Compiling Optimization and Transform: CPU user time: 4.58 seconds. CPU system time: 0.33 seconds. Elapsed time: 4.94 seconds; current allocated memory: 194.292 MB.
INFO: [HLS 200-111] Finished Checking Pragmas: CPU user time: 0 seconds. CPU system time: 0 seconds. Elapsed time: 0 seconds; current allocated memory: 194.293 MB.
INFO: [HLS 200-10] Starting code transformations ...
INFO: [HLS 200-111] Finished Standard Transforms: CPU user time: 0.01 seconds. CPU system time: 0.01 seconds. Elapsed time: 0.02 seconds; current allocated memory: 195.555 MB.
INFO: [HLS 200-10] Checking synthesizability ...
INFO: [HLS 200-111] Finished Checking Synthesizability: CPU user time: 0.02 seconds. CPU system time: 0 seconds. Elapsed time: 0.03 seconds; current allocated memory: 194.752 MB.
INFO: [XFORM 203-510] Pipelining loop 'Output_channel' (source/main.cpp:46) in function 'main' automatically.
INFO: [XFORM 203-502] Unrolling all sub-loops inside loop 'Output_channel' (source/main.cpp:46) in function 'main' for pipelining.
INFO: [HLS 200-489] Unrolling loop 'Input_channel' (source/main.cpp:50) in function 'main' completely with a factor of 4.
INFO: [XFORM 203-101] Partitioning array 'in' (source/main.cpp:22) in dimension 1 completely.
INFO: [XFORM 203-101] Partitioning array 'out' (source/main.cpp:25) in dimension 1 completely.
INFO: [XFORM 203-101] Partitioning array 'w' (source/main.cpp:28) in dimension 1 completely.
INFO: [XFORM 203-101] Partitioning array 'w' (source/main.cpp:28) in dimension 2 completely.
INFO: [HLS 200-111] Finished Loop, function and other optimizations: CPU user time: 0.13 seconds. CPU system time: 0.01 seconds. Elapsed time: 0.13 seconds; current allocated memory: 215.363 MB.
INFO: [XFORM 203-541] Flattening a loop nest 'Kernel_column' (source/main.cpp:43:14) in function 'main'.
INFO: [XFORM 203-541] Flattening a loop nest 'Kernel_row' (source/main.cpp:40:13) in function 'main'.
INFO: [XFORM 203-541] Flattening a loop nest 'Output_column' (source/main.cpp:37:12) in function 'main'.
INFO: [XFORM 203-541] Flattening a loop nest 'Output_row' (source/main.cpp:33:11) in function 'main'.
INFO: [HLS 200-472] Inferring partial write operation for 'out[0]' (source/main.cpp:53:23)
INFO: [HLS 200-111] Finished Architecture Synthesis: CPU user time: 0.14 seconds. CPU system time: 0.01 seconds. Elapsed time: 0.15 seconds; current allocated memory: 208.934 MB.
INFO: [HLS 200-10] Starting hardware synthesis ...
INFO: [HLS 200-10] Synthesizing 'main' ...
INFO: [HLS 200-10] ----------------------------------------------------------------
INFO: [HLS 200-42] -- Implementing module 'main' 
INFO: [HLS 200-10] ----------------------------------------------------------------
INFO: [SCHED 204-11] Starting scheduling ...
INFO: [SCHED 204-61] Pipelining loop 'Output_row_Kernel_row_Kernel_column_Output_channel'.
WARNING: [HLS 200-880] The II Violation in module 'main' (loop 'Output_row_Kernel_row_Kernel_column_Output_channel'): Unable to enforce a carried dependence constraint (II = 1, distance = 1, offset = 1) between 'store' operation ('out_0_addr_write_ln53', source/main.cpp:53) of variable 'add27_i_3', source/main.cpp:53 on array 'out[0]', source/main.cpp:25 and 'load' operation ('out_0_load', source/main.cpp:53) on array 'out[0]', source/main.cpp:25.
WARNING: [HLS 200-880] The II Violation in module 'main' (loop 'Output_row_Kernel_row_Kernel_column_Output_channel'): Unable to enforce a carried dependence constraint (II = 2, distance = 1, offset = 1) between 'store' operation ('out_0_addr_write_ln53', source/main.cpp:53) of variable 'add27_i_3', source/main.cpp:53 on array 'out[0]', source/main.cpp:25 and 'load' operation ('out_0_load', source/main.cpp:53) on array 'out[0]', source/main.cpp:25.
WARNING: [HLS 200-880] The II Violation in module 'main' (loop 'Output_row_Kernel_row_Kernel_column_Output_channel'): Unable to enforce a carried dependence constraint (II = 3, distance = 1, offset = 1) between 'store' operation ('out_0_addr_write_ln53', source/main.cpp:53) of variable 'add27_i_3', source/main.cpp:53 on array 'out[0]', source/main.cpp:25 and 'load' operation ('out_0_load', source/main.cpp:53) on array 'out[0]', source/main.cpp:25.
WARNING: [HLS 200-880] The II Violation in module 'main' (loop 'Output_row_Kernel_row_Kernel_column_Output_channel'): Unable to enforce a carried dependence constraint (II = 4, distance = 1, offset = 1) between 'store' operation ('out_0_addr_write_ln53', source/main.cpp:53) of variable 'add27_i_3', source/main.cpp:53 on array 'out[0]', source/main.cpp:25 and 'load' operation ('out_0_load', source/main.cpp:53) on array 'out[0]', source/main.cpp:25.
WARNING: [HLS 200-880] The II Violation in module 'main' (loop 'Output_row_Kernel_row_Kernel_column_Output_channel'): Unable to enforce a carried dependence constraint (II = 19, distance = 1, offset = 1) between 'store' operation ('out_0_addr_write_ln53', source/main.cpp:53) of variable 'add27_i_3', source/main.cpp:53 on array 'out[0]', source/main.cpp:25 and 'load' operation ('out_0_load', source/main.cpp:53) on array 'out[0]', source/main.cpp:25.
WARNING: [HLS 200-880] The II Violation in module 'main' (loop 'Output_row_Kernel_row_Kernel_column_Output_channel'): Unable to enforce a carried dependence constraint (II = 21, distance = 1, offset = 1) between 'store' operation ('out_0_addr_write_ln53', source/main.cpp:53) of variable 'add27_i_3', source/main.cpp:53 on array 'out[0]', source/main.cpp:25 and 'load' operation ('out_0_load', source/main.cpp:53) on array 'out[0]', source/main.cpp:25.
WARNING: [HLS 200-880] The II Violation in module 'main' (loop 'Output_row_Kernel_row_Kernel_column_Output_channel'): Unable to enforce a carried dependence constraint (II = 22, distance = 1, offset = 1) between 'store' operation ('out_0_addr_write_ln53', source/main.cpp:53) of variable 'add27_i_3', source/main.cpp:53 on array 'out[0]', source/main.cpp:25 and 'load' operation ('out_0_load', source/main.cpp:53) on array 'out[0]', source/main.cpp:25.
INFO: [HLS 200-1470] Pipelining result : Target II = 1, Final II = 23, Depth = 29, loop 'Output_row_Kernel_row_Kernel_column_Output_channel'
INFO: [SCHED 204-11] Finished scheduling.
INFO: [HLS 200-111] Finished Scheduling: CPU user time: 0.44 seconds. CPU system time: 0 seconds. Elapsed time: 0.45 seconds; current allocated memory: 209.873 MB.
INFO: [BIND 205-100] Starting micro-architecture generation ...
INFO: [BIND 205-101] Performing variable lifetime analysis.
INFO: [BIND 205-101] Exploring resource sharing.
INFO: [BIND 205-101] Binding ...
INFO: [BIND 205-100] Finished micro-architecture generation.
INFO: [HLS 200-111] Finished Binding: CPU user time: 0.38 seconds. CPU system time: 0.02 seconds. Elapsed time: 0.43 seconds; current allocated memory: 210.934 MB.
INFO: [HLS 200-10] ----------------------------------------------------------------
INFO: [HLS 200-10] -- Generating RTL for module 'main' 
INFO: [HLS 200-10] ----------------------------------------------------------------
INFO: [RTGEN 206-500] Setting interface mode on function 'main' to 'ap_ctrl_hs'.
INFO: [RTGEN 206-100] Generating core module 'fadd_32ns_32ns_32_5_full_dsp_1': 1 instance(s).
INFO: [RTGEN 206-100]==============================================================
Vitis HLS - High-Level Synthesis from C, C++ and OpenCL v2020.2 (64-bit)
Copyright 1986-2020 Xilinx, Inc. All Rights Reserved.
==============================================================
==============================================================
Vitis HLS - High-Level Synthesis from C, C++ and OpenCL v2020.2 (64-bit)
Copyright 1986-2020 Xilinx, Inc. All Rights Reserved.
==============================================================
==============================================================
Vitis HLS - High-Level Synthesis from C, C++ and OpenCL v2020.2 (64-bit)
Copyright 1986-2020 Xilinx, Inc. All Rights Reserved.
==============================================================
==============================================================
Vitis HLS - High-Level Synthesis from C, C++ and OpenCL v2020.2 (64-bit)
Copyright 1986-2020 Xilinx, Inc. All Rights Reserved.
==============================================================
==============================================================
Vitis HLS - High-Level Synthesis from C, C++ and OpenCL v2020.2 (64-bit)
Copyright 1986-2020 Xilinx, Inc. All Rights Reserved.
==============================================================
==============================================================
Vitis HLS - High-Level Synthesis from C, C++ and OpenCL v2020.2 (64-bit)
Copyright 1986-2020 Xilinx, Inc. All Rights Reserved.
==============================================================
INFO: [SYN 201-201] Setting up clock 'default' with a period of 10ns.
INFO: [HLS 200-10] Setting target device to 'xc7z010-clg400-1'
INFO: [HLS 200-1505] Using flow_target 'vivado'
INFO: [HLS 200-1510] Running: set_part xc7z010clg400-1 
INFO: [HLS 200-1510] Running: create_clock -period 100MHz -name default 
INFO: [HLS 200-1510] Running: csynth_design 
INFO: [HLS 200-111] Finished File checks and directory preparation: CPU user time: 0.01 seconds. CPU system time: 0 seconds. Elapsed time: 0 seconds; current allocated memory: 191.529 MB.
INFO: [HLS 200-10] Analyzing design file 'source/main.cpp' ... 
INFO: [HLS 200-111] Finished Source Code Analysis and Preprocessing: CPU user time: 0.25 seconds. CPU system time: 0.21 seconds. Elapsed time: 0.39 seconds; current allocated memory: 191.842 MB.
INFO: [HLS 200-777] Using interface defaults for 'Vivado' flow target.
INFO: [HLS 200-111] Finished Compiling Optimization and Transform: CPU user time: 4.45 seconds. CPU system time: 0.35 seconds. Elapsed time: 4.85 seconds; current allocated memory: 194.306 MB.
INFO: [HLS 200-111] Finished Checking Pragmas: CPU user time: 0 seconds. CPU system time: 0 seconds. Elapsed time: 0 seconds; current allocated memory: 194.307 MB.
INFO: [HLS 200-10] Starting code transformations ...
INFO: [HLS 200-111] Finished Standard Transforms: CPU user time: 0.02 seconds. CPU system time: 0 seconds. Elapsed time: 0.02 seconds; current allocated memory: 195.579 MB.
INFO: [HLS 200-10] Checking synthesizability ...
INFO: [HLS 200-111] Finished Checking Synthesizability: CPU user time: 0.02 seconds. CPU system time: 0 seconds. Elapsed time: 0.03 seconds; current allocated memory: 194.788 MB.
INFO: [XFORM 203-502] Unrolling all sub-loops inside loop 'Output_row' (source/main.cpp:33) in function 'main' for pipelining.
INFO: [HLS 200-489] Unrolling loop 'Output_column' (source/main.cpp:37) in function 'main' completely with a factor of 14.
INFO: [HLS 200-489] Unrolling loop 'Kernel_row' (source/main.cpp:40) in function 'main' completely with a factor of 3.
INFO: [HLS 200-489] Unrolling loop 'Kernel_column' (source/main.cpp:43) in function 'main' completely with a factor of 3.
INFO: [HLS 200-489] Unrolling loop 'Output_channel' (source/main.cpp:46) in function 'main' completely with a factor of 4.
INFO: [HLS 200-489] Unrolling loop 'Input_channel' (source/main.cpp:50) in function 'main' completely with a factor of 4.
INFO: [XFORM 203-101] Partitioning array 'in' (source/main.cpp:22) in dimension 1 completely.
INFO: [XFORM 203-101] Partitioning array 'out' (source/main.cpp:25) in dimension 1 completely.
INFO: [XFORM 203-101] Partitioning array 'w' (source/main.cpp:28) in dimension 1 completely.
INFO: [XFORM 203-101] Partitioning array 'w' (source/main.cpp:28) in dimension 2 completely.
INFO: [XFORM 203-102] Partitioning array 'in.0' (source/main.cpp:22) in dimension 2 automatically.
INFO: [XFORM 203-102] Partitioning array 'in.1' (source/main.cpp:22) in dimension 2 automatically.
INFO: [XFORM 203-102] Partitioning array 'in.2' (source/main.cpp:22) in dimension 2 automatically.
INFO: [XFORM 203-102] Partitioning array 'in.3' (source/main.cpp:22) in dimension 2 automatically.
INFO: [XFORM 203-102] Partitioning array 'out.0' (source/main.cpp:25) in dimension 2 automatically.
INFO: [XFORM 203-102] Partitioning array 'out.1' (source/main.cpp:25) in dimension 2 automatically.
INFO: [XFORM 203-102] Partitioning array 'out.2' (source/main.cpp:25) in dimension 2 automatically.
INFO: [XFORM 203-102] Partitioning array 'out.3' (source/main.cpp:25) in dimension 2 automatically.
INFO: [XFORM 203-102] Partitioning array 'w.0.0' (source/main.cpp:28) in dimension 1 automatically.
INFO: [XFORM 203-102] Partitioning array 'w.0.1' (source/main.cpp:28) in dimension 1 automatically.
INFO: [XFORM 203-102] Partitioning array 'w.0.2' (source/main.cpp:28) in dimension 1 automatically.
INFO: [XFORM 203-102] Partitioning array 'w.0.3' (source/main.cpp:28) in dimension 1 automatically.
INFO: [XFORM 203-102] Partitioning array 'w.1.0' (source/main.cpp:28) in dimension 1 automatically.
INFO: [XFORM 203-102] Partitioning array 'w.1.1' (source/main.cpp:28) in dimension 1 automatically.
INFO: [XFORM 203-102] Partitioning array 'w.1.2' (source/main.cpp:28) in dimension 1 automatically.
INFO: [XFORM 203-102] Partitioning array 'w.1.3' (source/main.cpp:28) in dimension 1 automatically.
INFO: [XFORM 203-102] Partitioning array 'w.2.0' (source/main.cpp:28) in dimension 1 automatically.
INFO: [XFORM 203-102] Partitioning array 'w.2.1' (source/main.cpp:28) in dimension 1 automatically.
INFO: [XFORM 203-102] Partitioning array 'w.2.2' (source/main.cpp:28) in dimension 1 automatically.
INFO: [XFORM 203-102] Partitioning array 'w.2.3' (source/main.cpp:28) in dimension 1 automatically.
INFO: [XFORM 203-102] Partitioning array 'w.3.0' (source/main.cpp:28) in dimension 1 automatically.
INFO: [XFORM 203-102] Partitioning array 'w.3.1' (source/main.cpp:28) in dimension 1 automatically.
INFO: [XFORM 203-102] Partitioning array 'w.3.2' (source/main.cpp:28) in dimension 1 automatically.
INFO: [XFORM 203-102] Partitioning array 'w.3.3' (source/main.cpp:28) in dimension 1 automatically.
INFO: [XFORM 203-102] Partitioning array 'w.0.0.0' (source/main.cpp:28) automatically.
INFO: [XFORM 203-102] Partitioning array 'w.0.0.1' (source/main.cpp:28) automatically.
INFO: [XFORM 203-102] Partitioning array 'w.0.0.2' (source/main.cpp:28) automatically.
INFO: [XFORM 203-102] Partitioning array 'w.0.0.3' (source/main.cpp:28) automatically.
INFO: [XFORM 203-102] Partitioning array 'w.0.0.4' (source/main.cpp:28) automatically.
INFO: [XFORM 203-102] Partitioning array 'w.0.0.5' (source/main.cpp:28) automatically.
INFO: [XFORM 203-102] Partitioning array 'w.0.0.6' (source/main.cpp:28) automatically.
INFO: [XFORM 203-102] Partitioning array 'w.0.0.7' (source/main.cpp:28) automatically.
INFO: [XFORM 203-102] Partitioning array 'w.0.0.8' (source/main.cpp:28) automatically.
INFO: [XFORM 203-102] Partitioning array 'w.0.0.9' (source/main.cpp:28) automatically.
INFO: [XFORM 203-102] Partitioning array 'w.0.0.10' (source/main.cpp:28) automatically.
INFO: [XFORM 203-102] Partitioning array 'w.0.0.11' (source/main.cpp:28) automatically.
INFO: [XFORM 203-102] Partitioning array 'w.0.0.12' (source/main.cpp:28) automatically.
INFO: [XFORM 203-102] Partitioning array 'w.0.0.13' (source/main.cpp:28) automatically.
INFO: [XFORM 203-102] Partitioning array 'w.0.1.0' (source/main.cpp:28) automatically.
INFO: [XFORM 203-102] Partitioning array 'w.0.1.1' (source/main.cpp:28) automatically.
INFO: [XFORM 203-102] Partitioning array 'w.0.1.2' (source/main.cpp:28) automatically.
INFO: [XFORM 203-102] Partitioning array 'w.0.1.3' (source/main.cpp:28) automatically.
INFO: [XFORM 203-102] Partitioning array 'w.0.1.4' (source/main.cpp:28) automatically.
INFO: [XFORM 203-102] Partitioning array 'w.0.1.5' (source/main.cpp:28) automatically.
INFO: [XFORM 203-102] Partitioning array 'w.0.1.6' (source/main.cpp:28) automatically.
INFO: [XFORM 203-102] Partitioning array 'w.0.1.7' (source/main.cpp:28) automatically.
INFO: [XFORM 203-102] Partitioning array 'w.0.1.8' (source/main.cpp:28) automatically.
INFO: [XFORM 203-102] Partitioning array 'w.0.1.9' (source/main.cpp:28) automatically.
INFO: [XFORM 203-102] Partitioning array 'w.0.1.10' (source/main.cpp:28) automatically.
INFO: [XFORM 203-102] Partitioning array 'w.0.1.11' (source/main.cpp:28) automatically.
INFO: [XFORM 203-102] Partitioning array 'w.0.1.12' (source/main.cpp:28) automatically.
INFO: [XFORM 203-102] Partitioning array 'w.0.1.13' (source/main.cpp:28) automatically.
INFO: [XFORM 203-102] Partitioning array 'w.0.2.0' (source/main.cpp:28) automatically.
INFO: [XFORM 203-102] Partitioning array 'w.0.2.1' (source/main.cpp:28) automatically.
INFO: [XFORM 203-102] Partitioning array 'w.0.2.2' (source/main.cpp:28) automatically.
INFO: [XFORM 203-102] Partitioning array 'w.0.2.3' (source/main.cpp:28) automatically.
INFO: [XFORM 203-102] Partitioning array 'w.0.2.4' (source/main.cpp:28) automatically.
INFO: [XFORM 203-102] Partitioning array 'w.0.2.5' (source/main.cpp:28) automatically.
INFO: [XFORM 203-102] Partitioning array 'w.0.2.6' (source/main.cpp:28) automatically.
INFO: [XFORM 203-102] Partitioning array 'w.0.2.7' (source/main.cpp:28) automatically.
INFO: [XFORM 203-102] Partitioning array 'w.0.2.8' (source/main.cpp:28) automatically.
INFO: [XFORM 203-102] Partitioning array 'w.0.2.9' (source/main.cpp:28) automatically.
INFO: [XFORM 203-102] Partitioning array 'w.0.2.10' (source/main.cpp:28) automatically.
INFO: [XFORM 203-102] Partitioning array 'w.0.2.11' (source/main.cpp:28) automatically.
INFO: [XFORM 203-102] Partitioning array 'w.0.2.12' (source/main.cpp:28) automatically.
INFO: [XFORM 203-102] Partitioning array 'w.0.2.13' (source/main.cpp:28) automatically.
INFO: [XFORM 203-102] Partitioning array 'w.0.3.0' (source/main.cpp:28) automatically.
INFO: [XFORM 203-102] Partitioning array 'w.0.3.1' (source/main.cpp:28) automatically.
INFO: [XFORM 203-102] Partitioning array 'w.0.3.2' (source/main.cpp:28) automatically.
INFO: [XFORM 203-102] Partitioning array 'w.0.3.3' (source/main.cpp:28) automatically.
INFO: [XFORM 203-102] Partitioning array 'w.0.3.4' (source/main.cpp:28) automatically.
INFO: [XFORM 203-102] Partitioning array 'w.0.3.5' (source/main.cpp:28) automatically.
INFO: [XFORM 203-102] Partitioning array 'w.0.3.6' (source/main.cpp:28) automatically.
INFO: [XFORM 203-102] Partitioning array 'w.0.3.7' (source/main.cpp:28) automatically.
INFO: [XFORM 203-102] Partitioning array 'w.0.3.8' (source/main.cpp:28) automatically.
INFO: [XFORM 203-102] Partitioning array 'w.0.3.9' (source/main.cpp:28) automatically.
INFO: [XFORM 203-102] Partitioning array 'w.0.3.10' (source/main.cpp:28) automatically.
INFO: [XFORM 203-102] Partitioning array 'w.0.3.11' (source/main.cpp:28) automatically.
INFO: [XFORM 203-102] Partitioning array 'w.0.3.12' (source/main.cpp:28) automatically.
INFO: [XFORM 203-102] Partitioning array 'w.0.3.13' (source/main.cpp:28) automatically.
INFO: [XFORM 203-102] Partitioning array 'w.1.0.0' (source/main.cpp:28) automatically.
INFO: [XFORM 203-102] Partitioning array 'w.1.0.1' (source/main.cpp:28) automatically.
INFO: [XFORM 203-102] Partitioning array 'w.1.0.2' (source/main.cpp:28) automatically.
INFO: [XFORM 203-102] Partitioning array 'w.1.0.3' (source/main.cpp:28) automatically.
INFO: [XFORM 203-102] Partitioning array 'w.1.0.4' (source/main.cpp:28) automatically.
INFO: [XFORM 203-102] Partitioning array 'w.1.0.5' (source/main.cpp:28) automatically.
INFO: [XFORM 203-102] Partitioning array 'w.1.0.6' (source/main.cpp:28) automatically.
INFO: [XFORM 203-102] Partitioning array 'w.1.0.7' (source/main.cpp:28) automatically.
INFO: [XFORM 203-102] Partitioning array 'w.1.0.8' (source/main.cpp:28) automatically.
INFO: [XFORM 203-102] Partitioning array 'w.1.0.9' (source/main.cpp:28) automatically.
INFO: [XFORM 203-102] Partitioning array 'w.1.0.10' (source/main.cpp:28) automatically.
INFO: [XFORM 203-102] Partitioning array 'w.1.0.11' (source/main.cpp:28) automatically.
INFO: [XFORM 203-102] Partitioning array 'w.1.0.12' (source/main.cpp:28) automatically.
INFO: [XFORM 203-102] Partitioning array 'w.1.0.13' (source/main.cpp:28) automatically.
INFO: [XFORM 203-102] Partitioning array 'w.1.1.0' (source/main.cpp:28) automatically.
INFO: [XFORM 203-102] Partitioning array 'w.1.1.1' (source/main.cpp:28) automatically.
INFO: [XFORM 203-102] Partitioning array 'w.1.1.2' (source/main.cpp:28) automatically.
INFO: [XFORM 203-102] Partitioning array 'w.1.1.3' (source/main.cpp:28) automatically.
INFO: [XFORM 203-102] Partitioning array 'w.1.1.4' (source/main.cpp:28) automatically.
INFO: [XFORM 203-102] Partitioning array 'w.1.1.5' (source/main.cpp:28) automatically.
INFO: [XFORM 203-102] Partitioning array 'w.1.1.6' (source/main.cpp:28) automatically.
INFO: [XFORM 203-102] Partitioning array 'w.1.1.7' (source/main.cpp:28) automatically.
INFO: [XFORM 203-102] Partitioning array 'w.1.1.8' (source/main.cpp:28) automatically.
INFO: [XFORM 203-102] Partitioning array 'w.1.1.9' (source/main.cpp:28) automatically.
INFO: [XFORM 203-102] Partitioning array 'w.1.1.10' (source/main.cpp:28) automatically.
INFO: [XFORM 203-102] Partitioning array 'w.1.1.11' (source/main.cpp:28) automatically.
INFO: [XFORM 203-102] Partitioning array 'w.1.1.12' (source/main.cpp:28) automatically.
INFO: [XFORM 203-102] Partitioning array 'w.1.1.13' (source/main.cpp:28) automatically.
INFO: [XFORM 203-102] Partitioning array 'w.1.2.0' (source/main.cpp:28) automatically.
INFO: [XFORM 203-102] Partitioning array 'w.1.2.1' (source/main.cpp:28) automatically.
INFO: [XFORM 203-102] Partitioning array 'w.1.2.2' (source/main.cpp:28) automatically.
INFO: [XFORM 203-102] Partitioning array 'w.1.2.3' (source/main.cpp:28) automatically.
INFO: [XFORM 203-102] Partitioning array 'w.1.2.4' (source/main.cpp:28) automatically.
INFO: [XFORM 203-102] Partitioning array 'w.1.2.5' (source/main.cpp:28) automatically.
INFO: [XFORM 203-102] Partitioning array 'w.1.2.6' (source/main.cpp:28) automatically.
INFO: [XFORM 203-102] Partitioning array 'w.1.2.7' (source/main.cpp:28) automatically.
INFO: [XFORM 203-102] Partitioning array 'w.1.2.8' (source/main.cpp:28) automatically.
INFO: [XFORM 203-102] Partitioning array 'w.1.2.9' (source/main.cpp:28) automatically.
INFO: [XFORM 203-102] Partitioning array 'w.1.2.10' (source/main.cpp:28) automatically.
INFO: [XFORM 203-102] Partitioning array 'w.1.2.11' (source/main.cpp:28) automatically.
INFO: [XFORM 203-102] Partitioning array 'w.1.2.12' (source/main.cpp:28) automatically.
INFO: [XFORM 203-102] Partitioning array 'w.1.2.13' (source/main.cpp:28) automatically.
INFO: [XFORM 203-102] Partitioning array 'w.1.3.0' (source/main.cpp:28) automatically.
INFO: [XFORM 203-102] Partitioning array 'w.1.3.1' (source/main.cpp:28) automatically.
INFO: [XFORM 203-102] Partitioning array 'w.1.3.2' (source/main.cpp:28) automatically.
INFO: [XFORM 203-102] Partitioning array 'w.1.3.3' (source/main.cpp:28) automatically.
INFO: [XFORM 203-102] Partitioning array 'w.1.3.4' (source/main.cpp:28) automatically.
INFO: [XFORM 203-102] Partitioning array 'w.1.3.5' (source/main.cpp:28) automatically.
INFO: [XFORM 203-102] Partitioning array 'w.1.3.6' (source/main.cpp:28) automatically.
INFO: [XFORM 203-102] Partitioning array 'w.1.3.7' (source/main.cpp:28) automatically.
INFO: [XFORM 203-102] Partitioning array 'w.1.3.8' (source/main.cpp:28) automatically.
INFO: [XFORM 203-102] Partitioning array 'w.1.3.9' (source/main.cpp:28) automatically.
INFO: [XFORM 203-102] Partitioning array 'w.1.3.10' (source/main.cpp:28) automatically.
INFO: [XFORM 203-102] Partitioning array 'w.1.3.11' (source/main.cpp:28) automatically.
INFO: [XFORM 203-102] Partitioning array 'w.1.3.12' (source/main.cpp:28) automatically.
INFO: [XFORM 203-102] Partitioning array 'w.1.3.13' (source/main.cpp:28) automatically.
INFO: [XFORM 203-102] Partitioning array 'w.2.0.0' (source/main.cpp:28) automatically.
INFO: [XFORM 203-102] Partitioning array 'w.2.0.1' (source/main.cpp:28) automatically.
INFO: [XFORM 203-102] Partitioning array 'w.2.0.2' (source/main.cpp:28) automatically.
INFO: [XFORM 203-102] Partitioning array 'w.2.0.3' (source/main.cpp:28) automatically.
INFO: [XFORM 203-102] Partitioning array 'w.2.0.4' (source/main.cpp:28) automatically.
INFO: [XFORM 203-102] Partitioning array 'w.2.0.5' (source/main.cpp:28) automatically.
INFO: [XFORM 203-102] Partitioning array 'w.2.0.6' (source/main.cpp:28) automatically.
INFO: [XFORM 203-102] Partitioning array 'w.2.0.7' (source/main.cpp:28) automatically.
INFO: [XFORM 203-102] Partitioning array 'w.2.0.8' (source/main.cpp:28) automatically.
INFO: [XFORM 203-102] Partitioning array 'w.2.0.9' (source/main.cpp:28) automatically.
INFO: [XFORM 203-102] Partitioning array 'w.2.0.10' (source/main.cpp:28) automatically.
INFO: [XFORM 203-102] Partitioning array 'w.2.0.11' (source/main.cpp:28) automatically.
INFO: [XFORM 203-102] Partitioning array 'w.2.0.12' (source/main.cpp:28) automatically.
INFO: [XFORM 203-102] Partitioning array 'w.2.0.13' (source/main.cpp:28) automatically.
INFO: [XFORM 203-102] Partitioning array 'w.2.1.0' (source/main.cpp:28) automatically.
INFO: [XFORM 203-102] Partitioning array 'w.2.1.1' (source/main.cpp:28) automatically.
INFO: [XFORM 203-102] Partitioning array 'w.2.1.2' (source/main.cpp:28) automatically.
INFO: [XFORM 203-102] Partitioning array 'w.2.1.3' (source/main.cpp:28) automatically.
INFO: [XFORM 203-102] Partitioning array 'w.2.1.4' (source/main.cpp:28) automatically.
INFO: [XFORM 203-102] Partitioning array 'w.2.1.5' (source/main.cpp:28) automatically.
INFO: [XFORM 203-102] Partitioning array 'w.2.1.6' (source/main.cpp:28) automatically.
INFO: [XFORM 203-102] Partitioning array 'w.2.1.7' (source/main.cpp:28) automatically.
INFO: [XFORM 203-102] Partitioning array 'w.2.1.8' (source/main.cpp:28) automatically.
INFO: [XFORM 203-102] Partitioning array 'w.2.1.9' (source/main.cpp:28) automatically.
INFO: [XFORM 203-102] Partitioning array 'w.2.1.10' (source/main.cpp:28) automatically.
INFO: [XFORM 203-102] Partitioning array 'w.2.1.11' (source/main.cpp:28) automatically.
INFO: [XFORM 203-102] Partitioning array 'w.2.1.12' (source/main.cpp:28) automatically.
INFO: [XFORM 203-102] Partitioning array 'w.2.1.13' (source/main.cpp:28) automatically.
INFO: [XFORM 203-102] Partitioning array 'w.2.2.0' (source/main.cpp:28) automatically.
INFO: [XFORM 203-102] Partitioning array 'w.2.2.1' (source/main.cpp:28) automatically.
INFO: [XFORM 203-102] Partitioning array 'w.2.2.2' (source/main.cpp:28) automatically.
INFO: [XFORM 203-102] Partitioning array 'w.2.2.3' (source/main.cpp:28) automatically.
INFO: [XFORM 203-102] Partitioning array 'w.2.2.4' (source/main.cpp:28) automatically.
INFO: [XFORM 203-102] Partitioning array 'w.2.2.5' (source/main.cpp:28) automatically.
INFO: [XFORM 203-102] Partitioning array 'w.2.2.6' (source/main.cpp:28) automatically.
INFO: [XFORM 203-102] Partitioning array 'w.2.2.7' (source/main.cpp:28) automatically.
INFO: [XFORM 203-102] Partitioning array 'w.2.2.8' (source/main.cpp:28) automatically.
INFO: [XFORM 203-102] Partitioning array 'w.2.2.9' (source/main.cpp:28) automatically.
INFO: [XFORM 203-102] Partitioning array 'w.2.2.10' (source/main.cpp:28) automatically.
INFO: [XFORM 203-102] Partitioning array 'w.2.2.11' (source/main.cpp:28) automatically.
INFO: [XFORM 203-102] Partitioning array 'w.2.2.12' (source/main.cpp:28) automatically.
INFO: [XFORM 203-102] Partitioning array 'w.2.2.13' (source/main.cpp:28) automatically.
INFO: [XFORM 203-102] Partitioning array 'w.2.3.0' (source/main.cpp:28) automatically.
INFO: [XFORM 203-102] Partitioning array 'w.2.3.1' (source/main.cpp:28) automatically.
INFO: [XFORM 203-102] Partitioning array 'w.2.3.2' (source/main.cpp:28) automatically.
INFO: [XFORM 203-102] Partitioning array 'w.2.3.3' (source/main.cpp:28) automatically.
INFO: [XFORM 203-102] Partitioning array 'w.2.3.4' (source/main.cpp:28) automatically.
INFO: [XFORM 203-102] Partitioning array 'w.2.3.5' (source/main.cpp:28) automatically.
INFO: [XFORM 203-102] Partitioning array 'w.2.3.6' (source/main.cpp:28) automatically.
INFO: [XFORM 203-102] Partitioning array 'w.2.3.7' (source/main.cpp:28) automatically.
INFO: [XFORM 203-102] Partitioning array 'w.2.3.8' (source/main.cpp:28) automatically.
INFO: [XFORM 203-102] Partitioning array 'w.2.3.9' (source/main.cpp:28) automatically.
INFO: [XFORM 203-102] Partitioning array 'w.2.3.10' (source/main.cpp:28) automatically.
INFO: [XFORM 203-102] Partitioning array 'w.2.3.11' (source/main.cpp:28) automatically.
INFO: [XFORM 203-102] Partitioning array 'w.2.3.12' (source/main.cpp:28) automatically.
INFO: [XFORM 203-102] Partitioning array 'w.2.3.13' (source/main.cpp:28) automatically.
INFO: [XFORM 203-102] Partitioning array 'w.3.0.0' (source/main.cpp:28) automatically.
INFO: [XFORM 203-102] Partitioning array 'w.3.0.1' (source/main.cpp:28) automatically.
INFO: [XFORM 203-102] Partitioning array 'w.3.0.2' (source/main.cpp:28) automatically.
INFO: [XFORM 203-102] Partitioning array 'w.3.0.3' (source/main.cpp:28) automatically.
INFO: [XFORM 203-102] Partitioning array 'w.3.0.4' (source/main.cpp:28) automatically.
INFO: [XFORM 203-102] Partitioning array 'w.3.0.5' (source/main.cpp:28) automatically.
INFO: [XFORM 203-102] Partitioning array 'w.3.0.6' (source/main.cpp:28) automatically.
INFO: [XFORM 203-102] Partitioning array 'w.3.0.7' (source/main.cpp:28) automatically.
INFO: [XFORM 203-102] Partitioning array 'w.3.0.8' (source/main.cpp:28) automatically.
INFO: [XFORM 203-102] Partitioning array 'w.3.0.9' (source/main.cpp:28) automatically.
INFO: [XFORM 203-102] Partitioning array 'w.3.0.10' (source/main.cpp:28) automatically.
INFO: [XFORM 203-102] Partitioning array 'w.3.0.11' (source/main.cpp:28) automatically.
INFO: [XFORM 203-102] Partitioning array 'w.3.0.12' (source/main.cpp:28) automatically.
INFO: [XFORM 203-102] Partitioning array 'w.3.0.13' (source/main.cpp:28) automatically.
INFO: [XFORM 203-102] Partitioning array 'w.3.1.0' (source/main.cpp:28) automatically.
INFO: [XFORM 203-102] Partitioning array 'w.3.1.1' (source/main.cpp:28) automatically.
INFO: [XFORM 203-102] Partitioning array 'w.3.1.2' (source/main.cpp:28) automatically.
INFO: [XFORM 203-102] Partitioning array 'w.3.1.3' (source/main.cpp:28) automatically.
INFO: [XFORM 203-102] Partitioning array 'w.3.1.4' (source/main.cpp:28) automatically.
INFO: [XFORM 203-102] Partitioning array 'w.3.1.5' (source/main.cpp:28) automatically.
INFO: [XFORM 203-102] Partitioning array 'w.3.1.6' (source/main.cpp:28) automatically.
INFO: [XFORM 203-102] Partitioning array 'w.3.1.7' (source/main.cpp:28) automatically.
INFO: [XFORM 203-102] Partitioning array 'w.3.1.8' (source/main.cpp:28) automatically.
INFO: [XFORM 203-102] Partitioning array 'w.3.1.9' (source/main.cpp:28) automatically.
INFO: [XFORM 203-102] Partitioning array 'w.3.1.10' (source/main.cpp:28) automatically.
INFO: [XFORM 203-102] Partitioning array 'w.3.1.11' (source/main.cpp:28) automatically.
INFO: [XFORM 203-102] Partitioning array 'w.3.1.12' (source/main.cpp:28) automatically.
INFO: [XFORM 203-102] Partitioning array 'w.3.1.13' (source/main.cpp:28) automatically.
INFO: [XFORM 203-102] Partitioning array 'w.3.2.0' (source/main.cpp:28) automatically.
INFO: [XFORM 203-102] Partitioning array 'w.3.2.1' (source/main.cpp:28) automatically.
INFO: [XFORM 203-102] Partitioning array 'w.3.2.2' (source/main.cpp:28) automatically.
INFO: [XFORM 203-102] Partitioning array 'w.3.2.3' (source/main.cpp:28) automatically.
INFO: [XFORM 203-102] Partitioning array 'w.3.2.4' (source/main.cpp:28) automatically.
INFO: [XFORM 203-102] Partitioning array 'w.3.2.5' (source/main.cpp:28) automatically.
INFO: [XFORM 203-102] Partitioning array 'w.3.2.6' (source/main.cpp:28) automatically.
INFO: [XFORM 203-102] Partitioning array 'w.3.2.7' (source/main.cpp:28) automatically.
INFO: [XFORM 203-102] Partitioning array 'w.3.2.8' (source/main.cpp:28) automatically.
INFO: [XFORM 203-102] Partitioning array 'w.3.2.9' (source/main.cpp:28) automatically.
INFO: [XFORM 203-102] Partitioning array 'w.3.2.10' (source/main.cpp:28) automatically.
INFO: [XFORM 203-102] Partitioning array 'w.3.2.11' (source/main.cpp:28) automatically.
INFO: [XFORM 203-102] Partitioning array 'w.3.2.12' (source/main.cpp:28) automatically.
INFO: [XFORM 203-102] Partitioning array 'w.3.2.13' (source/main.cpp:28) automatically.
INFO: [XFORM 203-102] Partitioning array 'w.3.3.0' (source/main.cpp:28) automatically.
INFO: [XFORM 203-102] Partitioning array 'w.3.3.1' (source/main.cpp:28) automatically.
INFO: [XFORM 203-102] Partitioning array 'w.3.3.2' (source/main.cpp:28) automatically.
INFO: [XFORM 203-102] Partitioning array 'w.3.3.3' (source/main.cpp:28) automatically.
INFO: [XFORM 203-102] Partitioning array 'w.3.3.4' (source/main.cpp:28) automatically.
INFO: [XFORM 203-102] Partitioning array 'w.3.3.5' (source/main.cpp:28) automatically.
INFO: [XFORM 203-102] Partitioning array 'w.3.3.6' (source/main.cpp:28) automatically.
INFO: [XFORM 203-102] Partitioning array 'w.3.3.7' (source/main.cpp:28) automatically.
INFO: [XFORM 203-102] Partitioning array 'w.3.3.8' (source/main.cpp:28) automatically.
INFO: [XFORM 203-102] Partitioning array 'w.3.3.9' (source/main.cpp:28) automatically.
INFO: [XFORM 203-102] Partitioning array 'w.3.3.10' (source/main.cpp:28) automatically.
INFO: [XFORM 203-102] Partitioning array 'w.3.3.11' (source/main.cpp:28) automatically.
INFO: [XFORM 203-102] Partitioning array 'w.3.3.12' (source/main.cpp:28) automatically.
INFO: [XFORM 203-102] Partitioning array 'w.3.3.13' (source/main.cpp:28) automatically.
INFO: [HLS 200-111] Finished Loop, function and other optimizations: CPU user time: 4.44 seconds. CPU system time: 0.05 seconds. Elapsed time: 4.62 seconds; current allocated memory: 221.177 MB.
INFO: [HLS 200-472] Inferring partial write operation for 'out[0][0]' (source/main.cpp:53:23)
INFO: [HLS 200-111] Finished Architecture Synthesis: CPU user time: 0.34 seconds. CPU system time: 0 seconds. Elapsed time: 0.35 seconds; current allocated memory: 225.439 MB.
INFO: [HLS 200-10] Starting hardware synthesis ...
INFO: [HLS 200-10] Synthesizing 'main' ...
INFO: [HLS 200-10] ----------------------------------------------------------------
INFO: [HLS 200-42] -- Implementing module 'main' 
INFO: [HLS 200-10] ----------------------------------------------------------------
INFO: [SCHED 204-11] Starting scheduling ...
INFO: [HLS 200-1457] Automatically inferring 1WnR RAM type for array 'in_3_15'. Use bind_storage pragma to overwrite if needed.
INFO: [HLS 200-1457] Automatically inferring 1WnR RAM type for array 'in_2_15'. Use bind_storage pragma to overwrite if needed.
INFO: [HLS 200-1457] Automatically inferring 1WnR RAM type for array 'in_1_15'. Use bind_storage pragma to overwrite if needed.
INFO: [HLS 200-1457] Automatically inferring 1WnR RAM type for array 'in_0_15'. Use bind_storage pragma to overwrite if needed.
INFO: [HLS 200-1457] Automatically inferring 1WnR RAM type for array 'in_3_14'. Use bind_storage pragma to overwrite if needed.
INFO: [HLS 200-1457] Automatically inferring 1WnR RAM type for array 'in_2_14'. Use bind_storage pragma to overwrite if needed.
INFO: [HLS 200-1457] Automatically inferring 1WnR RAM type for array 'in_1_14'. Use bind_storage pragma to overwrite if needed.
INFO: [HLS 200-1457] Automatically inferring 1WnR RAM type for array 'in_0_14'. Use bind_storage pragma to overwrite if needed.
INFO: [HLS 200-1457] Automatically inferring 1WnR RAM type for array 'in_3_13'. Use bind_storage pragma to overwrite if needed.
INFO: [HLS 200-1457] Automatically inferring 1WnR RAM type for array 'in_2_13'. Use bind_storage pragma to overwrite if needed.
INFO: [HLS 200-1457] Automatically inferring 1WnR RAM type for array 'in_1_13'. Use bind_storage pragma to overwrite if needed.
INFO: [HLS 200-1457] Automatically inferring 1WnR RAM type for array 'in_0_13'. Use bind_storage pragma to overwrite if needed.
INFO: [HLS 200-1457] Automatically inferring 1WnR RAM type for array 'in_3_12'. Use bind_storage pragma to overwrite if needed.
INFO: [HLS 200-1457] Automatically inferring 1WnR RAM type for array 'in_2_12'. Use bind_storage pragma to overwrite if needed.
INFO: [HLS 200-1457] Automatically inferring 1WnR RAM type for array 'in_1_12'. Use bind_storage pragma to overwrite if needed.
INFO: [HLS 200-1457] Automatically inferring 1WnR RAM type for array 'in_0_12'. Use bind_storage pragma to overwrite if needed.
INFO: [HLS 200-1457] Automatically inferring 1WnR RAM type for array 'in_3_11'. Use bind_storage pragma to overwrite if needed.
INFO: [HLS 200-1457] Automatically inferring 1WnR RAM type for array 'in_2_11'. Use bind_storage pragma to overwrite if needed.
INFO: [HLS 200-1457] Automatically inferring 1WnR RAM type for array 'in_1_11'. Use bind_storage pragma to overwrite if needed.
INFO: [HLS 200-1457] Automatically inferring 1WnR RAM type for array 'in_0_11'. Use bind_storage pragma to overwrite if needed.
INFO: [HLS 200-1457] Automatically inferring 1WnR RAM type for array 'in_3_10'. Use bind_storage pragma to overwrite if needed.
INFO: [HLS 200-1457] Automatically inferring 1WnR RAM type for array 'in_2_10'. Use bind_storage pragma to overwrite if needed.
INFO: [HLS 200-1457] Automatically inferring 1WnR RAM type for array 'in_1_10'. Use bind_storage pragma to overwrite if needed.
INFO: [HLS 200-1457] Automatically inferring 1WnR RAM type for array 'in_0_10'. Use bind_storage pragma to overwrite if needed.
INFO: [HLS 200-1457] Automatically inferring 1WnR RAM type for array 'in_3_9'. Use bind_storage pragma to overwrite if needed.
INFO: [HLS 200-1457] Automatically inferring 1WnR RAM type for array 'in_2_9'. Use bind_storage pragma to overwrite if needed.
INFO: [HLS 200-1457] Automatically inferring 1WnR RAM type for array 'in_1_9'. Use bind_storage pragma to overwrite if needed.
INFO: [HLS 200-1457] Automatically inferring 1WnR RAM type for array 'in_0_9'. Use bind_storage pragma to overwrite if needed.
INFO: [HLS 200-1457] Automatically inferring 1WnR RAM type for array 'in_3_8'. Use bind_storage pragma to overwrite if needed.
INFO: [HLS 200-1457] Automatically inferring 1WnR RAM type for array 'in_2_8'. Use bind_storage pragma to overwrite if needed.
INFO: [HLS 200-1457] Automatically inferring 1WnR RAM type for array 'in_1_8'. Use bind_storage pragma to overwrite if needed.
INFO: [HLS 200-1457] Automatically inferring 1WnR RAM type for array 'in_0_8'. Use bind_storage pragma to overwrite if needed.
INFO: [HLS 200-1457] Automatically inferring 1WnR RAM type for array 'in_3_7'. Use bind_storage pragma to overwrite if needed.
INFO: [HLS 200-1457] Automatically inferring 1WnR RAM type for array 'in_2_7'. Use bind_storage pragma to overwrite if needed.
INFO: [HLS 200-1457] Automatically inferring 1WnR RAM type for array 'in_1_7'. Use bind_storage pragma to overwrite if needed.
INFO: [HLS 200-1457] Automatically inferring 1WnR RAM type for array 'in_0_7'. Use bind_storage pragma to overwrite if needed.
INFO: [HLS 200-1457] Automatically inferring 1WnR RAM type for array 'in_3_6'. Use bind_storage pragma to overwrite if needed.
INFO: [HLS 200-1457] Automatically inferring 1WnR RAM type for array 'in_2_6'. Use bind_storage pragma to overwrite if needed.
INFO: [HLS 200-1457] Automatically inferring 1WnR RAM type for array 'in_1_6'. Use bind_storage pragma to overwrite if needed.
INFO: [HLS 200-1457] Automatically inferring 1WnR RAM type for array 'in_0_6'. Use bind_storage pragma to overwrite if needed.
INFO: [HLS 200-1457] Automatically inferring 1WnR RAM type for array 'in_3_5'. Use bind_storage pragma to overwrite if needed.
INFO: [HLS 200-1457] Automatically inferring 1WnR RAM type for array 'in_2_5'. Use bind_storage pragma to overwrite if needed.
INFO: [HLS 200-1457] Automatically inferring 1WnR RAM type for array 'in_1_5'. Use bind_storage pragma to overwrite if needed.
INFO: [HLS 200-1457] Automatically inferring 1WnR RAM type for array 'in_0_5'. Use bind_storage pragma to overwrite if needed.
INFO: [HLS 200-1457] Automatically inferring 1WnR RAM type for array 'in_3_4'. Use bind_storage pragma to overwrite if needed.
INFO: [HLS 200-1457] Automatically inferring 1WnR RAM type for array 'in_2_4'. Use bind_storage pragma to overwrite if needed.
INFO: [HLS 200-1457] Automatically inferring 1WnR RAM type for array 'in_1_4'. Use bind_storage pragma to overwrite if needed.
INFO: [HLS 200-1457] Automatically inferring 1WnR RAM type for array 'in_0_4'. Use bind_storage pragma to overwrite if needed.
INFO: [HLS 200-1457] Automatically inferring 1WnR RAM type for array 'in_3_3'. Use bind_storage pragma to overwrite if needed.
INFO: [HLS 200-1457] Automatically inferring 1WnR RAM type for array 'in_2_3'. Use bind_storage pragma to overwrite if needed.
INFO: [HLS 200-1457] Automatically inferring 1WnR RAM type for array 'in_1_3'. Use bind_storage pragma to overwrite if needed.
INFO: [HLS 200-1457] Automatically inferring 1WnR RAM type for array 'in_0_3'. Use bind_storage pragma to overwrite if needed.
INFO: [HLS 200-1457] Automatically inferring 1WnR RAM type for array 'in_3_2'. Use bind_storage pragma to overwrite if needed.
INFO: [HLS 200-1457] Automatically inferring 1WnR RAM type for array 'in_2_2'. Use bind_storage pragma to overwrite if needed.
INFO: [HLS 200-1457] Automatically inferring 1WnR RAM type for array 'in_1_2'. Use bind_storage pragma to overwrite if needed.
INFO: [HLS 200-1457] Automatically inferring 1WnR RAM type for array 'in_0_2'. Use bind_storage pragma to overwrite if needed.
INFO: [HLS 200-1457] Automatically inferring 1WnR RAM type for array 'in_3_1'. Use bind_storage pragma to overwrite if needed.
INFO: [HLS 200-1457]