15:40:20 **** Build of project ultra96 ****
buildplatform.sh 36135 ultra96  
XSDB Server Channel: tcfchan#3
/tools/Xilinx/Vitis/2020.2/gnu/microblaze/lin
Error: Processor type psu_pmu is not supported

ERROR: [Hsi 55-1545] Problem running tcl command ::sw_xilpm_v3_2::generate : Error: Processor type psu_pmu is not supported

    while executing
"error "Error: Processor type $proctype is not supported\n""
    (procedure "::sw_xilpm_v3_2::generate" line 40)
    invoked from within
"::sw_xilpm_v3_2::generate xilpm"

ERROR: [Hsi 55-1442] Error(s) while running TCL procedure generate()

Building the zynqmp_fsbl application.
make: *** No targets specified and no makefile found.  Stop.
make: Entering directory '/home/yobuwen/hello-one/ultra96/vitis/ultra96/zynqmp_fsbl/zynqmp_fsbl_bsp'

make: Leaving directory '/home/yobuwen/hello-one/ultra96/vitis/ultra96/zynqmp_fsbl/zynqmp_fsbl_bsp'

make -C zynqmp_fsbl_bsp

make[1]: *** No targets specified and no makefile found.  Stop.
make: *** [zynqmp_fsbl_bsp/psu_cortexa53_0/lib/libxil.a] Error 2
make[1]: Entering directory '/home/yobuwen/hello-one/ultra96/vitis/ultra96/zynqmp_fsbl/zynqmp_fsbl_bsp'

make[1]: Leaving directory '/home/yobuwen/hello-one/ultra96/vitis/ultra96/zynqmp_fsbl/zynqmp_fsbl_bsp'

Makefile:32: recipe for target 'zynqmp_fsbl_bsp/psu_cortexa53_0/lib/libxil.a' failed

Building the zynqmp_pmufw application.
make: Entering directory '/home/yobuwen/hello-one/ultra96/vitis/ultra96/zynqmp_pmufw/zynqmp_pmufw_bsp'

make --no-print-directory seq_libs

Running Make include in psu_pmu_0/libsrc/gpiops_v3_8/src

make -C psu_pmu_0/libsrc/gpiops_v3_8/src -s include  "SHELL=/bin/sh" "COMPILER=mb-gcc" "ASSEMBLER=mb-as" "ARCHIVER=mb-ar" "COMP
ILER_FLAGS=  -O2 -c -mcpu=v9.2 -mlittle-endian -mxl-barrel-shift -mxl-pattern-compare -mxl-soft-mul" "EXTRA_COMPILER_FLAGS=-g -
ffunction-sections -fdata-sections -Wall -Wextra -Os -flto -ffat-lto-objects"

Running Make include in psu_pmu_0/libsrc/ddrcpsu_v1_3/src

make -C psu_pmu_0/libsrc/ddrcpsu_v1_3/src -s include  "SHELL=/bin/sh" "COMPILER=mb-gcc" "ASSEMBLER=mb-as" "ARCHIVER=mb-ar" "COM
PILER_FLAGS=  -O2 -c -mcpu=v9.2 -mlittle-endian -mxl-barrel-shift -mxl-pattern-compare -mxl-soft-mul" "EXTRA_COMPILER_FLAGS=-g 
-ffunction-sections -fdata-sections -Wall -Wextra -Os -flto -ffat-lto-objects"

Running Make include in psu_pmu_0/libsrc/standalone_v7_3/src

make -C psu_pmu_0/libsrc/standalone_v7_3/src -s include  "SHELL=/bin/sh" "COMPILER=mb-gcc" "ASSEMBLER=mb-as" "ARCHIVER=mb-ar" "
COMPILER_FLAGS=  -O2 -c -mcpu=v9.2 -mlittle-endian -mxl-barrel-shift -mxl-pattern-compare -mxl-soft-mul" "EXTRA_COMPILER_FLAGS=
-g -ffunction-sections -fdata-sections -Wall -Wextra -Os -flto -ffat-lto-objects"

Running Make include in psu_pmu_0/libsrc/sysmonpsu_v2_7/src

make -C psu_pmu_0/libsrc/sysmonpsu_v2_7/src -s include  "SHELL=/bin/sh" "COMPILER=mb-gcc" "ASSEMBLER=mb-as" "ARCHIVER=mb-ar" "C
OMPILER_FLAGS=  -O2 -c -mcpu=v9.2 -mlittle-endian -mxl-barrel-shift -mxl-pattern-compare -mxl-soft-mul" "EXTRA_COMPILER_FLAGS=-
g -ffunction-sections -fdata-sections -Wall -Wextra -Os -flto -ffat-lto-objects"

Running Make include in psu_pmu_0/libsrc/axipmon_v6_9/src

make -C psu_pmu_0/libsrc/axipmon_v6_9/src -s include  "SHELL=/bin/sh" "COMPILER=mb-gcc" "ASSEMBLER=mb-as" "ARCHIVER=mb-ar" "COM
PILER_FLAGS=  -O2 -c -mcpu=v9.2 -mlittle-endian -mxl-barrel-shift -mxl-pattern-compare -mxl-soft-mul" "EXTRA_COMPILER_FLAGS=-g 
-ffunction-sections -fdata-sections -Wall -Wextra -Os -flto -ffat-lto-objects"

Running Make include in psu_pmu_0/libsrc/xilfpga_v5_3/src

make -C psu_pmu_0/libsrc/xilfpga_v5_3/src -s include  "SHELL=/bin/sh" "COMPILER=mb-gcc" "ASSEMBLER=mb-as" "ARCHIVER=mb-ar" "COM
PILER_FLAGS=  -O2 -c -mcpu=v9.2 -mlittle-endian -mxl-barrel-shift -mxl-pattern-compare -mxl-soft-mul" "EXTRA_COMPILER_FLAGS=-g 
-ffunction-sections -fdata-sections -Wall -Wextra -Os -flto -ffat-lto-objects"

Running Make include in psu_pmu_0/libsrc/resetps_v1_4/src

make -C psu_pmu_0/libsrc/resetps_v1_4/src -s include  "SHELL=/bin/sh" "COMPILER=mb-gcc" "ASSEMBLER=mb-as" "ARCHIVER=mb-ar" "COM
PILER_FLAGS=  -O2 -c -mcpu=v9.2 -mlittle-endian -mxl-barrel-shift -mxl-pattern-compare -mxl-soft-mul" "EXTRA_COMPILER_FLAGS=-g 
-ffunction-sections -fdata-sections -Wall -Wextra -Os -flto -ffat-lto-objects"

Running Make include in psu_pmu_0/libsrc/rtcpsu_v1_10/src

make -C psu_pmu_0/libsrc/rtcpsu_v1_10/src -s include  "SHELL=/bin/sh" "COMPILER=mb-gcc" "ASSEMBLER=mb-as" "ARCHIVER=mb-ar" "COM
PILER_FLAGS=  -O2 -c -mcpu=v9.2 -mlittle-endian -mxl-barrel-shift -mxl-pattern-compare -mxl-soft-mul" "EXTRA_COMPILER_FLAGS=-g 
-ffunction-sections -fdata-sections -Wall -Wextra -Os -flto -ffat-lto-objects"

Running Make include in psu_pmu_0/libsrc/zdma_v1_10/src

make -C psu_pmu_0/libsrc/zdma_v1_10/src -s include  "SHELL=/bin/sh" "COMPILER=mb-gcc" "ASSEMBLER=mb-as" "ARCHIVER=mb-ar" "COMPI
LER_FLAGS=  -O2 -c -mcpu=v9.2 -mlittle-endian -mxl-barrel-shift -mxl-pattern-compare -mxl-soft-mul" "EXTRA_COMPILER_FLAGS=-g -f
function-sections -fdata-sections -Wall -Wextra -Os -flto -ffat-lto-objects"

Running Make include in psu_pmu_0/libsrc/clockps_v1_3/src

make -C psu_pmu_0/libsrc/clockps_v1_3/src -s include  "SHELL=/bin/sh" "COMPILER=mb-gcc" "ASSEMBLER=mb-as" "ARCHIVER=mb-ar" "COM
PILER_FLAGS=  -O2 -c -mcpu=v9.2 -mlittle-endian -mxl-barrel-shift -mxl-pattern-compare -mxl-soft-mul" "EXTRA_COMPILER_FLAGS=-g 
-ffunction-sections -fdata-sections -Wall -Wextra -Os -flto -ffat-lto-objects"

Running Make include in psu_pmu_0/libsrc/cpu_v2_12/src

make -C psu_pmu_0/libsrc/cpu_v2_12/src -s include  "SHELL=/bin/sh" "COMPILER=mb-gcc" "ASSEMBLER=mb-as" "ARCHIVER=mb-ar" "COMPIL
ER_FLAGS=  -O2 -c -mcpu=v9.2 -mlittle-endian -mxl-barrel-shift -mxl-pattern-compare -mxl-soft-mul" "EXTRA_COMPILER_FLAGS=-g -ff
unction-sections -fdata-sections -Wall -Wextra -Os -flto -ffat-lto-objects"

Running Make include in psu_pmu_0/libsrc/xilsecure_v4_3/src

make -C psu_pmu_0/libsrc/xilsecure_v4_3/src -s include  "SHELL=/bin/sh" "COMPILER=mb-gcc" "ASSEMBLER=mb-as" "ARCHIVER=mb-ar" "C
OMPILER_FLAGS=  -O2 -c -mcpu=v9.2 -mlittle-endian -mxl-barrel-shift -mxl-pattern-compare -mxl-soft-mul" "EXTRA_COMPILER_FLAGS=-
g -ffunction-sections -fdata-sections -Wall -Wextra -Os -flto -ffat-lto-objects"

Running Make include in psu_pmu_0/libsrc/sdps_v3_10/src

make -C psu_pmu_0/libsrc/sdps_v3_10/src -s include  "SHELL=/bin/sh" "COMPILER=mb-gcc" "ASSEMBLER=mb-as" "ARCHIVER=mb-ar" "COMPI
LER_FLAGS=  -O2 -c -mcpu=v9.2 -mlittle-endian -mxl-barrel-shift -mxl-pattern-compare -mxl-soft-mul" "EXTRA_COMPILER_FLAGS=-g -f
function-sections -fdata-sections -Wall -Wextra -Os -flto -ffat-lto-objects"

Running Make include in psu_pmu_0/libsrc/uartps_v3_10/src

make -C psu_pmu_0/libsrc/uartps_v3_10/src -s include  "SHELL=/bin/sh" "COMPILER=mb-gcc" "ASSEMBLER=mb-as" "ARCHIVER=mb-ar" "COM
PILER_FLAGS=  -O2 -c -mcpu=v9.2 -mlittle-endian -mxl-barrel-shift -mxl-pattern-compare -mxl-soft-mul" "EXTRA_COMPILER_FLAGS=-g 
-ffunction-sections -fdata-sections -Wall -Wextra -Os -flto -ffat-lto-objects"

Running Make include in psu_pmu_0/libsrc/xilskey_v7_0/src

make -C psu_pmu_0/libsrc/xilskey_v7_0/src -s include  "SHELL=/bin/sh" "COMPILER=mb-gcc" "ASSEMBLER=mb-as" "ARCHIVER=mb-ar" "COM
PILER_FLAGS=  -O2 -c -mcpu=v9.2 -mlittle-endian -mxl-barrel-shift -mxl-pattern-compare -mxl-soft-mul" "EXTRA_COMPILER_FLAGS=-g 
-ffunction-sections -fdata-sections -Wall -Wextra -Os -flto -ffat-lto-objects"

Running Make include in psu_pmu_0/libsrc/csudma_v1_7/src

make -C psu_pmu_0/libsrc/csudma_v1_7/src -s include  "SHELL=/bin/sh" "COMPILER=mb-gcc" "ASSEMBLER=mb-as" "ARCHIVER=mb-ar" "COMP
ILER_FLAGS=  -O2 -c -mcpu=v9.2 -mlittle-endian -mxl-barrel-shift -mxl-pattern-compare -mxl-soft-mul" "EXTRA_COMPILER_FLAGS=-g -
ffunction-sections -fdata-sections -Wall -Wextra -Os -flto -ffat-lto-objects"

Running Make include in psu_pmu_0/libsrc/ipipsu_v2_7/src

make -C psu_pmu_0/libsrc/ipipsu_v2_7/src -s include  "SHELL=/bin/sh" "COMPILER=mb-gcc" "ASSEMBLER=mb-as" "ARCHIVER=mb-ar" "COMP
ILER_FLAGS=  -O2 -c -mcpu=v9.2 -mlittle-endian -mxl-barrel-shift -mxl-pattern-compare -mxl-soft-mul" "EXTRA_COMPILER_FLAGS=-g -
ffunction-sections -fdata-sections -Wall -Wextra -Os -flto -ffat-lto-objects"

Running Make libs in psu_pmu_0/libsrc/xilsecure_v4_3/src

make -C psu_pmu_0/libsrc/xilsecure_v4_3/src -s libs  "SHELL=/bin/sh" "COMPILER=mb-gcc" "ASSEMBLER=mb-as" "ARCHIVER=mb-ar" "COMP
ILER_FLAGS=  -O2 -c -mcpu=v9.2 -mlittle-endian -mxl-barrel-shift -mxl-pattern-compare -mxl-soft-mul" "EXTRA_COMPILER_FLAGS=-g -
ffunction-sections -fdata-sections -Wall -Wextra -Os -flto -ffat-lto-objects"

Compiling XilSecure Library

Running Make libs in psu_pmu_0/libsrc/xilskey_v7_0/src

make -C psu_pmu_0/libsrc/xilskey_v7_0/src -s libs  "SHELL=/bin/sh" "COMPILER=mb-gcc" "ASSEMBLER=mb-as" "ARCHIVER=mb-ar" "COMPIL
ER_FLAGS=  -O2 -c -mcpu=v9.2 -mlittle-endian -mxl-barrel-shift -mxl-pattern-compare -mxl-soft-mul" "EXTRA_COMPILER_FLAGS=-g -ff
unction-sections -fdata-sections -Wall -Wextra -Os -flto -ffat-lto-objects"

Compiling Xilskey Library

Finished building libraries sequentially.

make -j --no-print-directory par_libs

Running Make include in psu_pmu_0/libsrc/gpiops_v3_8/src

make -C psu_pmu_0/libsrc/gpiops_v3_8/src -s include  "SHELL=/bin/sh" "COMPILER=mb-gcc" "ASSEMBLER=mb-as" "ARCHIVER=mb-ar" "COMP
ILER_FLAGS=  -O2 -c -mcpu=v9.2 -mlittle-endian -mxl-barrel-shift -mxl-pattern-compare -mxl-soft-mul" "EXTRA_COMPILER_FLAGS=-g -
ffunction-sections -fdata-sections -Wall -Wextra -Os -flto -ffat-lto-objects"

Running Make include in psu_pmu_0/libsrc/standalone_v7_3/src

Running Make include in psu_pmu_0/libsrc/sysmonpsu_v2_7/src

make -C psu_pmu_0/libsrc/standalone_v7_3/src -s include  "SHELL=/bin/sh" "COMPILER=mb-gcc" "ASSEMBLER=mb-as" "ARCHIVER=mb-ar" "
COMPILER_FLAGS=  -O2 -c -mcpu=v9.2 -mlittle-endian -mxl-barrel-shift -mxl-pattern-compare -mxl-soft-mul" "EXTRA_COMPILER_FLAGS=
-g -ffunction-sections -fdata-sections -Wall -Wextra -Os -flto -ffat-lto-objects"

make -C psu_pmu_0/libsrc/sysmonpsu_v2_7/src -s include  "SHELL=/bin/sh" "COMPILER=mb-gcc" "ASSEMBLER=mb-as" "ARCHIVER=mb-ar" "C
OMPILER_FLAGS=  -O2 -c -mcpu=v9.2 -mlittle-endian -mxl-barrel-shift -mxl-pattern-compare -mxl-soft-mul" "EXTRA_COMPILER_FLAGS=-
g -ffunction-sections -fdata-sections -Wall -Wextra -Os -flto -ffat-lto-objects"

Running Make include in psu_pmu_0/libsrc/axipmon_v6_9/src

make -C psu_pmu_0/libsrc/axipmon_v6_9/src -s include  "SHELL=/bin/sh" "COMPILER=mb-gcc" "ASSEMBLER=mb-as" "ARCHIVER=mb-ar" "COM
PILER_FLAGS=  -O2 -c -mcpu=v9.2 -mlittle-endian -mxl-barrel-shift -mxl-pattern-compare -mxl-soft-mul" "EXTRA_COMPILER_FLAGS=-g 
-ffunction-sections -fdata-sections -Wall -Wextra -Os -flto -ffat-lto-objects"

Running Make include in psu_pmu_0/libsrc/ddrcpsu_v1_3/src

Running Make include in psu_pmu_0/libsrc/xilfpga_v5_3/src

make -C psu_pmu_0/libsrc/ddrcpsu_v1_3/src -s include  "SHELL=/bin/sh" "COMPILER=mb-gcc" "ASSEMBLER=mb-as" "ARCHIVER=mb-ar" "COM
PILER_FLAGS=  -O2 -c -mcpu=v9.2 -mlittle-endian -mxl-barrel-shift -mxl-pattern-compare -mxl-soft-mul" "EXTRA_COMPILER_FLAGS=-g 
-ffunction-sections -fdata-sections -Wall -Wextra -Os -flto -ffat-lto-objects"

make -C psu_pmu_0/libsrc/xilfpga_v5_3/src -s include  "SHELL=/bin/sh" "COMPILER=mb-gcc" "ASSEMBLER=mb-as" "ARCHIVER=mb-ar" "COM
PILER_FLAGS=  -O2 -c -mcpu=v9.2 -mlittle-endian -mxl-barrel-shift -mxl-pattern-compare -mxl-soft-mul" "EXTRA_COMPILER_FLAGS=-g 
-ffunction-sections -fdata-sections -Wall -Wextra -Os -flto -ffat-lto-objects"

Running Make include in psu_pmu_0/libsrc/zdma_v1_10/src

Running Make include in psu_pmu_0/libsrc/clockps_v1_3/src

make -C psu_pmu_0/libsrc/zdma_v1_10/src -s include  "SHELL=/bin/sh" "COMPILER=mb-gcc" "ASSEMBLER=mb-as" "ARCHIVER=mb-ar" "COMPI
LER_FLAGS=  -O2 -c -mcpu=v9.2 -mlittle-endian -mxl-barrel-shift -mxl-pattern-compare -mxl-soft-mul" "EXTRA_COMPILER_FLAGS=-g -f
function-sections -fdata-sections -Wall -Wextra -Os -flto -ffat-lto-objects"

make -C psu_pmu_0/libsrc/clockps_v1_3/src -s include  "SHELL=/bin/sh" "COMPILER=mb-gcc" "ASSEMBLER=mb-as" "ARCHIVER=mb-ar" "COM
PILER_FLAGS=  -O2 -c -mcpu=v9.2 -mlittle-endian -mxl-barrel-shift -mxl-pattern-compare -mxl-soft-mul" "EXTRA_COMPILER_FLAGS=-g 
-ffunction-sections -fdata-sections -Wall -Wextra -Os -flto -ffat-lto-objects"

Running Make include in psu_pmu_0/libsrc/xilsecure_v4_3/src

Running Make include in psu_pmu_0/libsrc/sdps_v3_10/src

Running Make include in psu_pmu_0/libsrc/csudma_v1_7/src

make -C psu_pmu_0/libsrc/xilsecure_v4_3/src -s include  "SHELL=/bin/sh" "COMPILER=mb-gcc" "ASSEMBLER=mb-as" "ARCHIVER=mb-ar" "C
OMPILER_FLAGS=  -O2 -c -mcpu=v9.2 -mlittle-endian -mxl-barrel-shift -mxl-pattern-compare -mxl-soft-mul" "EXTRA_COMPILER_FLAGS=-
g -ffunction-sections -fdata-sections -Wall -Wextra -Os -flto -ffat-lto-objects"

Running Make include in psu_pmu_0/libsrc/uartps_v3_10/src

Running Make include in psu_pmu_0/libsrc/resetps_v1_4/src

make -C psu_pmu_0/libsrc/sdps_v3_10/src -s include  "SHELL=/bin/sh" "COMPILER=mb-gcc" "ASSEMBLER=mb-as" "ARCHIVER=mb-ar" "COMPI
LER_FLAGS=  -O2 -c -mcpu=v9.2 -mlittle-endian -mxl-barrel-shift -mxl-pattern-compare -mxl-soft-mul" "EXTRA_COMPILER_FLAGS=-g -f
function-sections -fdata-sections -Wall -Wextra -Os -flto -ffat-lto-objects"

make -C psu_pmu_0/libsrc/resetps_v1_4/src -s include  "SHELL=/bin/sh" "COMPILER=mb-gcc" "ASSEMBLER=mb-as" "ARCHIVER=mb-ar" "COM
PILER_FLAGS=  -O2 -c -mcpu=v9.2 -mlittle-endian -mxl-barrel-shift -mxl-pattern-compare -mxl-soft-mul" "EXTRA_COMPILER_FLAGS=-g 
-ffunction-sections -fdata-sections -Wall -Wextra -Os -flto -ffat-lto-objects"

Running Make include in psu_pmu_0/libsrc/ipipsu_v2_7/src

make -C psu_pmu_0/libsrc/uartps_v3_10/src -s include  "SHELL=/bin/sh" "COMPILER=mb-gcc" "ASSEMBLER=mb-as" "ARCHIVER=mb-ar" "COM
PILER_FLAGS=  -O2 -c -mcpu=v9.2 -mlittle-endian -mxl-barrel-shift -mxl-pattern-compare -mxl-soft-mul" "EXTRA_COMPILER_FLAGS=-g 
-ffunction-sections -fdata-sections -Wall -Wextra -Os -flto -ffat-lto-objects"

Running Make include in psu_pmu_0/libsrc/rtcpsu_v1_10/src

make -C psu_pmu_0/libsrc/csudma_v1_7/src -s include  "SHELL=/bin/sh" "COMPILER=mb-gcc" "ASSEMBLER=mb-as" "ARCHIVER=mb-ar" "COMP
ILER_FLAGS=  -O2 -c -mcpu=v9.2 -mlittle-endian -mxl-barrel-shift -mxl-pattern-compare -mxl-soft-mul" "EXTRA_COMPILER_FLAGS=-g -
ffunction-sections -fdata-sections -Wall -Wextra -Os -flto -ffat-lto-objects"

make -C psu_pmu_0/libsrc/rtcpsu_v1_10/src -s include  "SHELL=/bin/sh" "COMPILER=mb-gcc" "ASSEMBLER=mb-as" "ARCHIVER=mb-ar" "COM
PILER_FLAGS=  -O2 -c -mcpu=v9.2 -mlittle-endian -mxl-barrel-shift -mxl-pattern-compare -mxl-soft-mul" "EXTRA_COMPILER_FLAGS=-g 
-ffunction-sections -fdata-sections -Wall -Wextra -Os -flto -ffat-lto-objects"

make -C psu_pmu_0/libsrc/ipipsu_v2_7/src -s include  "SHELL=/bin/sh" "COMPILER=mb-gcc" "ASSEMBLER=mb-as" "ARCHIVER=mb-ar" "COMP
ILER_FLAGS=  -O2 -c -mcpu=v9.2 -mlittle-endian -mxl-barrel-shift -mxl-pattern-compare -mxl-soft-mul" "EXTRA_COMPILER_FLAGS=-g -
ffunction-sections -fdata-sections -Wall -Wextra -Os -flto -ffat-lto-objects"

Running Make include in psu_pmu_0/libsrc/cpu_v2_12/src

make -C psu_pmu_0/libsrc/cpu_v2_12/src -s include  "SHELL=/bin/sh" "COMPILER=mb-gcc" "ASSEMBLER=mb-as" "ARCHIVER=mb-ar" "COMPIL
ER_FLAGS=  -O2 -c -mcpu=v9.2 -mlittle-endian -mxl-barrel-shift -mxl-pattern-compare -mxl-soft-mul" "EXTRA_COMPILER_FLAGS=-g -ff
unction-sections -fdata-sections -Wall -Wextra -Os -flto -ffat-lto-objects"

Running Make include in psu_pmu_0/libsrc/xilskey_v7_0/src

make -C psu_pmu_0/libsrc/xilskey_v7_0/src -s include  "SHELL=/bin/sh" "COMPILER=mb-gcc" "ASSEMBLER=mb-as" "ARCHIVER=mb-ar" "COM
PILER_FLAGS=  -O2 -c -mcpu=v9.2 -mlittle-endian -mxl-barrel-shift -mxl-pattern-compare -mxl-soft-mul" "EXTRA_COMPILER_FLAGS=-g 
-ffunction-sections -fdata-sections -Wall -Wextra -Os -flto -ffat-lto-objects"

Running Make libs in psu_pmu_0/libsrc/gpiops_v3_8/src

make -C psu_pmu_0/libsrc/gpiops_v3_8/src -s libs  "SHELL=/bin/sh" "COMPILER=mb-gcc" "ASSEMBLER=mb-as" "ARCHIVER=mb-ar" "COMPILE
R_FLAGS=  -O2 -c -mcpu=v9.2 -mlittle-endian -mxl-barrel-shift -mxl-pattern-compare -mxl-soft-mul" "EXTRA_COMPILER_FLAGS=-g -ffu
nction-sections -fdata-sections -Wall -Wextra -Os -flto -ffat-lto-objects"

Running Make libs in psu_pmu_0/libsrc/axipmon_v6_9/src

Running Make libs in psu_pmu_0/libsrc/resetps_v1_4/src

Running Make libs in psu_pmu_0/libsrc/sysmonpsu_v2_7/src

Running Make libs in psu_pmu_0/libsrc/ddrcpsu_v1_3/src

make -C psu_pmu_0/libsrc/sysmonpsu_v2_7/src -s libs  "SHELL=/bin/sh" "COMPILER=mb-gcc" "ASSEMBLER=mb-as" "ARCHIVER=mb-ar" "COMP
ILER_FLAGS=  -O2 -c -mcpu=v9.2 -mlittle-endian -mxl-barrel-shift -mxl-pattern-compare -mxl-soft-mul" "EXTRA_COMPILER_FLAGS=-g -
ffunction-sections -fdata-sections -Wall -Wextra -Os -flto -ffat-lto-objects"

Running Make libs in psu_pmu_0/libsrc/standalone_v7_3/src

make -C psu_pmu_0/libsrc/axipmon_v6_9/src -s libs  "SHELL=/bin/sh" "COMPILER=mb-gcc" "ASSEMBLER=mb-as" "ARCHIVER=mb-ar" "COMPIL
ER_FLAGS=  -O2 -c -mcpu=v9.2 -mlittle-endian -mxl-barrel-shift -mxl-pattern-compare -mxl-soft-mul" "EXTRA_COMPILER_FLAGS=-g -ff
unction-sections -fdata-sections -Wall -Wextra -Os -flto -ffat-lto-objects"

make -C psu_pmu_0/libsrc/ddrcpsu_v1_3/src -s libs  "SHELL=/bin/sh" "COMPILER=mb-gcc" "ASSEMBLER=mb-as" "ARCHIVER=mb-ar" "COMPIL
ER_FLAGS=  -O2 -c -mcpu=v9.2 -mlittle-endian -mxl-barrel-shift -mxl-pattern-compare -mxl-soft-mul" "EXTRA_COMPILER_FLAGS=-g -ff
unction-sections -fdata-sections -Wall -Wextra -Os -flto -ffat-lto-objects"

Running Make libs in psu_pmu_0/libsrc/xilfpga_v5_3/src

make -C psu_pmu_0/libsrc/standalone_v7_3/src -s libs  "SHELL=/bin/sh" "COMPILER=mb-gcc" "ASSEMBLER=mb-as" "ARCHIVER=mb-ar" "COM
PILER_FLAGS=  -O2 -c -mcpu=v9.2 -mlittle-endian -mxl-barrel-shift -mxl-pattern-compare -mxl-soft-mul" "EXTRA_COMPILER_FLAGS=-g 
-ffunction-sections -fdata-sections -Wall -Wextra -Os -flto -ffat-lto-objects"

Running Make libs in psu_pmu_0/libsrc/rtcpsu_v1_10/src

make -C psu_pmu_0/libsrc/xilfpga_v5_3/src -s libs  "SHELL=/bin/sh" "COMPILER=mb-gcc" "ASSEMBLER=mb-as" "ARCHIVER=mb-ar" "COMPIL
ER_FLAGS=  -O2 -c -mcpu=v9.2 -mlittle-endian -mxl-barrel-shift -mxl-pattern-compare -mxl-soft-mul" "EXTRA_COMPILER_FLAGS=-g -ff
unction-sections -fdata-sections -Wall -Wextra -Os -flto -ffat-lto-objects"

make -C psu_pmu_0/libsrc/resetps_v1_4/src -s libs  "SHELL=/bin/sh" "COMPILER=mb-gcc" "ASSEMBLER=mb-as" "ARCHIVER=mb-ar" "COMPIL
ER_FLAGS=  -O2 -c -mcpu=v9.2 -mlittle-endian -mxl-barrel-shift -mxl-pattern-compare -mxl-soft-mul" "EXTRA_COMPILER_FLAGS=-g -ff
unction-sections -fdata-sections -Wall -Wextra -Os -flto -ffat-lto-objects"

make -C psu_pmu_0/libsrc/rtcpsu_v1_10/src -s libs  "SHELL=/bin/sh" "COMPILER=mb-gcc" "ASSEMBLER=mb-as" "ARCHIVER=mb-ar" "COMPIL
ER_FLAGS=  -O2 -c -mcpu=v9.2 -mlittle-endian -mxl-barrel-shift -mxl-pattern-compare -mxl-soft-mul" "EXTRA_COMPILER_FLAGS=-g -ff
unction-sections -fdata-sections -Wall -Wextra -Os -flto -ffat-lto-objects"

Running Make libs in psu_pmu_0/libsrc/zdma_v1_10/src

make -C psu_pmu_0/libsrc/zdma_v1_10/src -s libs  "SHELL=/bin/sh" "COMPILER=mb-gcc" "ASSEMBLER=mb-as" "ARCHIVER=mb-ar" "COMPILER
_FLAGS=  -O2 -c -mcpu=v9.2 -mlittle-endian -mxl-barrel-shift -mxl-pattern-compare -mxl-soft-mul" "EXTRA_COMPILER_FLAGS=-g -ffun
ction-sections -fdata-sections -Wall -Wextra -Os -flto -ffat-lto-objects"

Running Make libs in psu_pmu_0/libsrc/csudma_v1_7/src

Running Make libs in psu_pmu_0/libsrc/uartps_v3_10/src

make -C psu_pmu_0/libsrc/csudma_v1_7/src -s libs  "SHELL=/bin/sh" "COMPILER=mb-gcc" "ASSEMBLER=mb-as" "ARCHIVER=mb-ar" "COMPILE
R_FLAGS=  -O2 -c -mcpu=v9.2 -mlittle-endian -mxl-barrel-shift -mxl-pattern-compare -mxl-soft-mul" "EXTRA_COMPILER_FLAGS=-g -ffu
nction-sections -fdata-sections -Wall -Wextra -Os -flto -ffat-lto-objects"

make -C psu_pmu_0/libsrc/uartps_v3_10/src -s libs  "SHELL=/bin/sh" "COMPILER=mb-gcc" "ASSEMBLER=mb-as" "ARCHIVER=mb-ar" "COMPIL
ER_FLAGS=  -O2 -c -mcpu=v9.2 -mlittle-endian -mxl-barrel-shift -mxl-pattern-compare -mxl-soft-mul" "EXTRA_COMPILER_FLAGS=-g -ff
unction-sections -fdata-sections -Wall -Wextra -Os -flto -ffat-lto-objects"

Running Make libs in psu_pmu_0/libsrc/sdps_v3_10/src

make -C psu_pmu_0/libsrc/sdps_v3_10/src -s libs  "SHELL=/bin/sh" "COMPILER=mb-gcc" "ASSEMBLER=mb-as" "ARCHIVER=mb-ar" "COMPILER
_FLAGS=  -O2 -c -mcpu=v9.2 -mlittle-endian -mxl-barrel-shift -mxl-pattern-compare -mxl-soft-mul" "EXTRA_COMPILER_FLAGS=-g -ffun
ction-sections -fdata-sections -Wall -Wextra -Os -flto -ffat-lto-objects"

Running Make libs in psu_pmu_0/libsrc/cpu_v2_12/src

make -C psu_pmu_0/libsrc/cpu_v2_12/src -s libs  "SHELL=/bin/sh" "COMPILER=mb-gcc" "ASSEMBLER=mb-as" "ARCHIVER=mb-ar" "COMPILER_
FLAGS=  -O2 -c -mcpu=v9.2 -mlittle-endian -mxl-barrel-shift -mxl-pattern-compare -mxl-soft-mul" "EXTRA_COMPILER_FLAGS=-g -ffunc
tion-sections -fdata-sections -Wall -Wextra -Os -flto -ffat-lto-objects"

Running Make libs in psu_pmu_0/libsrc/ipipsu_v2_7/src

make -C psu_pmu_0/libsrc/ipipsu_v2_7/src -s libs  "SHELL=/bin/sh" "COMPILER=mb-gcc" "ASSEMBLER=mb-as" "ARCHIVER=mb-ar" "COMPILE
R_FLAGS=  -O2 -c -mcpu=v9.2 -mlittle-endian -mxl-barrel-shift -mxl-pattern-compare -mxl-soft-mul" "EXTRA_COMPILER_FLAGS=-g -ffu
nction-sections -fdata-sections -Wall -Wextra -Os -flto -ffat-lto-objects"

Running Make libs in psu_pmu_0/libsrc/clockps_v1_3/src

make -C psu_pmu_0/libsrc/clockps_v1_3/src -s libs  "SHELL=/bin/sh" "COMPILER=mb-gcc" "ASSEMBLER=mb-as" "ARCHIVER=mb-ar" "COMPIL
ER_FLAGS=  -O2 -c -mcpu=v9.2 -mlittle-endian -mxl-barrel-shift -mxl-pattern-compare -mxl-soft-mul" "EXTRA_COMPILER_FLAGS=-g -ff
unction-sections -fdata-sections -Wall -Wextra -Os -flto -ffat-lto-objects"

xilfpga.c: In function 'XFpga_ValidateBitstreamParam':
xilfpga.c:494:51: warning: comparison between pointer and integer
  494 |  if ((InstancePtr == NULL) || (BitstreamImageAddr == NULL)) {
      |                                                   ^~
Finished building libraries parallelly.

make --no-print-directory archive

mb-ar -r  psu_pmu_0/lib/libxil.a psu_pmu_0/lib/microblaze_sleep.o psu_pmu_0/lib/microblaze_update_icache.o psu_pmu_0/lib/xclock
ps.o psu_pmu_0/lib/microblaze_invalidate_cache_ext.o psu_pmu_0/lib/microblaze_interrupts_g.o psu_pmu_0/lib/microblaze_invalidat
e_dcache_range.o psu_pmu_0/lib/xgpiops_selftest.o psu_pmu_0/lib/xipipsu.o psu_pmu_0/lib/xuartps_hw.o psu_pmu_0/lib/xcsudma_intr
.o psu_pmu_0/lib/fcntl.o psu_pmu_0/lib/xzdma_g.o psu_pmu_0/lib/xrtcpsu.o psu_pmu_0/lib/xgpiops_intr.o psu_pmu_0/lib/xzdma_selft
est.o psu_pmu_0/lib/microblaze_flush_dcache.o psu_pmu_0/lib/xclockps_gate.o psu_pmu_0/lib/xil_sleepcommon.o psu_pmu_0/lib/xcloc
kps_pll.o psu_pmu_0/lib/xclockps_divider.o psu_pmu_0/lib/microblaze_flush_cache_ext_range.o psu_pmu_0/lib/microblaze_flush_cach
e_ext.o psu_pmu_0/lib/xcsudma_selftest.o psu_pmu_0/lib/xil_mem.o psu_pmu_0/lib/xresetps.o psu_pmu_0/lib/xcsudma_sinit.o psu_pmu
_0/lib/xaxipmon_selftest.o psu_pmu_0/lib/xuartps.o psu_pmu_0/lib/xipipsu_g.o psu_pmu_0/lib/xcsudma_g.o psu_pmu_0/lib/xaxipmon_s
init.o psu_pmu_0/lib/xgpiops_hw.o psu_pmu_0/lib/xgpiops_sinit.o psu_pmu_0/lib/microblaze_interrupt_handler.o psu_pmu_0/lib/micr
oblaze_invalidate_dcache.o psu_pmu_0/lib/xresetps_sinit.o psu_pmu_0/lib/pvr.o psu_pmu_0/lib/xsdps.o psu_pmu_0/lib/xsysmonpsu.o 
psu_pmu_0/lib/xil_assert.o psu_pmu_0/lib/microblaze_exception_handler.o psu_pmu_0/lib/xuartps_sinit.o psu_pmu_0/lib/xsdps_card.
o psu_pmu_0/lib/xil_testio.o psu_pmu_0/lib/xil_cache.o psu_pmu_0/lib/microblaze_scrub.o psu_pmu_0/lib/xclockps_mux.o psu_pmu_0/
lib/xil_misc_psreset_api.o psu_pmu_0/lib/xsdps_options.o psu_pmu_0/lib/xuartps_selftest.o psu_pmu_0/lib/xuartps_g.o psu_pmu_0/l
ib/xclockps_fixedfactor.o psu_pmu_0/lib/xclockps_sinit.o psu_pmu_0/lib/xsdps_sinit.o psu_pmu_0/lib/microblaze_disable_dcache.o 
psu_pmu_0/lib/_exit.o psu_pmu_0/lib/xclockps_g.o psu_pmu_0/lib/print.o psu_pmu_0/lib/microblaze_disable_exceptions.o psu_pmu_0/
lib/xplatform_info.o psu_pmu_0/lib/xrtcpsu_intr.o psu_pmu_0/lib/outbyte.o psu_pmu_0/lib/xil_printf.o psu_pmu_0/lib/xsysmonpsu_s
elftest.o psu_pmu_0/lib/microblaze_init_icache_range.o psu_pmu_0/lib/xipipsu_buf.o psu_pmu_0/lib/xsysmonpsu_intr.o psu_pmu_0/li
b/xgpiops_g.o psu_pmu_0/lib/microblaze_enable_icache.o psu_pmu_0/lib/xsdps_host.o psu_pmu_0/lib/xzdma.o psu_pmu_0/lib/microblaz
e_enable_interrupts.o psu_pmu_0/lib/xrtcpsu_g.o psu_pmu_0/lib/xrtcpsu_selftest.o psu_pmu_0/lib/xaxipmon_g.o psu_pmu_0/lib/xil_c
locking.o psu_pmu_0/lib/xaxipmon.o psu_pmu_0/lib/xresetps_g.o psu_pmu_0/lib/xrtcpsu_sinit.o psu_pmu_0/lib/xil_testmem.o psu_pmu
_0/lib/xil_exception.o psu_pmu_0/lib/xcsudma.o psu_pmu_0/lib/xuartps_options.o psu_pmu_0/lib/microblaze_invalidate_cache_ext_ra
nge.o psu_pmu_0/lib/xsysmonpsu_sinit.o psu_pmu_0/lib/errno.o psu_pmu_0/lib/microblaze_invalidate_icache.o psu_pmu_0/lib/microbl
aze_init_dcache_range.o psu_pmu_0/lib/xgpiops.o psu_pmu_0/lib/xzdma_sinit.o psu_pmu_0/lib/xsdps_g.o psu_pmu_0/lib/microblaze_in
validate_icache_range.o psu_pmu_0/lib/microblaze_flush_dcache_range.o psu_pmu_0/lib/microblaze_disable_interrupts.o psu_pmu_0/l
ib/microblaze_enable_dcache.o psu_pmu_0/lib/inbyte.o psu_pmu_0/lib/xio.o psu_pmu_0/lib/microblaze_enable_exceptions.o psu_pmu_0
/lib/microblaze_disable_icache.o psu_pmu_0/lib/xipipsu_sinit.o psu_pmu_0/lib/xsysmonpsu_g.o psu_pmu_0/lib/hw_exception_handler.
o psu_pmu_0/lib/xil_testcache.o psu_pmu_0/lib/microblaze_update_dcache.o psu_pmu_0/lib/xuartps_intr.o psu_pmu_0/lib/xil_util.o 
psu_pmu_0/lib/microblaze_selftest.o psu_pmu_0/lib/xzdma_intr.o

Finished building libraries

make: Leaving directory '/home/yobuwen/hello-one/ultra96/vitis/ultra96/zynqmp_pmufw/zynqmp_pmufw_bsp'

mb-gcc -MMD -MP      -mlittle-endian -mxl-barrel-shift -mxl-pattern-compare -mcpu=v9.2 -mxl-soft-mul -Os -flto -ffat-lto-object
s    -mlittle-endian -mxl-barrel-shift -mxl-pattern-compare -mxl-soft-mul -mcpu=v9.2 -c xpfw_restart.c -o xpfw_restart.o -Izynq
mp_pmufw_bsp/psu_pmu_0/include -I.

mb-gcc -MMD -MP      -mlittle-endian -mxl-barrel-shift -mxl-pattern-compare -mcpu=v9.2 -mxl-soft-mul -Os -flto -ffat-lto-object
s    -mlittle-endian -mxl-barrel-shift -mxl-pattern-compare -mxl-soft-mul -mcpu=v9.2 -c pm_core.c -o pm_core.o -Izynqmp_pmufw_b
sp/psu_pmu_0/include -I.

mb-gcc -o pmufw.elf  xpfw_interrupts.o  pm_mmio_access.o  xpfw_mod_ultra96.o  pm_system.o  xpfw_scheduler.o  pm_gic_proxy.o  pm
_notifier.o  xpfw_aib.o  xpfw_events.o  pm_pinctrl.o  pm_ddr.o  pm_sram.o  xpfw_user_startup.o  xpfw_mod_wdt.o  pm_proc.o  xpfw
_mod_dap.o  xpfw_platform.o  pm_node.o  pm_reset.o  xpfw_mod_common.o  pm_binding.o  pm_usb.o  xpfw_crc.o  pm_master.o  xpfw_er
ror_manager.o  xpfw_restart.o  pm_requirement.o  pm_node_reset.o  pm_core.o  pm_config.o  xpfw_xpu.o  pm_qspi.o  pm_slave.o  xp
fw_mod_pm.o  xpfw_resets.o  xpfw_util.o  xpfw_mod_sched.o  xpfw_mod_rtc.o  pm_extern.o  xpfw_rom_interface.o  pm_callbacks.o  x
pfw_mod_stl.o  idle_hooks.o  xpfw_ipi_manager.o  pm_clock.o  xpfw_core.o  xpfw_module.o  pm_pll.o  pm_periph.o  pm_hooks.o  pm_
gpp.o  xpfw_mod_rpu.o  pm_power.o  xpfw_main.o  xpfw_mod_em.o  pm_csudma.o  xpfw_mod_legacy.o  xpfw_start.o  -MMD -MP      -mli
ttle-endian -mxl-barrel-shift -mxl-pattern-compare -mcpu=v9.2 -mxl-soft-mul -Os -flto -ffat-lto-objects    -Wl,--start-group,-l
xil,-lgcc,-lc,--end-group -Wl,--start-group,-lxilfpga,-lxil,-lgcc,-lc,--end-group -Wl,--start-group,-lxilsecure,-lxil,-lgcc,-lc
,--end-group -Wl,--start-group,-lxilskey,-lxil,-lgcc,-lc,--end-group                                                           
                               -nostartfiles -Wl,--no-relax -Wl,--gc-sections -Lzynqmp_pmufw_bsp/psu_pmu_0/lib -Tlscript.ld

Building the BSP Library for domain  - standalone_domain on processor psu_cortexa53_0
make --no-print-directory seq_libs

Finished building libraries sequentially.

make -j --no-print-directory par_libs

Running Make include in psu_cortexa53_0/libsrc/gpiops_v3_8/src

Running Make include in psu_cortexa53_0/libsrc/ddrcpsu_v1_3/src

make -C psu_cortexa53_0/libsrc/gpiops_v3_8/src -s include  "SHELL=/bin/sh" "COMPILER=aarch64-none-elf-gcc" "ASSEMBLER=aarch64-n
one-elf-as" "ARCHIVER=aarch64-none-elf-ar" "COMPILER_FLAGS=  -O2 -c" "EXTRA_COMPILER_FLAGS=-g -Wall -Wextra"

make -C psu_cortexa53_0/libsrc/ddrcpsu_v1_3/src -s include  "SHELL=/bin/sh" "COMPILER=aarch64-none-elf-gcc" "ASSEMBLER=aarch64-
none-elf-as" "ARCHIVER=aarch64-none-elf-ar" "COMPILER_FLAGS=  -O2 -c" "EXTRA_COMPILER_FLAGS=-g -Wall -Wextra"

Running Make include in psu_cortexa53_0/libsrc/standalone_v7_3/src

make -C psu_cortexa53_0/libsrc/standalone_v7_3/src -s include  "SHELL=/bin/sh" "COMPILER=aarch64-none-elf-gcc" "ASSEMBLER=aarch
64-none-elf-as" "ARCHIVER=aarch64-none-elf-ar" "COMPILER_FLAGS=  -O2 -c" "EXTRA_COMPILER_FLAGS=-g -Wall -Wextra"

Running Make include in psu_cortexa53_0/libsrc/axipmon_v6_9/src

Running Make include in psu_cortexa53_0/libsrc/sysmonpsu_v2_7/src

make -C psu_cortexa53_0/libsrc/axipmon_v6_9/src -s include  "SHELL=/bin/sh" "COMPILER=aarch64-none-elf-gcc" "ASSEMBLER=aarch64-
none-elf-as" "ARCHIVER=aarch64-none-elf-ar" "COMPILER_FLAGS=  -O2 -c" "EXTRA_COMPILER_FLAGS=-g -Wall -Wextra"

make -C psu_cortexa53_0/libsrc/sysmonpsu_v2_7/src -s include  "SHELL=/bin/sh" "COMPILER=aarch64-none-elf-gcc" "ASSEMBLER=aarch6
4-none-elf-as" "ARCHIVER=aarch64-none-elf-ar" "COMPILER_FLAGS=  -O2 -c" "EXTRA_COMPILER_FLAGS=-g -Wall -Wextra"

Running Make include in psu_cortexa53_0/libsrc/resetps_v1_4/src

make -C psu_cortexa53_0/libsrc/resetps_v1_4/src -s include  "SHELL=/bin/sh" "COMPILER=aarch64-none-elf-gcc" "ASSEMBLER=aarch64-
none-elf-as" "ARCHIVER=aarch64-none-elf-ar" "COMPILER_FLAGS=  -O2 -c" "EXTRA_COMPILER_FLAGS=-g -Wall -Wextra"

Running Make include in psu_cortexa53_0/libsrc/clockps_v1_3/src

make -C psu_cortexa53_0/libsrc/clockps_v1_3/src -s include  "SHELL=/bin/sh" "COMPILER=aarch64-none-elf-gcc" "ASSEMBLER=aarch64-
none-elf-as" "ARCHIVER=aarch64-none-elf-ar" "COMPILER_FLAGS=  -O2 -c" "EXTRA_COMPILER_FLAGS=-g -Wall -Wextra"

Running Make include in psu_cortexa53_0/libsrc/cpu_cortexa53_v1_8/src

make -C psu_cortexa53_0/libsrc/cpu_cortexa53_v1_8/src -s include  "SHELL=/bin/sh" "COMPILER=aarch64-none-elf-gcc" "ASSEMBLER=aa
rch64-none-elf-as" "ARCHIVER=aarch64-none-elf-ar" "COMPILER_FLAGS=  -O2 -c" "EXTRA_COMPILER_FLAGS=-g -Wall -Wextra"

Running Make include in psu_cortexa53_0/libsrc/rtcpsu_v1_10/src

make -C psu_cortexa53_0/libsrc/rtcpsu_v1_10/src -s include  "SHELL=/bin/sh" "COMPILER=aarch64-none-elf-gcc" "ASSEMBLER=aarch64-
none-elf-as" "ARCHIVER=aarch64-none-elf-ar" "COMPILER_FLAGS=  -O2 -c" "EXTRA_COMPILER_FLAGS=-g -Wall -Wextra"

Running Make include in psu_cortexa53_0/libsrc/sdps_v3_10/src

make -C psu_cortexa53_0/libsrc/sdps_v3_10/src -s include  "SHELL=/bin/sh" "COMPILER=aarch64-none-elf-gcc" "ASSEMBLER=aarch64-no
ne-elf-as" "ARCHIVER=aarch64-none-elf-ar" "COMPILER_FLAGS=  -O2 -c" "EXTRA_COMPILER_FLAGS=-g -Wall -Wextra"

Running Make include in psu_cortexa53_0/libsrc/coresightps_dcc_v1_8/src

Running Make include in psu_cortexa53_0/libsrc/zdma_v1_10/src

make -C psu_cortexa53_0/libsrc/coresightps_dcc_v1_8/src -s include  "SHELL=/bin/sh" "COMPILER=aarch64-none-elf-gcc" "ASSEMBLER=
aarch64-none-elf-as" "ARCHIVER=aarch64-none-elf-ar" "COMPILER_FLAGS=  -O2 -c" "EXTRA_COMPILER_FLAGS=-g -Wall -Wextra"

make -C psu_cortexa53_0/libsrc/zdma_v1_10/src -s include  "SHELL=/bin/sh" "COMPILER=aarch64-none-elf-gcc" "ASSEMBLER=aarch64-no
ne-elf-as" "ARCHIVER=aarch64-none-elf-ar" "COMPILER_FLAGS=  -O2 -c" "EXTRA_COMPILER_FLAGS=-g -Wall -Wextra"

Running Make include in psu_cortexa53_0/libsrc/uartps_v3_10/src

make -C psu_cortexa53_0/libsrc/uartps_v3_10/src -s include  "SHELL=/bin/sh" "COMPILER=aarch64-none-elf-gcc" "ASSEMBLER=aarch64-
none-elf-as" "ARCHIVER=aarch64-none-elf-ar" "COMPILER_FLAGS=  -O2 -c" "EXTRA_COMPILER_FLAGS=-g -Wall -Wextra"

Running Make include in psu_cortexa53_0/libsrc/ipipsu_v2_7/src

Running Make include in psu_cortexa53_0/libsrc/csudma_v1_7/src

make -C psu_cortexa53_0/libsrc/ipipsu_v2_7/src -s include  "SHELL=/bin/sh" "COMPILER=aarch64-none-elf-gcc" "ASSEMBLER=aarch64-n
one-elf-as" "ARCHIVER=aarch64-none-elf-ar" "COMPILER_FLAGS=  -O2 -c" "EXTRA_COMPILER_FLAGS=-g -Wall -Wextra"

make -C psu_cortexa53_0/libsrc/csudma_v1_7/src -s include  "SHELL=/bin/sh" "COMPILER=aarch64-none-elf-gcc" "ASSEMBLER=aarch64-n
one-elf-as" "ARCHIVER=aarch64-none-elf-ar" "COMPILER_FLAGS=  -O2 -c" "EXTRA_COMPILER_FLAGS=-g -Wall -Wextra"

Running Make include in psu_cortexa53_0/libsrc/scugic_v4_3/src

make -C psu_cortexa53_0/libsrc/scugic_v4_3/src -s include  "SHELL=/bin/sh" "COMPILER=aarch64-none-elf-gcc" "ASSEMBLER=aarch64-n
one-elf-as" "ARCHIVER=aarch64-none-elf-ar" "COMPILER_FLAGS=  -O2 -c" "EXTRA_COMPILER_FLAGS=-g -Wall -Wextra"

Running Make libs in psu_cortexa53_0/libsrc/gpiops_v3_8/src

Running Make libs in psu_cortexa53_0/libsrc/ddrcpsu_v1_3/src

make -C psu_cortexa53_0/libsrc/gpiops_v3_8/src -s libs  "SHELL=/bin/sh" "COMPILER=aarch64-none-elf-gcc" "ASSEMBLER=aarch64-none
-elf-as" "ARCHIVER=aarch64-none-elf-ar" "COMPILER_FLAGS=  -O2 -c" "EXTRA_COMPILER_FLAGS=-g -Wall -Wextra"

make -C psu_cortexa53_0/libsrc/ddrcpsu_v1_3/src -s libs  "SHELL=/bin/sh" "COMPILER=aarch64-none-elf-gcc" "ASSEMBLER=aarch64-non
e-elf-as" "ARCHIVER=aarch64-none-elf-ar" "COMPILER_FLAGS=  -O2 -c" "EXTRA_COMPILER_FLAGS=-g -Wall -Wextra"

Running Make libs in psu_cortexa53_0/libsrc/standalone_v7_3/src

make -C psu_cortexa53_0/libsrc/standalone_v7_3/src -s libs  "SHELL=/bin/sh" "COMPILER=aarch64-none-elf-gcc" "ASSEMBLER=aarch64-
none-elf-as" "ARCHIVER=aarch64-none-elf-ar" "COMPILER_FLAGS=  -O2 -c" "EXTRA_COMPILER_FLAGS=-g -Wall -Wextra"

Running Make libs in psu_cortexa53_0/libsrc/axipmon_v6_9/src

Running Make libs in psu_cortexa53_0/libsrc/resetps_v1_4/src

Running Make libs in psu_cortexa53_0/libsrc/sysmonpsu_v2_7/src

make -C psu_cortexa53_0/libsrc/sysmonpsu_v2_7/src -s libs  "SHELL=/bin/sh" "COMPILER=aarch64-none-elf-gcc" "ASSEMBLER=aarch64-n
one-elf-as" "ARCHIVER=aarch64-none-elf-ar" "COMPILER_FLAGS=  -O2 -c" "EXTRA_COMPILER_FLAGS=-g -Wall -Wextra"

make -C psu_cortexa53_0/libsrc/axipmon_v6_9/src -s libs  "SHELL=/bin/sh" "COMPILER=aarch64-none-elf-gcc" "ASSEMBLER=aarch64-non
e-elf-as" "ARCHIVER=aarch64-none-elf-ar" "COMPILER_FLAGS=  -O2 -c" "EXTRA_COMPILER_FLAGS=-g -Wall -Wextra"

make -C psu_cortexa53_0/libsrc/resetps_v1_4/src -s libs  "SHELL=/bin/sh" "COMPILER=aarch64-none-elf-gcc" "ASSEMBLER=aarch64-non
e-elf-as" "ARCHIVER=aarch64-none-elf-ar" "COMPILER_FLAGS=  -O2 -c" "EXTRA_COMPILER_FLAGS=-g -Wall -Wextra"

Running Make libs in psu_cortexa53_0/libsrc/cpu_cortexa53_v1_8/src

Running Make libs in psu_cortexa53_0/libsrc/zdma_v1_10/src

make -C psu_cortexa53_0/libsrc/zdma_v1_10/src -s libs  "SHELL=/bin/sh" "COMPILER=aarch64-none-elf-gcc" "ASSEMBLER=aarch64-none-
elf-as" "ARCHIVER=aarch64-none-elf-ar" "COMPILER_FLAGS=  -O2 -c" "EXTRA_COMPILER_FLAGS=-g -Wall -Wextra"

Running Make libs in psu_cortexa53_0/libsrc/rtcpsu_v1_10/src

make -C psu_cortexa53_0/libsrc/rtcpsu_v1_10/src -s libs  "SHELL=/bin/sh" "COMPILER=aarch64-none-elf-gcc" "ASSEMBLER=aarch64-non
e-elf-as" "ARCHIVER=aarch64-none-elf-ar" "COMPILER_FLAGS=  -O2 -c" "EXTRA_COMPILER_FLAGS=-g -Wall -Wextra"

Running Make libs in psu_cortexa53_0/libsrc/coresightps_dcc_v1_8/src

make -C psu_cortexa53_0/libsrc/coresightps_dcc_v1_8/src -s libs  "SHELL=/bin/sh" "COMPILER=aarch64-none-elf-gcc" "ASSEMBLER=aar
ch64-none-elf-as" "ARCHIVER=aarch64-none-elf-ar" "COMPILER_FLAGS=  -O2 -c" "EXTRA_COMPILER_FLAGS=-g -Wall -Wextra"

make -C psu_cortexa53_0/libsrc/cpu_cortexa53_v1_8/src -s libs  "SHELL=/bin/sh" "COMPILER=aarch64-none-elf-gcc" "ASSEMBLER=aarch
64-none-elf-as" "ARCHIVER=aarch64-none-elf-ar" "COMPILER_FLAGS=  -O2 -c" "EXTRA_COMPILER_FLAGS=-g -Wall -Wextra"

Running Make libs in psu_cortexa53_0/libsrc/csudma_v1_7/src

make -C psu_cortexa53_0/libsrc/csudma_v1_7/src -s libs  "SHELL=/bin/sh" "COMPILER=aarch64-none-elf-gcc" "ASSEMBLER=aarch64-none
-elf-as" "ARCHIVER=aarch64-none-elf-ar" "COMPILER_FLAGS=  -O2 -c" "EXTRA_COMPILER_FLAGS=-g -Wall -Wextra"

Running Make libs in psu_cortexa53_0/libsrc/sdps_v3_10/src

make -C psu_cortexa53_0/libsrc/sdps_v3_10/src -s libs  "SHELL=/bin/sh" "COMPILER=aarch64-none-elf-gcc" "ASSEMBLER=aarch64-none-
elf-as" "ARCHIVER=aarch64-none-elf-ar" "COMPILER_FLAGS=  -O2 -c" "EXTRA_COMPILER_FLAGS=-g -Wall -Wextra"

Running Make libs in psu_cortexa53_0/libsrc/ipipsu_v2_7/src

make -C psu_cortexa53_0/libsrc/ipipsu_v2_7/src -s libs  "SHELL=/bin/sh" "COMPILER=aarch64-none-elf-gcc" "ASSEMBLER=aarch64-none
-elf-as" "ARCHIVER=aarch64-none-elf-ar" "COMPILER_FLAGS=  -O2 -c" "EXTRA_COMPILER_FLAGS=-g -Wall -Wextra"

Running Make libs in psu_cortexa53_0/libsrc/scugic_v4_3/src

Running Make libs in psu_cortexa53_0/libsrc/uartps_v3_10/src

make -C psu_cortexa53_0/libsrc/scugic_v4_3/src -s libs  "SHELL=/bin/sh" "COMPILER=aarch64-none-elf-gcc" "ASSEMBLER=aarch64-none
-elf-as" "ARCHIVER=aarch64-none-elf-ar" "COMPILER_FLAGS=  -O2 -c" "EXTRA_COMPILER_FLAGS=-g -Wall -Wextra"

make -C psu_cortexa53_0/libsrc/uartps_v3_10/src -s libs  "SHELL=/bin/sh" "COMPILER=aarch64-none-elf-gcc" "ASSEMBLER=aarch64-non
e-elf-as" "ARCHIVER=aarch64-none-elf-ar" "COMPILER_FLAGS=  -O2 -c" "EXTRA_COMPILER_FLAGS=-g -Wall -Wextra"

Running Make libs in psu_cortexa53_0/libsrc/clockps_v1_3/src

make -C psu_cortexa53_0/libsrc/clockps_v1_3/src -s libs  "SHELL=/bin/sh" "COMPILER=aarch64-none-elf-gcc" "ASSEMBLER=aarch64-non
e-elf-as" "ARCHIVER=aarch64-none-elf-ar" "COMPILER_FLAGS=  -O2 -c" "EXTRA_COMPILER_FLAGS=-g -Wall -Wextra"

Finished building libraries parallelly.

make --no-print-directory archive

aarch64-none-elf-ar -r  psu_cortexa53_0/lib/libxil.a psu_cortexa53_0/lib/asm_vectors.o psu_cortexa53_0/lib/xzdma_intr.o psu_cor
texa53_0/lib/xplatform_info.o psu_cortexa53_0/lib/xclockps.o psu_cortexa53_0/lib/xtime_l.o psu_cortexa53_0/lib/initialise_monit
or_handles.o psu_cortexa53_0/lib/xil_smc.o psu_cortexa53_0/lib/xgpiops_hw.o psu_cortexa53_0/lib/read.o psu_cortexa53_0/lib/lsee
k.o psu_cortexa53_0/lib/xsdps_card.o psu_cortexa53_0/lib/xuartps_hw.o psu_cortexa53_0/lib/xcsudma_intr.o psu_cortexa53_0/lib/ou
tbyte.o psu_cortexa53_0/lib/fcntl.o psu_cortexa53_0/lib/xsysmonpsu_g.o psu_cortexa53_0/lib/xzdma_selftest.o psu_cortexa53_0/lib
/xscugic_sinit.o psu_cortexa53_0/lib/xscugic_intr.o psu_cortexa53_0/lib/xuartps_g.o psu_cortexa53_0/lib/kill.o psu_cortexa53_0/
lib/xil_sleepcommon.o psu_cortexa53_0/lib/xzdma_sinit.o psu_cortexa53_0/lib/xzdma_g.o psu_cortexa53_0/lib/xclockps_divider.o ps
u_cortexa53_0/lib/xuartps_sinit.o psu_cortexa53_0/lib/xclockps_gate.o psu_cortexa53_0/lib/xcsudma_selftest.o psu_cortexa53_0/li
b/xil_mem.o psu_cortexa53_0/lib/xresetps.o psu_cortexa53_0/lib/xuartps_selftest.o psu_cortexa53_0/lib/xcsudma_sinit.o psu_corte
xa53_0/lib/xaxipmon_selftest.o psu_cortexa53_0/lib/translation_table.o psu_cortexa53_0/lib/xrtcpsu.o psu_cortexa53_0/lib/xcsudm
a_g.o psu_cortexa53_0/lib/xaxipmon_sinit.o psu_cortexa53_0/lib/xgpiops_sinit.o psu_cortexa53_0/lib/xsdps.o psu_cortexa53_0/lib/
xresetps_sinit.o psu_cortexa53_0/lib/close.o psu_cortexa53_0/lib/unlink.o psu_cortexa53_0/lib/xsysmonpsu.o psu_cortexa53_0/lib/
xil_assert.o psu_cortexa53_0/lib/xuartps_intr.o psu_cortexa53_0/lib/putnum.o psu_cortexa53_0/lib/inbyte.o psu_cortexa53_0/lib/x
il_cache.o psu_cortexa53_0/lib/xclockps_mux.o psu_cortexa53_0/lib/xsdps_options.o psu_cortexa53_0/lib/xipipsu.o psu_cortexa53_0
/lib/xil_sleeptimer.o psu_cortexa53_0/lib/xgpiops_intr.o psu_cortexa53_0/lib/xclockps_sinit.o psu_cortexa53_0/lib/xil_testio.o 
psu_cortexa53_0/lib/_exit.o psu_cortexa53_0/lib/xaxipmon_g.o psu_cortexa53_0/lib/xclockps_g.o psu_cortexa53_0/lib/print.o psu_c
ortexa53_0/lib/xscugic_hw.o psu_cortexa53_0/lib/xuartps.o psu_cortexa53_0/lib/xrtcpsu_intr.o psu_cortexa53_0/lib/xil_printf.o p
su_cortexa53_0/lib/xsysmonpsu_selftest.o psu_cortexa53_0/lib/xclockps_fixedfactor.o psu_cortexa53_0/lib/_open.o psu_cortexa53_0
/lib/xil_mmu.o psu_cortexa53_0/lib/cpputest_time.o psu_cortexa53_0/lib/xgpiops_selftest.o psu_cortexa53_0/lib/xil-crt0.o psu_co
rtexa53_0/lib/sleep.o psu_cortexa53_0/lib/isatty.o psu_cortexa53_0/lib/xscugic_g.o psu_cortexa53_0/lib/xzdma.o psu_cortexa53_0/
lib/xsysmonpsu_intr.o psu_cortexa53_0/lib/xscugic.o psu_cortexa53_0/lib/xrtcpsu_selftest.o psu_cortexa53_0/lib/errno.o psu_cort
exa53_0/lib/xil_clocking.o psu_cortexa53_0/lib/open.o psu_cortexa53_0/lib/xresetps_g.o psu_cortexa53_0/lib/xrtcpsu_sinit.o psu_
cortexa53_0/lib/xgpiops_g.o psu_cortexa53_0/lib/write.o psu_cortexa53_0/lib/xil_testmem.o psu_cortexa53_0/lib/sbrk.o psu_cortex
a53_0/lib/xil_exception.o psu_cortexa53_0/lib/vectors.o psu_cortexa53_0/lib/xrtcpsu_g.o psu_cortexa53_0/lib/xcsudma.o psu_corte
xa53_0/lib/xuartps_options.o psu_cortexa53_0/lib/abort.o psu_cortexa53_0/lib/xsysmonpsu_sinit.o psu_cortexa53_0/lib/xsdps_sinit
.o psu_cortexa53_0/lib/xaxipmon.o psu_cortexa53_0/lib/fstat.o psu_cortexa53_0/lib/xgpiops.o psu_cortexa53_0/lib/xsdps_g.o psu_c
ortexa53_0/lib/_sbrk.o psu_cortexa53_0/lib/boot.o psu_cortexa53_0/lib/xclockps_pll.o psu_cortexa53_0/lib/xcoresightpsdcc.o psu_
cortexa53_0/lib/xsdps_host.o psu_cortexa53_0/lib/xipipsu_buf.o psu_cortexa53_0/lib/xipipsu_sinit.o psu_cortexa53_0/lib/xil_test
cache.o psu_cortexa53_0/lib/getpid.o psu_cortexa53_0/lib/xipipsu_g.o psu_cortexa53_0/lib/xil_util.o psu_cortexa53_0/lib/xscugic
_selftest.o

Finished building libraries

Failed to generate the platform.
Reason: Failed to generate the bsp sources for domain.zynqmp_fsbl

Details: Error: Processor type psu_pmu is not supported

ERROR: [Hsi 55-1545] Problem running tcl command ::sw_xilpm_v3_2::generate : Error: Processor type psu_pmu is not supported

    while executing
"error "Error: Processor type $proctype is not supported\n""
    (procedure "::sw_xilpm_v3_2::generate" line 40)
    invoked from within
"::sw_xilpm_v3_2::generate xilpm"

ERROR: [Hsi 55-1442] Error(s) while running TCL procedure generate()

    invoked from within
"::tcf::eval -progress {apply {{msg} {puts $msg}}} {tcf_send_command tcfchan#0 xsdb eval s es {{platform active ultra96; platform generate }}}"
    (procedure "::tcf::send_command" line 4)
    invoked from within
"tcf send_command $::xsdb::curchan xsdb eval s es [list "platform active $PLATFORM_NAME; platform generate $target"]"
    invoked from within
"if { $iswindows == 1 } {    

    set XSDB_PORT [lindex $argv 0]
    set PLATFORM_NAME [lindex $argv 1]
    set arglen [llength $argv]
    set lastind..."
    (file "/tools/Xilinx/Vitis/2020.2/scripts/vitis/util/buildplatform.tcl" line 11)

15:40:31 Build Finished (took 10s.764ms)

