

================================================================
== Vitis HLS Report for 'load_a15'
================================================================
* Date:           Mon Mar  8 16:16:26 2021

* Version:        2020.2 (Build 3064766 on Wed Nov 18 09:12:47 MST 2020)
* Project:        systolic_array
* Solution:       solution1 (Vivado IP Flow Target)
* Product family: zynquplus
* Target device:  xczu7ev-ffvc1156-2-e


================================================================
== Performance Estimates
================================================================
+ Timing: 
    * Summary: 
    +--------+----------+----------+------------+
    |  Clock |  Target  | Estimated| Uncertainty|
    +--------+----------+----------+------------+
    |ap_clk  |  10.00 ns|  2.515 ns|     2.70 ns|
    +--------+----------+----------+------------+

+ Latency: 
    * Summary: 
    +---------+---------+-----------+-----------+-----+-----+---------+
    |  Latency (cycles) |   Latency (absolute)  |  Interval | Pipeline|
    |   min   |   max   |    min    |    max    | min | max |   Type  |
    +---------+---------+-----------+-----------+-----+-----+---------+
    |        5|        5|  50.000 ns|  50.000 ns|    5|    5|     none|
    +---------+---------+-----------+-----------+-----+-----+---------+

    + Detail: 
        * Instance: 
        N/A

        * Loop: 
        +-------------------+---------+---------+----------+-----------+-----------+------+----------+
        |                   |  Latency (cycles) | Iteration|  Initiation Interval  | Trip |          |
        |     Loop Name     |   min   |   max   |  Latency |  achieved |   target  | Count| Pipelined|
        +-------------------+---------+---------+----------+-----------+-----------+------+----------+
        |- VITIS_LOOP_31_1  |        3|        3|         2|          1|          1|     3|       yes|
        +-------------------+---------+---------+----------+-----------+-----------+------+----------+

============================================================
+ Verbose Summary: Synthesis Manager
============================================================
InlineROM: 1
ExposeGlobal: 0
============================================================
+ Verbose Summary: CDFG Model
============================================================
IsTopModel: 0
ResetActiveHigh: 1
IsCombinational: 2
IsDatapathOnly: 0
HasWiredReturn: 1
HasMFsm: 0
HasVarLatency: 1
IsPipeline: 0
IsRtlPipelined: 0
IsInstanceOverlapped: 0
IsDontTouch: 0
HasImplIP: 0
IsGatedGlobalClock: 0

+ Individual pipeline summary: 
  * Pipeline-0: initiation interval (II) = 1, depth = 2


============================================================
+ Verbose Summary: Schedule
============================================================
* Number of FSM states : 4
* Pipeline : 1
  Pipeline-0 : II = 1, D = 2, States = { 2 3 }
* Dataflow Pipeline: 0

* FSM state transitions: 
1 --> 2 
2 --> 4 3 
3 --> 2 
4 --> 

* FSM state operations: 

State 1 <SV = 0> <Delay = 0.42>
ST_1 : Operation 5 [1/1] (0.00ns)   --->   "%specinterface_ln0 = specinterface void @_ssdm_op_SpecInterface, i32 %A_nxt28, void @ap_fifo_str, i32 0, i32 0, void @p_str, i32 0, i32 0, void @p_str, void @p_str, void @p_str, i32 2, i32 2, i32 16, i32 16, void @p_str, void @p_str"   --->   Operation 5 'specinterface' 'specinterface_ln0' <Predicate = true> <Delay = 0.00>
ST_1 : Operation 6 [1/1] (0.42ns)   --->   "%br_ln31 = br void" [source/systolic_array.cpp:31]   --->   Operation 6 'br' 'br_ln31' <Predicate = true> <Delay = 0.42>

State 2 <SV = 1> <Delay = 0.67>
ST_2 : Operation 7 [1/1] (0.00ns)   --->   "%k = phi i2 %add_ln31, void %.split, i2 0, void" [source/systolic_array.cpp:31]   --->   Operation 7 'phi' 'k' <Predicate = true> <Delay = 0.00>
ST_2 : Operation 8 [1/1] (0.54ns)   --->   "%add_ln31 = add i2 %k, i2 1" [source/systolic_array.cpp:31]   --->   Operation 8 'add' 'add_ln31' <Predicate = true> <Delay = 0.54> <CoreInst = "Adder">   --->   Core 1 'Adder' <Latency = 0> <II = 1> <Delay = 0.54> <FuncUnit> <Opcode : 'add' 'sub'> <InPorts = 2> <OutPorts = 1>
ST_2 : Operation 9 [1/1] (0.00ns)   --->   "%specpipeline_ln0 = specpipeline void @_ssdm_op_SpecPipeline, i32 4294967295, i32 0, i32 1, i32 0, void @p_str"   --->   Operation 9 'specpipeline' 'specpipeline_ln0' <Predicate = true> <Delay = 0.00>
ST_2 : Operation 10 [1/1] (0.44ns)   --->   "%icmp_ln31 = icmp_eq  i2 %k, i2 3" [source/systolic_array.cpp:31]   --->   Operation 10 'icmp' 'icmp_ln31' <Predicate = true> <Delay = 0.44> <CoreInst = "Cmp">   --->   Core 9 'Cmp' <Latency = 0> <II = 1> <Delay = 0.44> <FuncUnit> <Opcode : 'icmp'> <InPorts = 2> <OutPorts = 1>
ST_2 : Operation 11 [1/1] (0.00ns)   --->   "%empty = speclooptripcount i32 @_ssdm_op_SpecLoopTripCount, i64 3, i64 3, i64 3"   --->   Operation 11 'speclooptripcount' 'empty' <Predicate = true> <Delay = 0.00>
ST_2 : Operation 12 [1/1] (0.00ns)   --->   "%br_ln31 = br i1 %icmp_ln31, void %.split, void" [source/systolic_array.cpp:31]   --->   Operation 12 'br' 'br_ln31' <Predicate = true> <Delay = 0.00>
ST_2 : Operation 13 [1/1] (0.00ns)   --->   "%k_cast = zext i2 %k" [source/systolic_array.cpp:31]   --->   Operation 13 'zext' 'k_cast' <Predicate = (!icmp_ln31)> <Delay = 0.00>
ST_2 : Operation 14 [1/1] (0.00ns)   --->   "%A_2_addr = getelementptr i32 %A_2, i64 0, i64 %k_cast" [source/systolic_array.cpp:33]   --->   Operation 14 'getelementptr' 'A_2_addr' <Predicate = (!icmp_ln31)> <Delay = 0.00>
ST_2 : Operation 15 [2/2] (0.67ns)   --->   "%A_2_load = load i2 %A_2_addr" [/tools/Xilinx/Vitis_HLS/2020.2/common/technology/autopilot/hls_stream_39.h:174]   --->   Operation 15 'load' 'A_2_load' <Predicate = (!icmp_ln31)> <Delay = 0.67> <CoreInst = "RAM">   --->   Core 83 'RAM' <Latency = 1> <II = 1> <Delay = 0.67> <Storage> <Opcode : 'load' 'store'> <Ports = 2> <Width = 32> <Depth = 3> <RAM>

State 3 <SV = 2> <Delay = 2.51>
ST_3 : Operation 16 [1/1] (0.00ns)   --->   "%specloopname_ln31 = specloopname void @_ssdm_op_SpecLoopName, void @empty_0" [source/systolic_array.cpp:31]   --->   Operation 16 'specloopname' 'specloopname_ln31' <Predicate = (!icmp_ln31)> <Delay = 0.00>
ST_3 : Operation 17 [1/2] (0.67ns)   --->   "%A_2_load = load i2 %A_2_addr" [/tools/Xilinx/Vitis_HLS/2020.2/common/technology/autopilot/hls_stream_39.h:174]   --->   Operation 17 'load' 'A_2_load' <Predicate = (!icmp_ln31)> <Delay = 0.67> <CoreInst = "RAM">   --->   Core 83 'RAM' <Latency = 1> <II = 1> <Delay = 0.67> <Storage> <Opcode : 'load' 'store'> <Ports = 2> <Width = 32> <Depth = 3> <RAM>
ST_3 : Operation 18 [1/1] (1.83ns)   --->   "%write_ln174 = write void @_ssdm_op_Write.ap_fifo.volatile.floatP0A, i32 %A_nxt28, i32 %A_2_load" [/tools/Xilinx/Vitis_HLS/2020.2/common/technology/autopilot/hls_stream_39.h:174]   --->   Operation 18 'write' 'write_ln174' <Predicate = (!icmp_ln31)> <Delay = 1.83> <CoreInst = "FIFO_SRL">   --->   Core 81 'FIFO_SRL' <Latency = 0> <II = 1> <Delay = 1.83> <Storage> <Opcode : 'read' 'write' 'nbread' 'nbwrite'> <Ports = 0> <Width = 32> <Depth = 2> <FIFO>
ST_3 : Operation 19 [1/1] (0.00ns)   --->   "%br_ln0 = br void"   --->   Operation 19 'br' 'br_ln0' <Predicate = (!icmp_ln31)> <Delay = 0.00>

State 4 <SV = 2> <Delay = 0.00>
ST_4 : Operation 20 [1/1] (0.00ns)   --->   "%ret_ln35 = ret" [source/systolic_array.cpp:35]   --->   Operation 20 'ret' 'ret_ln35' <Predicate = true> <Delay = 0.00>


============================================================
+ Verbose Summary: Timing violations
============================================================
Target clock period: 10ns, clock uncertainty: 2.7ns.

 <State 1>: 0.427ns
The critical path consists of the following:
	multiplexor before 'phi' operation ('k', source/systolic_array.cpp:31) with incoming values : ('add_ln31', source/systolic_array.cpp:31) [7]  (0.427 ns)

 <State 2>: 0.677ns
The critical path consists of the following:
	'phi' operation ('k', source/systolic_array.cpp:31) with incoming values : ('add_ln31', source/systolic_array.cpp:31) [7]  (0 ns)
	'getelementptr' operation ('A_2_addr', source/systolic_array.cpp:33) [16]  (0 ns)
	'load' operation ('A_2_load', /tools/Xilinx/Vitis_HLS/2020.2/common/technology/autopilot/hls_stream_39.h:174) on array 'A_2' [17]  (0.677 ns)

 <State 3>: 2.52ns
The critical path consists of the following:
	'load' operation ('A_2_load', /tools/Xilinx/Vitis_HLS/2020.2/common/technology/autopilot/hls_stream_39.h:174) on array 'A_2' [17]  (0.677 ns)
	fifo write on port 'A_nxt28' (/tools/Xilinx/Vitis_HLS/2020.2/common/technology/autopilot/hls_stream_39.h:174) [18]  (1.84 ns)

 <State 4>: 0ns
The critical path consists of the following:


============================================================
+ Verbose Summary: Binding
============================================================
N/A
* FSMD analyzer results:
  - Output states:
 - Input state : 
  - Chain level:
	State 1
	State 2
	State 3
	State 4


============================================================
+ Verbose Summary: Datapath Resource usage 
============================================================
N/A
