15:52:40 INFO  : Registering command handlers for Vitis TCF services
15:52:40 INFO  : Launching XSCT server: xsct -n  -interactive /home/yobuwen/hello-one/ultra96_ptlinux/vitis/temp_xsdb_launch_script.tcl
15:52:43 INFO  : Platform repository initialization has completed.
15:52:45 INFO  : XSCT server has started successfully.
15:52:45 INFO  : plnx-install-location is set to ''
15:52:47 INFO  : Successfully done setting XSCT server connection channel  
15:52:47 INFO  : Successfully done setting workspace for the tool. 
15:52:47 INFO  : Successfully done query RDI_DATADIR 
15:53:50 INFO  : Result from executing command 'getProjects': ultra96_ptlinux
15:53:50 INFO  : Result from executing command 'getPlatforms': 
15:54:48 INFO  : Result from executing command 'getProjects': ultra96_ptlinux
15:54:48 INFO  : Result from executing command 'getPlatforms': ultra96_ptlinux|/home/yobuwen/hello-one/ultra96_ptlinux/vitis/ultra96_ptlinux/export/ultra96_ptlinux/ultra96_ptlinux.xpfm
15:57:42 INFO  : Result from executing command 'getProjects': ultra96_ptlinux
15:57:42 INFO  : Result from executing command 'getPlatforms': ultra96_ptlinux|/home/yobuwen/hello-one/ultra96_ptlinux/vitis/ultra96_ptlinux/export/ultra96_ptlinux/ultra96_ptlinux.xpfm
16:01:49 INFO  : Checking for BSP changes to sync application flags for project 'hello_a53'...
16:02:12 INFO  : Connected to target on host '127.0.0.1' and port '3121'.
16:02:13 INFO  : Jtag cable 'Avnet USB-to-JTAG/UART Pod V1 1234-oj1A' is selected.
16:02:13 INFO  : 'jtag frequency' command is executed.
16:02:13 INFO  : Sourcing of '/tools/Xilinx/Vitis/2020.2/scripts/vitis/util/zynqmp_utils.tcl' is done.
16:02:13 INFO  : Context for 'APU' is selected.
16:02:14 INFO  : System reset is completed.
16:02:17 INFO  : 'after 3000' command is executed.
16:02:17 INFO  : Context for 'APU' is selected.
16:02:18 INFO  : Hardware design and registers information is loaded from '/home/yobuwen/hello-one/ultra96_ptlinux/vitis/ultra96_ptlinux/export/ultra96_ptlinux/hw/design_1_wrapper.xsa'.
16:02:18 INFO  : 'configparams force-mem-access 1' command is executed.
16:02:18 INFO  : Context for 'APU' is selected.
16:02:18 INFO  : Boot mode is read from the target.
16:02:18 INFO  : Context for processor 'psu_cortexa53_0' is selected.
16:02:18 INFO  : Processor reset is completed for 'psu_cortexa53_0'.
16:02:20 INFO  : The application '/home/yobuwen/hello-one/ultra96_ptlinux/vitis/ultra96_ptlinux/export/ultra96_ptlinux/sw/ultra96_ptlinux/boot/fsbl.elf' is downloaded to processor 'psu_cortexa53_0'.
16:02:20 INFO  : 'set bp_2_20_fsbl_bp [bpadd -addr &XFsbl_Exit]' command is executed.
16:02:21 INFO  : 'con -block -timeout 60' command is executed.
16:02:21 INFO  : 'bpremove $bp_2_20_fsbl_bp' command is executed.
16:02:21 INFO  : Context for processor 'psu_cortexa53_0' is selected.
16:02:21 INFO  : Processor reset is completed for 'psu_cortexa53_0'.
16:02:22 INFO  : The application '/home/yobuwen/hello-one/ultra96_ptlinux/vitis/hello_a53/Debug/hello_a53.elf' is downloaded to processor 'psu_cortexa53_0'.
16:02:22 INFO  : 'configparams force-mem-access 0' command is executed.
16:02:22 INFO  : ----------------XSDB Script----------------
connect -url tcp:127.0.0.1:3121
source /tools/Xilinx/Vitis/2020.2/scripts/vitis/util/zynqmp_utils.tcl
targets -set -nocase -filter {name =~"APU*"}
rst -system
after 3000
targets -set -nocase -filter {name =~"APU*"}
loadhw -hw /home/yobuwen/hello-one/ultra96_ptlinux/vitis/ultra96_ptlinux/export/ultra96_ptlinux/hw/design_1_wrapper.xsa -mem-ranges [list {0x80000000 0xbfffffff} {0x400000000 0x5ffffffff} {0x1000000000 0x7fffffffff}] -regs
configparams force-mem-access 1
targets -set -nocase -filter {name =~"APU*"}
set mode [expr [mrd -value 0xFF5E0200] & 0xf]
targets -set -nocase -filter {name =~ "*A53*#0"}
rst -processor
dow /home/yobuwen/hello-one/ultra96_ptlinux/vitis/ultra96_ptlinux/export/ultra96_ptlinux/sw/ultra96_ptlinux/boot/fsbl.elf
set bp_2_20_fsbl_bp [bpadd -addr &XFsbl_Exit]
con -block -timeout 60
bpremove $bp_2_20_fsbl_bp
targets -set -nocase -filter {name =~ "*A53*#0"}
rst -processor
dow /home/yobuwen/hello-one/ultra96_ptlinux/vitis/hello_a53/Debug/hello_a53.elf
configparams force-mem-access 0
----------------End of Script----------------

16:02:22 INFO  : Context for processor 'psu_cortexa53_0' is selected.
16:02:22 INFO  : 'con' command is executed.
16:02:22 INFO  : ----------------XSDB Script (After Launch)----------------
targets -set -nocase -filter {name =~ "*A53*#0"}
con
----------------End of Script----------------

16:02:22 INFO  : Launch script is exported to file '/home/yobuwen/hello-one/ultra96_ptlinux/vitis/hello_a53_system/_ide/scripts/systemdebugger_hello_a53_system_standalone.tcl'
16:05:16 INFO  : Result from executing command 'getProjects': ultra96_ptlinux
16:05:16 INFO  : Result from executing command 'getPlatforms': ultra96_ptlinux|/home/yobuwen/hello-one/ultra96_ptlinux/vitis/ultra96_ptlinux/export/ultra96_ptlinux/ultra96_ptlinux.xpfm
16:06:54 INFO  : Result from executing command 'getProjects': ultra96_ptlinux
16:06:54 INFO  : Result from executing command 'getPlatforms': ultra96_ptlinux|/home/yobuwen/hello-one/ultra96_ptlinux/vitis/ultra96_ptlinux/export/ultra96_ptlinux/ultra96_ptlinux.xpfm
16:07:57 INFO  : Checking for BSP changes to sync application flags for project 'hello_r5'...
16:08:30 INFO  : Disconnected from the channel tcfchan#4.
16:08:32 INFO  : Connected to target on host '127.0.0.1' and port '3121'.
16:08:41 INFO  : ----------------XSDB Script----------------
connect -url tcp:127.0.0.1:3121
----------------End of Script----------------

16:08:41 ERROR : Could not find ARM device on the board for connection 'Local'.
Check if the target is in:
1. Split JTAG - No operations are possible with ARM DAP.
2. Non JTAG bootmode - Bootrom may need time to enable DAP.
Please try again.


Troubleshooting hints:
1. Check whether board is connected to system properly.
2. In case of zynq board, check whether Digilent/Xilinx cable switch settings are correct.
3. If you are using Xilinx Platform Cable USB, ensure that status LED is green.
16:09:08 INFO  : Checking for BSP changes to sync application flags for project 'hello_r5'...
16:09:21 INFO  : Connected to target on host '127.0.0.1' and port '3121'.
16:09:21 INFO  : Jtag cable 'Avnet USB-to-JTAG/UART Pod V1 1234-oj1A' is selected.
16:09:21 INFO  : 'jtag frequency' command is executed.
16:09:21 INFO  : Sourcing of '/tools/Xilinx/Vitis/2020.2/scripts/vitis/util/zynqmp_utils.tcl' is done.
16:09:21 INFO  : Context for 'APU' is selected.
16:09:22 INFO  : System reset is completed.
16:09:25 INFO  : 'after 3000' command is executed.
16:09:25 INFO  : Context for 'RPU' is selected.
16:09:25 INFO  : Split mode is enabled for R5#1
16:09:25 INFO  : Context for 'APU' is selected.
16:09:26 INFO  : Hardware design and registers information is loaded from '/home/yobuwen/hello-one/ultra96_ptlinux/vitis/ultra96_ptlinux/export/ultra96_ptlinux/hw/design_1_wrapper.xsa'.
16:09:26 INFO  : 'configparams force-mem-access 1' command is executed.
16:09:26 INFO  : Context for 'APU' is selected.
16:09:26 INFO  : Boot mode is read from the target.
16:09:26 INFO  : Context for processor 'psu_cortexa53_0' is selected.
16:09:26 INFO  : Processor reset is completed for 'psu_cortexa53_0'.
16:09:29 INFO  : The application '/home/yobuwen/hello-one/ultra96_ptlinux/vitis/ultra96_ptlinux/export/ultra96_ptlinux/sw/ultra96_ptlinux/boot/fsbl.elf' is downloaded to processor 'psu_cortexa53_0'.
16:09:29 INFO  : 'set bp_9_29_fsbl_bp [bpadd -addr &XFsbl_Exit]' command is executed.
16:09:29 INFO  : 'con -block -timeout 60' command is executed.
16:09:29 INFO  : 'bpremove $bp_9_29_fsbl_bp' command is executed.
16:09:29 INFO  : Context for processor 'psu_cortexr5_0' is selected.
16:09:29 INFO  : Processor reset is completed for 'psu_cortexr5_0'.
16:09:30 INFO  : The application '/home/yobuwen/hello-one/ultra96_ptlinux/vitis/hello_r5/Debug/hello_r5.elf' is downloaded to processor 'psu_cortexr5_0'.
16:09:30 INFO  : 'configparams force-mem-access 0' command is executed.
16:09:30 INFO  : ----------------XSDB Script----------------
connect -url tcp:127.0.0.1:3121
source /tools/Xilinx/Vitis/2020.2/scripts/vitis/util/zynqmp_utils.tcl
targets -set -nocase -filter {name =~"APU*"}
rst -system
after 3000
targets -set -nocase -filter {name =~"RPU*"}
enable_split_mode
targets -set -nocase -filter {name =~"APU*"}
loadhw -hw /home/yobuwen/hello-one/ultra96_ptlinux/vitis/ultra96_ptlinux/export/ultra96_ptlinux/hw/design_1_wrapper.xsa -mem-ranges [list {0x80000000 0xbfffffff} {0x400000000 0x5ffffffff} {0x1000000000 0x7fffffffff}] -regs
configparams force-mem-access 1
targets -set -nocase -filter {name =~"APU*"}
set mode [expr [mrd -value 0xFF5E0200] & 0xf]
targets -set -nocase -filter {name =~ "*A53*#0"}
rst -processor
dow /home/yobuwen/hello-one/ultra96_ptlinux/vitis/ultra96_ptlinux/export/ultra96_ptlinux/sw/ultra96_ptlinux/boot/fsbl.elf
set bp_9_29_fsbl_bp [bpadd -addr &XFsbl_Exit]
con -block -timeout 60
bpremove $bp_9_29_fsbl_bp
targets -set -nocase -filter {name =~ "*R5*#0"}
rst -processor
dow /home/yobuwen/hello-one/ultra96_ptlinux/vitis/hello_r5/Debug/hello_r5.elf
configparams force-mem-access 0
----------------End of Script----------------

16:09:30 INFO  : Context for processor 'psu_cortexr5_0' is selected.
16:09:30 INFO  : 'con' command is executed.
16:09:30 INFO  : ----------------XSDB Script (After Launch)----------------
targets -set -nocase -filter {name =~ "*R5*#0"}
con
----------------End of Script----------------

16:09:30 INFO  : Launch script is exported to file '/home/yobuwen/hello-one/ultra96_ptlinux/vitis/hello_r5_system/_ide/scripts/systemdebugger_hello_r5_system_standalone.tcl'
16:18:46 INFO  : Disconnected from the channel tcfchan#7.
16:18:47 INFO  : Connected to target on host '127.0.0.1' and port '3121'.
16:18:48 INFO  : Jtag cable 'Avnet USB-to-JTAG/UART Pod V1 1234-oj1A' is selected.
16:18:48 INFO  : 'jtag frequency' command is executed.
16:18:48 INFO  : Sourcing of '/tools/Xilinx/Vitis/2020.2/scripts/vitis/util/zynqmp_utils.tcl' is done.
16:18:48 INFO  : Context for 'APU' is selected.
16:18:49 INFO  : System reset is completed.
16:18:52 INFO  : 'after 3000' command is executed.
16:18:52 INFO  : Context for 'APU' is selected.
16:18:52 INFO  : Hardware design and registers information is loaded from '/home/yobuwen/hello-one/ultra96_ptlinux/vitis/ultra96_ptlinux/export/ultra96_ptlinux/hw/design_1_wrapper.xsa'.
16:18:52 INFO  : 'configparams force-mem-access 1' command is executed.
16:18:52 INFO  : Context for 'APU' is selected.
16:18:52 INFO  : Boot mode is read from the target.
16:18:52 INFO  : Context for processor 'psu_cortexa53_0' is selected.
16:18:52 INFO  : Processor reset is completed for 'psu_cortexa53_0'.
16:18:55 INFO  : The application '/home/yobuwen/hello-one/ultra96_ptlinux/vitis/ultra96_ptlinux/export/ultra96_ptlinux/sw/ultra96_ptlinux/boot/fsbl.elf' is downloaded to processor 'psu_cortexa53_0'.
16:18:55 INFO  : 'set bp_18_55_fsbl_bp [bpadd -addr &XFsbl_Exit]' command is executed.
16:18:56 INFO  : 'con -block -timeout 60' command is executed.
16:18:56 INFO  : 'bpremove $bp_18_55_fsbl_bp' command is executed.
16:18:56 INFO  : Context for processor 'psu_cortexa53_0' is selected.
16:18:56 INFO  : Processor reset is completed for 'psu_cortexa53_0'.
16:18:58 INFO  : The application '/home/yobuwen/hello-one/ultra96_ptlinux/vitis/hello_a53/Debug/hello_a53.elf' is downloaded to processor 'psu_cortexa53_0'.
16:18:58 INFO  : 'configparams force-mem-access 0' command is executed.
16:18:58 INFO  : ----------------XSDB Script----------------
connect -url tcp:127.0.0.1:3121
source /tools/Xilinx/Vitis/2020.2/scripts/vitis/util/zynqmp_utils.tcl
targets -set -nocase -filter {name =~"APU*"}
rst -system
after 3000
targets -set -nocase -filter {name =~"APU*"}
loadhw -hw /home/yobuwen/hello-one/ultra96_ptlinux/vitis/ultra96_ptlinux/export/ultra96_ptlinux/hw/design_1_wrapper.xsa -mem-ranges [list {0x80000000 0xbfffffff} {0x400000000 0x5ffffffff} {0x1000000000 0x7fffffffff}] -regs
configparams force-mem-access 1
targets -set -nocase -filter {name =~"APU*"}
set mode [expr [mrd -value 0xFF5E0200] & 0xf]
targets -set -nocase -filter {name =~ "*A53*#0"}
rst -processor
dow /home/yobuwen/hello-one/ultra96_ptlinux/vitis/ultra96_ptlinux/export/ultra96_ptlinux/sw/ultra96_ptlinux/boot/fsbl.elf
set bp_18_55_fsbl_bp [bpadd -addr &XFsbl_Exit]
con -block -timeout 60
bpremove $bp_18_55_fsbl_bp
targets -set -nocase -filter {name =~ "*A53*#0"}
rst -processor
dow /home/yobuwen/hello-one/ultra96_ptlinux/vitis/hello_a53/Debug/hello_a53.elf
configparams force-mem-access 0
----------------End of Script----------------

16:18:58 INFO  : Context for processor 'psu_cortexa53_0' is selected.
16:18:58 INFO  : 'con' command is executed.
16:18:58 INFO  : ----------------XSDB Script (After Launch)----------------
targets -set -nocase -filter {name =~ "*A53*#0"}
con
----------------End of Script----------------

16:18:58 INFO  : Launch script is exported to file '/home/yobuwen/hello-one/ultra96_ptlinux/vitis/hello_a53_system/_ide/scripts/systemdebugger_hello_a53_system_standalone.tcl'
16:19:10 INFO  : Checking for BSP changes to sync application flags for project 'hello_a53'...
16:20:07 INFO  : Disconnected from the channel tcfchan#9.
16:20:07 INFO  : Connected to target on host '127.0.0.1' and port '3121'.
16:20:07 INFO  : Jtag cable 'Avnet USB-to-JTAG/UART Pod V1 1234-oj1A' is selected.
16:20:07 INFO  : 'jtag frequency' command is executed.
16:20:07 INFO  : Sourcing of '/tools/Xilinx/Vitis/2020.2/scripts/vitis/util/zynqmp_utils.tcl' is done.
16:20:07 INFO  : Context for 'APU' is selected.
16:20:08 INFO  : System reset is completed.
16:20:11 INFO  : 'after 3000' command is executed.
16:20:11 INFO  : Context for 'APU' is selected.
16:20:11 INFO  : Hardware design and registers information is loaded from '/home/yobuwen/hello-one/ultra96_ptlinux/vitis/ultra96_ptlinux/export/ultra96_ptlinux/hw/design_1_wrapper.xsa'.
16:20:11 INFO  : 'configparams force-mem-access 1' command is executed.
16:20:11 INFO  : Context for 'APU' is selected.
16:20:11 INFO  : Boot mode is read from the target.
16:20:11 INFO  : Context for processor 'psu_cortexa53_0' is selected.
16:20:11 INFO  : Processor reset is completed for 'psu_cortexa53_0'.
16:20:14 INFO  : The application '/home/yobuwen/hello-one/ultra96_ptlinux/vitis/ultra96_ptlinux/export/ultra96_ptlinux/sw/ultra96_ptlinux/boot/fsbl.elf' is downloaded to processor 'psu_cortexa53_0'.
16:20:14 INFO  : 'set bp_20_14_fsbl_bp [bpadd -addr &XFsbl_Exit]' command is executed.
16:20:14 INFO  : 'con -block -timeout 60' command is executed.
16:20:14 INFO  : 'bpremove $bp_20_14_fsbl_bp' command is executed.
16:20:14 INFO  : Context for processor 'psu_cortexa53_0' is selected.
16:20:14 INFO  : Processor reset is completed for 'psu_cortexa53_0'.
16:20:16 INFO  : The application '/home/yobuwen/hello-one/ultra96_ptlinux/vitis/hello_a53/Debug/hello_a53.elf' is downloaded to processor 'psu_cortexa53_0'.
16:20:16 INFO  : 'configparams force-mem-access 0' command is executed.
16:20:16 INFO  : ----------------XSDB Script----------------
connect -url tcp:127.0.0.1:3121
source /tools/Xilinx/Vitis/2020.2/scripts/vitis/util/zynqmp_utils.tcl
targets -set -nocase -filter {name =~"APU*"}
rst -system
after 3000
targets -set -nocase -filter {name =~"APU*"}
loadhw -hw /home/yobuwen/hello-one/ultra96_ptlinux/vitis/ultra96_ptlinux/export/ultra96_ptlinux/hw/design_1_wrapper.xsa -mem-ranges [list {0x80000000 0xbfffffff} {0x400000000 0x5ffffffff} {0x1000000000 0x7fffffffff}] -regs
configparams force-mem-access 1
targets -set -nocase -filter {name =~"APU*"}
set mode [expr [mrd -value 0xFF5E0200] & 0xf]
targets -set -nocase -filter {name =~ "*A53*#0"}
rst -processor
dow /home/yobuwen/hello-one/ultra96_ptlinux/vitis/ultra96_ptlinux/export/ultra96_ptlinux/sw/ultra96_ptlinux/boot/fsbl.elf
set bp_20_14_fsbl_bp [bpadd -addr &XFsbl_Exit]
con -block -timeout 60
bpremove $bp_20_14_fsbl_bp
targets -set -nocase -filter {name =~ "*A53*#0"}
rst -processor
dow /home/yobuwen/hello-one/ultra96_ptlinux/vitis/hello_a53/Debug/hello_a53.elf
configparams force-mem-access 0
----------------End of Script----------------

16:20:16 INFO  : Context for processor 'psu_cortexa53_0' is selected.
16:20:16 INFO  : 'con' command is executed.
16:20:16 INFO  : ----------------XSDB Script (After Launch)----------------
targets -set -nocase -filter {name =~ "*A53*#0"}
con
----------------End of Script----------------

16:20:16 INFO  : Launch script is exported to file '/home/yobuwen/hello-one/ultra96_ptlinux/vitis/hello_a53_system/_ide/scripts/systemdebugger_hello_a53_system_standalone.tcl'
16:22:16 INFO  : Checking for BSP changes to sync application flags for project 'hello_a53'...
16:22:31 INFO  : Checking for BSP changes to sync application flags for project 'hello_a53'...
16:23:42 INFO  : Checking for BSP changes to sync application flags for project 'hello_a53'...
16:33:36 INFO  : Checking for BSP changes to sync application flags for project 'empty_r5'...
16:37:25 INFO  : Connected to target on host '127.0.0.1' and port '3121'.
16:37:25 INFO  : Jtag cable 'Avnet USB-to-JTAG/UART Pod V1 1234-oj1A' is selected.
16:37:25 INFO  : 'jtag frequency' command is executed.
16:37:25 INFO  : Sourcing of '/tools/Xilinx/Vitis/2020.2/scripts/vitis/util/zynqmp_utils.tcl' is done.
16:37:25 INFO  : Context for 'APU' is selected.
16:37:26 INFO  : System reset is completed.
16:37:29 INFO  : 'after 3000' command is executed.
16:37:29 INFO  : Context for 'RPU' is selected.
16:37:30 INFO  : Split mode is enabled for R5#1
16:37:30 INFO  : Context for 'APU' is selected.
16:37:30 INFO  : Hardware design and registers information is loaded from '/home/yobuwen/hello-one/ultra96_ptlinux/vitis/ultra96_ptlinux/export/ultra96_ptlinux/hw/design_1_wrapper.xsa'.
16:37:30 INFO  : 'configparams force-mem-access 1' command is executed.
16:37:30 INFO  : Context for 'APU' is selected.
16:37:30 INFO  : Boot mode is read from the target.
16:37:30 INFO  : Context for processor 'psu_cortexa53_0' is selected.
16:37:30 INFO  : Processor reset is completed for 'psu_cortexa53_0'.
16:37:32 INFO  : The application '/home/yobuwen/hello-one/ultra96_ptlinux/vitis/ultra96_ptlinux/export/ultra96_ptlinux/sw/ultra96_ptlinux/boot/fsbl.elf' is downloaded to processor 'psu_cortexa53_0'.
16:37:32 INFO  : 'set bp_37_32_fsbl_bp [bpadd -addr &XFsbl_Exit]' command is executed.
16:37:34 INFO  : 'con -block -timeout 60' command is executed.
16:37:34 INFO  : 'bpremove $bp_37_32_fsbl_bp' command is executed.
16:37:34 INFO  : Context for processor 'psu_cortexr5_0' is selected.
16:37:34 INFO  : Processor reset is completed for 'psu_cortexr5_0'.
16:37:34 INFO  : The application '/home/yobuwen/hello-one/ultra96_ptlinux/vitis/empty_r5/Debug/empty_r5.elf' is downloaded to processor 'psu_cortexr5_0'.
16:37:34 INFO  : 'configparams force-mem-access 0' command is executed.
16:37:34 INFO  : ----------------XSDB Script----------------
connect -url tcp:127.0.0.1:3121
source /tools/Xilinx/Vitis/2020.2/scripts/vitis/util/zynqmp_utils.tcl
targets -set -nocase -filter {name =~"APU*"}
rst -system
after 3000
targets -set -nocase -filter {name =~"RPU*"}
enable_split_mode
targets -set -nocase -filter {name =~"APU*"}
loadhw -hw /home/yobuwen/hello-one/ultra96_ptlinux/vitis/ultra96_ptlinux/export/ultra96_ptlinux/hw/design_1_wrapper.xsa -mem-ranges [list {0x80000000 0xbfffffff} {0x400000000 0x5ffffffff} {0x1000000000 0x7fffffffff}] -regs
configparams force-mem-access 1
targets -set -nocase -filter {name =~"APU*"}
set mode [expr [mrd -value 0xFF5E0200] & 0xf]
targets -set -nocase -filter {name =~ "*A53*#0"}
rst -processor
dow /home/yobuwen/hello-one/ultra96_ptlinux/vitis/ultra96_ptlinux/export/ultra96_ptlinux/sw/ultra96_ptlinux/boot/fsbl.elf
set bp_37_32_fsbl_bp [bpadd -addr &XFsbl_Exit]
con -block -timeout 60
bpremove $bp_37_32_fsbl_bp
targets -set -nocase -filter {name =~ "*R5*#0"}
rst -processor
dow /home/yobuwen/hello-one/ultra96_ptlinux/vitis/empty_r5/Debug/empty_r5.elf
configparams force-mem-access 0
----------------End of Script----------------

16:37:34 INFO  : Context for processor 'psu_cortexr5_0' is selected.
16:37:34 INFO  : 'con' command is executed.
16:37:34 INFO  : ----------------XSDB Script (After Launch)----------------
targets -set -nocase -filter {name =~ "*R5*#0"}
con
----------------End of Script----------------

16:37:34 INFO  : Launch script is exported to file '/home/yobuwen/hello-one/ultra96_ptlinux/vitis/empty_r5_system/_ide/scripts/systemdebugger_empty_r5_system_standalone.tcl'
16:37:47 INFO  : Disconnected from the channel tcfchan#11.
16:37:48 INFO  : Connected to target on host '127.0.0.1' and port '3121'.
16:37:48 INFO  : Jtag cable 'Avnet USB-to-JTAG/UART Pod V1 1234-oj1A' is selected.
16:37:48 INFO  : 'jtag frequency' command is executed.
16:37:48 INFO  : Sourcing of '/tools/Xilinx/Vitis/2020.2/scripts/vitis/util/zynqmp_utils.tcl' is done.
16:37:49 INFO  : Context for 'APU' is selected.
16:37:49 INFO  : System reset is completed.
16:37:52 INFO  : 'after 3000' command is executed.
16:37:52 INFO  : Context for 'APU' is selected.
16:37:52 INFO  : Hardware design and registers information is loaded from '/home/yobuwen/hello-one/ultra96_ptlinux/vitis/ultra96_ptlinux/export/ultra96_ptlinux/hw/design_1_wrapper.xsa'.
16:37:52 INFO  : 'configparams force-mem-access 1' command is executed.
16:37:53 INFO  : Context for 'APU' is selected.
16:37:53 INFO  : Boot mode is read from the target.
16:37:53 INFO  : Context for processor 'psu_cortexa53_0' is selected.
16:37:53 INFO  : Processor reset is completed for 'psu_cortexa53_0'.
16:37:55 INFO  : The application '/home/yobuwen/hello-one/ultra96_ptlinux/vitis/ultra96_ptlinux/export/ultra96_ptlinux/sw/ultra96_ptlinux/boot/fsbl.elf' is downloaded to processor 'psu_cortexa53_0'.
16:37:55 INFO  : 'set bp_37_55_fsbl_bp [bpadd -addr &XFsbl_Exit]' command is executed.
16:37:56 INFO  : 'con -block -timeout 60' command is executed.
16:37:57 INFO  : 'bpremove $bp_37_55_fsbl_bp' command is executed.
16:37:57 INFO  : Context for processor 'psu_cortexa53_0' is selected.
16:37:57 INFO  : Processor reset is completed for 'psu_cortexa53_0'.
16:37:58 INFO  : The application '/home/yobuwen/hello-one/ultra96_ptlinux/vitis/hello_a53/Debug/hello_a53.elf' is downloaded to processor 'psu_cortexa53_0'.
16:37:58 INFO  : 'configparams force-mem-access 0' command is executed.
16:37:58 INFO  : ----------------XSDB Script----------------
connect -url tcp:127.0.0.1:3121
source /tools/Xilinx/Vitis/2020.2/scripts/vitis/util/zynqmp_utils.tcl
targets -set -nocase -filter {name =~"APU*"}
rst -system
after 3000
targets -set -nocase -filter {name =~"APU*"}
loadhw -hw /home/yobuwen/hello-one/ultra96_ptlinux/vitis/ultra96_ptlinux/export/ultra96_ptlinux/hw/design_1_wrapper.xsa -mem-ranges [list {0x80000000 0xbfffffff} {0x400000000 0x5ffffffff} {0x1000000000 0x7fffffffff}] -regs
configparams force-mem-access 1
targets -set -nocase -filter {name =~"APU*"}
set mode [expr [mrd -value 0xFF5E0200] & 0xf]
targets -set -nocase -filter {name =~ "*A53*#0"}
rst -processor
dow /home/yobuwen/hello-one/ultra96_ptlinux/vitis/ultra96_ptlinux/export/ultra96_ptlinux/sw/ultra96_ptlinux/boot/fsbl.elf
set bp_37_55_fsbl_bp [bpadd -addr &XFsbl_Exit]
con -block -timeout 60
bpremove $bp_37_55_fsbl_bp
targets -set -nocase -filter {name =~ "*A53*#0"}
rst -processor
dow /home/yobuwen/hello-one/ultra96_ptlinux/vitis/hello_a53/Debug/hello_a53.elf
configparams force-mem-access 0
----------------End of Script----------------

16:37:58 INFO  : Context for processor 'psu_cortexa53_0' is selected.
16:37:59 INFO  : 'con' command is executed.
16:37:59 INFO  : ----------------XSDB Script (After Launch)----------------
targets -set -nocase -filter {name =~ "*A53*#0"}
con
----------------End of Script----------------

16:37:59 INFO  : Launch script is exported to file '/home/yobuwen/hello-one/ultra96_ptlinux/vitis/hello_a53_system/_ide/scripts/systemdebugger_hello_a53_system_standalone.tcl'
16:41:10 INFO  : Checking for BSP changes to sync application flags for project 'empty_r5'...
16:43:45 WARN  : channel "tcfchan#11" closed
16:43:47 INFO  : Disconnected from the channel tcfchan#14.
16:43:48 INFO  : Connected to target on host '127.0.0.1' and port '3121'.
16:43:48 INFO  : Jtag cable 'Avnet USB-to-JTAG/UART Pod V1 1234-oj1A' is selected.
16:43:48 INFO  : 'jtag frequency' command is executed.
16:43:48 INFO  : Sourcing of '/tools/Xilinx/Vitis/2020.2/scripts/vitis/util/zynqmp_utils.tcl' is done.
16:43:48 INFO  : Context for 'APU' is selected.
16:43:50 INFO  : System reset is completed.
16:43:53 INFO  : 'after 3000' command is executed.
16:43:53 INFO  : Context for 'RPU' is selected.
16:43:53 INFO  : Split mode is enabled for R5#1
16:43:53 INFO  : Context for 'APU' is selected.
16:43:53 INFO  : Hardware design and registers information is loaded from '/home/yobuwen/hello-one/ultra96_ptlinux/vitis/ultra96_ptlinux/export/ultra96_ptlinux/hw/design_1_wrapper.xsa'.
16:43:53 INFO  : 'configparams force-mem-access 1' command is executed.
16:43:53 INFO  : Context for 'APU' is selected.
16:43:53 INFO  : Boot mode is read from the target.
16:43:53 INFO  : Context for processor 'psu_cortexa53_0' is selected.
16:43:53 INFO  : Processor reset is completed for 'psu_cortexa53_0'.
16:43:55 INFO  : The application '/home/yobuwen/hello-one/ultra96_ptlinux/vitis/ultra96_ptlinux/export/ultra96_ptlinux/sw/ultra96_ptlinux/boot/fsbl.elf' is downloaded to processor 'psu_cortexa53_0'.
16:43:55 INFO  : 'set bp_43_55_fsbl_bp [bpadd -addr &XFsbl_Exit]' command is executed.
16:43:57 INFO  : 'con -block -timeout 60' command is executed.
16:43:57 INFO  : 'bpremove $bp_43_55_fsbl_bp' command is executed.
16:43:57 INFO  : Context for processor 'psu_cortexr5_0' is selected.
16:43:57 INFO  : Processor reset is completed for 'psu_cortexr5_0'.
16:43:57 INFO  : The application '/home/yobuwen/hello-one/ultra96_ptlinux/vitis/empty_r5/Debug/empty_r5.elf' is downloaded to processor 'psu_cortexr5_0'.
16:43:57 INFO  : 'configparams force-mem-access 0' command is executed.
16:43:57 INFO  : ----------------XSDB Script----------------
connect -url tcp:127.0.0.1:3121
source /tools/Xilinx/Vitis/2020.2/scripts/vitis/util/zynqmp_utils.tcl
targets -set -nocase -filter {name =~"APU*"}
rst -system
after 3000
targets -set -nocase -filter {name =~"RPU*"}
enable_split_mode
targets -set -nocase -filter {name =~"APU*"}
loadhw -hw /home/yobuwen/hello-one/ultra96_ptlinux/vitis/ultra96_ptlinux/export/ultra96_ptlinux/hw/design_1_wrapper.xsa -mem-ranges [list {0x80000000 0xbfffffff} {0x400000000 0x5ffffffff} {0x1000000000 0x7fffffffff}] -regs
configparams force-mem-access 1
targets -set -nocase -filter {name =~"APU*"}
set mode [expr [mrd -value 0xFF5E0200] & 0xf]
targets -set -nocase -filter {name =~ "*A53*#0"}
rst -processor
dow /home/yobuwen/hello-one/ultra96_ptlinux/vitis/ultra96_ptlinux/export/ultra96_ptlinux/sw/ultra96_ptlinux/boot/fsbl.elf
set bp_43_55_fsbl_bp [bpadd -addr &XFsbl_Exit]
con -block -timeout 60
bpremove $bp_43_55_fsbl_bp
targets -set -nocase -filter {name =~ "*R5*#0"}
rst -processor
dow /home/yobuwen/hello-one/ultra96_ptlinux/vitis/empty_r5/Debug/empty_r5.elf
configparams force-mem-access 0
----------------End of Script----------------

16:43:57 INFO  : Context for processor 'psu_cortexr5_0' is selected.
16:43:57 INFO  : 'con' command is executed.
16:43:57 INFO  : ----------------XSDB Script (After Launch)----------------
targets -set -nocase -filter {name =~ "*R5*#0"}
con
----------------End of Script----------------

16:43:57 INFO  : Launch script is exported to file '/home/yobuwen/hello-one/ultra96_ptlinux/vitis/empty_r5_system/_ide/scripts/systemdebugger_empty_r5_system_standalone.tcl'
16:47:11 INFO  : Connected to target on host '127.0.0.1' and port '3121'.
16:55:06 INFO  : Checking for BSP changes to sync application flags for project 'hello_a53'...
16:55:24 INFO  : Checking for BSP changes to sync application flags for project 'empty_r5'...
17:07:52 INFO  : Checking for BSP changes to sync application flags for project 'hello_a53'...
17:07:53 INFO  : Checking for BSP changes to sync application flags for project 'empty_hello_r5'...
17:08:45 INFO  : Disconnected from the channel tcfchan#16.
17:08:46 INFO  : Connected to target on host '127.0.0.1' and port '3121'.
17:08:46 INFO  : Jtag cable 'Avnet USB-to-JTAG/UART Pod V1 1234-oj1A' is selected.
17:08:46 INFO  : 'jtag frequency' command is executed.
17:08:46 INFO  : Sourcing of '/tools/Xilinx/Vitis/2020.2/scripts/vitis/util/zynqmp_utils.tcl' is done.
17:08:46 INFO  : Context for 'APU' is selected.
17:08:47 INFO  : System reset is completed.
17:08:50 INFO  : 'after 3000' command is executed.
17:08:50 INFO  : Context for 'RPU' is selected.
17:08:50 INFO  : Split mode is enabled for R5#1
17:08:50 INFO  : Context for 'APU' is selected.
17:08:50 INFO  : Hardware design and registers information is loaded from '/home/yobuwen/hello-one/ultra96_ptlinux/vitis/ultra96_ptlinux/export/ultra96_ptlinux/hw/design_1_wrapper.xsa'.
17:08:50 INFO  : 'configparams force-mem-access 1' command is executed.
17:08:50 INFO  : Context for 'APU' is selected.
17:08:50 INFO  : Boot mode is read from the target.
17:08:50 INFO  : Context for processor 'psu_cortexa53_0' is selected.
17:08:50 INFO  : Processor reset is completed for 'psu_cortexa53_0'.
17:08:53 INFO  : The application '/home/yobuwen/hello-one/ultra96_ptlinux/vitis/ultra96_ptlinux/export/ultra96_ptlinux/sw/ultra96_ptlinux/boot/fsbl.elf' is downloaded to processor 'psu_cortexa53_0'.
17:08:53 INFO  : 'set bp_8_53_fsbl_bp [bpadd -addr &XFsbl_Exit]' command is executed.
17:08:53 INFO  : 'con -block -timeout 60' command is executed.
17:08:54 INFO  : 'bpremove $bp_8_53_fsbl_bp' command is executed.
17:08:54 INFO  : Context for processor 'psu_cortexa53_0' is selected.
17:08:54 INFO  : Processor reset is completed for 'psu_cortexa53_0'.
17:08:55 INFO  : The application '/home/yobuwen/hello-one/ultra96_ptlinux/vitis/hello_a53/Debug/hello_a53.elf' is downloaded to processor 'psu_cortexa53_0'.
17:08:55 INFO  : Context for processor 'psu_cortexr5_0' is selected.
17:08:56 INFO  : Processor reset is completed for 'psu_cortexr5_0'.
17:08:56 INFO  : The application '/home/yobuwen/hello-one/ultra96_ptlinux/vitis/empty_hello_r5/Debug/empty_hello_r5.elf' is downloaded to processor 'psu_cortexr5_0'.
17:08:56 INFO  : 'configparams force-mem-access 0' command is executed.
17:08:56 INFO  : ----------------XSDB Script----------------
connect -url tcp:127.0.0.1:3121
source /tools/Xilinx/Vitis/2020.2/scripts/vitis/util/zynqmp_utils.tcl
targets -set -nocase -filter {name =~"APU*"}
rst -system
after 3000
targets -set -nocase -filter {name =~"RPU*"}
enable_split_mode
targets -set -nocase -filter {name =~"APU*"}
loadhw -hw /home/yobuwen/hello-one/ultra96_ptlinux/vitis/ultra96_ptlinux/export/ultra96_ptlinux/hw/design_1_wrapper.xsa -mem-ranges [list {0x80000000 0xbfffffff} {0x400000000 0x5ffffffff} {0x1000000000 0x7fffffffff}] -regs
configparams force-mem-access 1
targets -set -nocase -filter {name =~"APU*"}
set mode [expr [mrd -value 0xFF5E0200] & 0xf]
targets -set -nocase -filter {name =~ "*A53*#0"}
rst -processor
dow /home/yobuwen/hello-one/ultra96_ptlinux/vitis/ultra96_ptlinux/export/ultra96_ptlinux/sw/ultra96_ptlinux/boot/fsbl.elf
set bp_8_53_fsbl_bp [bpadd -addr &XFsbl_Exit]
con -block -timeout 60
bpremove $bp_8_53_fsbl_bp
targets -set -nocase -filter {name =~ "*A53*#0"}
rst -processor
dow /home/yobuwen/hello-one/ultra96_ptlinux/vitis/hello_a53/Debug/hello_a53.elf
targets -set -nocase -filter {name =~ "*R5*#0"}
rst -processor
dow /home/yobuwen/hello-one/ultra96_ptlinux/vitis/empty_hello_r5/Debug/empty_hello_r5.elf
configparams force-mem-access 0
----------------End of Script----------------

17:08:56 INFO  : Context for processor 'psu_cortexa53_0' is selected.
17:08:56 INFO  : 'con' command is executed.
17:08:56 INFO  : Context for processor 'psu_cortexr5_0' is selected.
17:08:56 INFO  : 'con' command is executed.
17:08:56 INFO  : ----------------XSDB Script (After Launch)----------------
targets -set -nocase -filter {name =~ "*A53*#0"}
con
targets -set -nocase -filter {name =~ "*R5*#0"}
con
----------------End of Script----------------

17:08:56 INFO  : Launch script is exported to file '/home/yobuwen/hello-one/ultra96_ptlinux/vitis/hello_a53_system/_ide/scripts/systemdebugger_hello_a53_system_standalone.tcl'
