INFO: [HLS 200-10] Running '/tools/Xilinx/Vitis_HLS/2020.2/bin/unwrapped/lnx64.o/vitis_hls'
INFO: [HLS 200-10] For user 'yobuwen' on host 'yobuwen' (Linux_x86_64 version 4.15.0-126-generic) on Fri Feb 19 15:23:42 CST 2021
INFO: [HLS 200-10] On os Ubuntu 16.04.7 LTS
INFO: [HLS 200-10] In directory '/home/yobuwen/hello-one/HLS_prj'
Sourcing Tcl script '/home/yobuwen/hello-one/HLS_prj/example/solution1/export.tcl'
INFO: [HLS 200-1510] Running: open_project example 
INFO: [HLS 200-10] Opening project '/home/yobuwen/hello-one/HLS_prj/example'.
INFO: [HLS 200-1510] Running: set_top example_gemv 
INFO: [HLS 200-1510] Running: add_files example_gemv.c 
INFO: [HLS 200-10] Adding design file 'example_gemv.c' to the project
INFO: [HLS 200-1510] Running: add_files -tb A.h 
INFO: [HLS 200-10] Adding test bench file 'A.h' to the project
INFO: [HLS 200-1510] Running: add_files -tb b.h 
INFO: [HLS 200-10] Adding test bench file 'b.h' to the project
INFO: [HLS 200-1510] Running: add_files -tb c.h 
INFO: [HLS 200-10] Adding test bench file 'c.h' to the project
INFO: [HLS 200-1510] Running: add_files -tb test_gemv.c 
INFO: [HLS 200-10] Adding test bench file 'test_gemv.c' to the project
INFO: [HLS 200-1510] Running: open_solution solution1 -flow_target vivado 
INFO: [HLS 200-10] Opening solution '/home/yobuwen/hello-one/HLS_prj/example/solution1'.
INFO: [SYN 201-201] Setting up clock 'default' with a period of 10ns.
INFO: [HLS 200-10] Setting target device to 'xc7z010-clg400-1'
INFO: [HLS 200-1505] Using flow_target 'vivado'
Resolution: For help on HLS 200-1505 see www.xilinx.com/cgi-bin/docs/rdoc?v=2020.2;t=hls+guidance;d=200-1505.html
INFO: [HLS 200-1510] Running: set_part xc7z010clg400-1 
INFO: [HLS 200-1510] Running: create_clock -period 10 -name default 
INFO: [SYN 201-201] Setting up clock 'default' with a period of 10ns.
INFO: [HLS 200-1510] Running: export_design -rtl verilog -format ip_catalog -output /home/yobuwen/hello-one/example_gemv.zip 
INFO: [IMPL 213-8] Exporting RTL as a Vivado IP.

****** Vivado v2020.2 (64-bit)
  **** SW Build 3064766 on Wed Nov 18 09:12:47 MST 2020
  **** IP Build 3064653 on Wed Nov 18 14:17:31 MST 2020
    ** Copyright 1986-2020 Xilinx, Inc. All Rights Reserved.

source run_ippack.tcl -notrace
INFO: [IP_Flow 19-234] Refreshing IP repositories
INFO: [IP_Flow 19-1704] No user IP repositories specified
INFO: [IP_Flow 19-2313] Loaded Vivado IP repository '/tools/Xilinx/Vivado/2020.2/data/ip'.
INFO: [Common 17-206] Exiting Vivado at Fri Feb 19 15:24:05 2021...
INFO: [HLS 200-802] Generated output file /home/yobuwen/hello-one/example_gemv.zip
INFO: [HLS 200-111] Finished Command export_design CPU user time: 20.82 seconds. CPU system time: 1.63 seconds. Elapsed time: 22.51 seconds; current allocated memory: 199.731 MB.
