

================================================================
== Synthesis Summary Report of 'systolic_array'
================================================================
+ General Information: 
    * Date:           Mon Mar  8 16:16:33 2021
    * Version:        2020.2 (Build 3064766 on Wed Nov 18 09:12:47 MST 2020)
    * Project:        systolic_array
    * Solution:       solution1 (Vivado IP Flow Target)
    * Product family: zynquplus
    * Target device:  xczu7ev-ffvc1156-2-e
    

+ Performance & Resource Estimates: 
    
    PS: '+' for module; 'o' for loop; '*' for dataflow
    +--------------------------+--------+-------+---------+---------+----------+---------+------+----------+---------+----+------------+-----------+-----+
    |          Modules         |  Issue |       | Latency | Latency | Iteration|         | Trip |          |         |    |            |           |     |
    |          & Loops         |  Type  | Slack | (cycles)|   (ns)  |  Latency | Interval| Count| Pipelined|  BRAM   | DSP|     FF     |    LUT    | URAM|
    +--------------------------+--------+-------+---------+---------+----------+---------+------+----------+---------+----+------------+-----------+-----+
    |+ systolic_array          |  Timing|   0.00|       41|  410.000|         -|       42|     -|        no|  6 (~0%)|   -|  4406 (~0%)|  6031 (2%)|    -|
    | + grp_pe_array_fu_208*   |       -|  -3.62|       11|  110.000|         -|        6|     -|  dataflow|        -|   -|  2582 (~0%)|  3892 (1%)|    -|
    |  + grp_load_a13_fu_216   |       -|  -4.78|        5|   50.000|         -|        5|     -|        no|        -|   -|    10 (~0%)|   97 (~0%)|    -|
    |   o VITIS_LOOP_31_1      |       -|  -7.30|        3|   30.000|         2|        1|     3|       yes|        -|   -|           -|          -|    -|
    |  + grp_load_a14_fu_223   |       -|  -4.78|        5|   50.000|         -|        5|     -|        no|        -|   -|    10 (~0%)|   97 (~0%)|    -|
    |   o VITIS_LOOP_31_1      |       -|  -7.30|        3|   30.000|         2|        1|     3|       yes|        -|   -|           -|          -|    -|
    |  + grp_load_a15_fu_230   |       -|  -4.78|        5|   50.000|         -|        5|     -|        no|        -|   -|    10 (~0%)|   97 (~0%)|    -|
    |   o VITIS_LOOP_31_1      |       -|  -7.30|        3|   30.000|         2|        1|     3|       yes|        -|   -|           -|          -|    -|
    |  + grp_PE19_fu_237       |       -|  -3.62|        5|   50.000|         -|        5|     -|        no|        -|   -|     9 (~0%)|  115 (~0%)|    -|
    |   o K_LOOP               |       -|  -7.30|        3|   30.000|         2|        1|     3|       yes|        -|   -|           -|          -|    -|
    |  + grp_PE20_fu_245       |       -|  -3.62|        5|   50.000|         -|        5|     -|        no|        -|   -|    10 (~0%)|  124 (~0%)|    -|
    |   o K_LOOP               |       -|  -7.30|        3|   30.000|         2|        1|     3|       yes|        -|   -|           -|          -|    -|
    |  + grp_PE22_fu_253       |       -|  -3.62|        5|   50.000|         -|        5|     -|        no|        -|   -|     9 (~0%)|  115 (~0%)|    -|
    |   o K_LOOP               |       -|  -7.30|        3|   30.000|         2|        1|     3|       yes|        -|   -|           -|          -|    -|
    |  + grp_PE21_fu_261       |       -|  -3.62|        5|   50.000|         -|        5|     -|        no|        -|   -|    10 (~0%)|  124 (~0%)|    -|
    |   o K_LOOP               |       -|  -7.30|        3|   30.000|         2|        1|     3|       yes|        -|   -|           -|          -|    -|
    |  + grp_PE23_fu_269       |       -|  -3.62|        5|   50.000|         -|        5|     -|        no|        -|   -|     9 (~0%)|  115 (~0%)|    -|
    |   o K_LOOP               |       -|  -7.30|        3|   30.000|         2|        1|     3|       yes|        -|   -|           -|          -|    -|
    |  + grp_PE25_fu_277       |       -|  -3.62|        5|   50.000|         -|        5|     -|        no|        -|   -|    10 (~0%)|  124 (~0%)|    -|
    |   o K_LOOP               |       -|  -7.30|        3|   30.000|         2|        1|     3|       yes|        -|   -|           -|          -|    -|
    |  + grp_PE24_fu_285       |       -|  -3.62|        5|   50.000|         -|        5|     -|        no|        -|   -|    10 (~0%)|  124 (~0%)|    -|
    |   o K_LOOP               |       -|  -7.30|        3|   30.000|         2|        1|     3|       yes|        -|   -|           -|          -|    -|
    |  + grp_PE26_fu_293       |       -|  -3.62|        5|   50.000|         -|        5|     -|        no|        -|   -|    10 (~0%)|  124 (~0%)|    -|
    |   o K_LOOP               |       -|  -7.30|        3|   30.000|         2|        1|     3|       yes|        -|   -|           -|          -|    -|
    |  + grp_PE27_fu_301       |       -|  -3.62|        5|   50.000|         -|        5|     -|        no|        -|   -|    10 (~0%)|  124 (~0%)|    -|
    |   o K_LOOP               |       -|  -7.30|        3|   30.000|         2|        1|     3|       yes|        -|   -|           -|          -|    -|
    |  + grp_load_b16_fu_309   |       -|  -5.46|        5|   50.000|         -|        5|     -|        no|        -|   -|     9 (~0%)|   88 (~0%)|    -|
    |   o VITIS_LOOP_40_1      |       -|  -7.30|        3|   30.000|         2|        1|     3|       yes|        -|   -|           -|          -|    -|
    |  + grp_load_b17_fu_314   |       -|  -5.46|        5|   50.000|         -|        5|     -|        no|        -|   -|    10 (~0%)|   97 (~0%)|    -|
    |   o VITIS_LOOP_40_1      |       -|  -7.30|        3|   30.000|         2|        1|     3|       yes|        -|   -|           -|          -|    -|
    |  + grp_load_b18_fu_319   |       -|  -5.46|        5|   50.000|         -|        5|     -|        no|        -|   -|    10 (~0%)|   97 (~0%)|    -|
    |   o VITIS_LOOP_40_1      |       -|  -7.30|        3|   30.000|         2|        1|     3|       yes|        -|   -|           -|          -|    -|
    |  + grp_drain_a28_fu_324  |       -|  -5.46|        5|   50.000|         -|        5|     -|        no|        -|   -|     9 (~0%)|   88 (~0%)|    -|
    |   o VITIS_LOOP_49_1      |       -|  -7.30|        3|   30.000|         2|        1|     3|       yes|        -|   -|           -|          -|    -|
    |  + grp_drain_b31_fu_329  |       -|  -5.46|        5|   50.000|         -|        5|     -|        no|        -|   -|     9 (~0%)|   88 (~0%)|    -|
    |   o VITIS_LOOP_59_1      |       -|  -7.30|        3|   30.000|         2|        1|     3|       yes|        -|   -|           -|          -|    -|
    |  + grp_drain_a29_fu_334  |       -|  -5.46|        5|   50.000|         -|        5|     -|        no|        -|   -|     9 (~0%)|   88 (~0%)|    -|
    |   o VITIS_LOOP_49_1      |       -|  -7.30|        3|   30.000|         2|        1|     3|       yes|        -|   -|           -|          -|    -|
    |  + grp_drain_b32_fu_339  |       -|  -5.46|        5|   50.000|         -|        5|     -|        no|        -|   -|     9 (~0%)|   88 (~0%)|    -|
    |   o VITIS_LOOP_59_1      |       -|  -7.30|        3|   30.000|         2|        1|     3|       yes|        -|   -|           -|          -|    -|
    |  + grp_drain_a30_fu_344  |       -|  -5.46|        5|   50.000|         -|        5|     -|        no|        -|   -|     9 (~0%)|   88 (~0%)|    -|
    |   o VITIS_LOOP_49_1      |       -|  -7.30|        3|   30.000|         2|        1|     3|       yes|        -|   -|           -|          -|    -|
    |  + grp_drain_b33_fu_349  |       -|  -5.46|        5|   50.000|         -|        5|     -|        no|        -|   -|     9 (~0%)|   88 (~0%)|    -|
    |   o VITIS_LOOP_59_1      |       -|  -7.30|        3|   30.000|         2|        1|     3|       yes|        -|   -|           -|          -|    -|
    | o VITIS_LOOP_131_1       |       -|  -7.30|        3|   30.000|         1|        1|     3|       yes|        -|   -|           -|          -|    -|
    | o VITIS_LOOP_140_3       |       -|  -7.30|        3|   30.000|         1|        1|     3|       yes|        -|   -|           -|          -|    -|
    +--------------------------+--------+-------+---------+---------+----------+---------+------+----------+---------+----+------------+-----------+-----+

